[16-Oct-2023 13:09:53 UTC] PHP Warning:  PHP Startup: Unable to load dynamic library 'oci8_12c' (tried: ext\oci8_12c (The specified module could not be found), ext\php_oci8_12c.dll (The specified module could not be found)) in Unknown on line 0
[16-Oct-2023 13:09:53 UTC] PHP Warning:  PHP Startup: Unable to load dynamic library 'oci8_19' (tried: ext\oci8_19 (The specified module could not be found), ext\php_oci8_19.dll (The specified module could not be found)) in Unknown on line 0
[16-Oct-2023 13:09:53 UTC] PHP Warning:  PHP Startup: Unable to load dynamic library 'pdo_firebird' (tried: ext\pdo_firebird (The specified module could not be found), ext\php_pdo_firebird.dll (The specified module could not be found)) in Unknown on line 0
[16-Oct-2023 13:09:53 UTC] PHP Warning:  PHP Startup: Unable to load dynamic library 'pdo_oci' (tried: ext\pdo_oci (The specified module could not be found), ext\php_pdo_oci.dll (The specified module could not be found)) in Unknown on line 0
[16-Oct-2023 13:09:53 UTC] PHP Warning:  PHP Startup: Unable to load dynamic library 'php_pdo_sqlsrv_81_nts_x86.dll' (tried: ext\php_pdo_sqlsrv_81_nts_x86.dll (%1 is not a valid Win32 application), ext\php_php_pdo_sqlsrv_81_nts_x86.dll.dll (The specified module could not be found)) in Unknown on line 0
[16-Oct-2023 13:09:53 UTC] PHP Warning:  PHP Startup: Unable to load dynamic library 'php_sqlsrv_81_nts_x86.dll' (tried: ext\php_sqlsrv_81_nts_x86.dll (%1 is not a valid Win32 application), ext\php_php_sqlsrv_81_nts_x86.dll.dll (The specified module could not be found)) in Unknown on line 0
[16-Oct-2023 13:13:56 UTC] PHP Warning:  PHP Startup: Unable to load dynamic library 'oci8_12c' (tried: ext\oci8_12c (The specified module could not be found), ext\php_oci8_12c.dll (The specified module could not be found)) in Unknown on line 0
[16-Oct-2023 13:13:56 UTC] PHP Warning:  PHP Startup: Unable to load dynamic library 'oci8_19' (tried: ext\oci8_19 (The specified module could not be found), ext\php_oci8_19.dll (The specified module could not be found)) in Unknown on line 0
[16-Oct-2023 13:13:56 UTC] PHP Warning:  PHP Startup: Unable to load dynamic library 'pdo_firebird' (tried: ext\pdo_firebird (The specified module could not be found), ext\php_pdo_firebird.dll (The specified module could not be found)) in Unknown on line 0
[16-Oct-2023 13:13:56 UTC] PHP Warning:  PHP Startup: Unable to load dynamic library 'pdo_oci' (tried: ext\pdo_oci (The specified module could not be found), ext\php_pdo_oci.dll (The specified module could not be found)) in Unknown on line 0
[16-Oct-2023 13:13:56 UTC] PHP Warning:  PHP Startup: Unable to load dynamic library 'php_pdo_sqlsrv_81_nts_x86.dll' (tried: ext\php_pdo_sqlsrv_81_nts_x86.dll (%1 is not a valid Win32 application), ext\php_php_pdo_sqlsrv_81_nts_x86.dll.dll (The specified module could not be found)) in Unknown on line 0
[16-Oct-2023 13:13:56 UTC] PHP Warning:  PHP Startup: Unable to load dynamic library 'php_sqlsrv_81_nts_x86.dll' (tried: ext\php_sqlsrv_81_nts_x86.dll (%1 is not a valid Win32 application), ext\php_php_sqlsrv_81_nts_x86.dll.dll (The specified module could not be found)) in Unknown on line 0
[16-Oct-2023 13:14:17 UTC] PHP Warning:  PHP Startup: Unable to load dynamic library 'oci8_12c' (tried: ext\oci8_12c (The specified module could not be found), ext\php_oci8_12c.dll (The specified module could not be found)) in Unknown on line 0
[16-Oct-2023 13:14:17 UTC] PHP Warning:  PHP Startup: Unable to load dynamic library 'oci8_19' (tried: ext\oci8_19 (The specified module could not be found), ext\php_oci8_19.dll (The specified module could not be found)) in Unknown on line 0
[16-Oct-2023 13:14:17 UTC] PHP Warning:  PHP Startup: Unable to load dynamic library 'pdo_firebird' (tried: ext\pdo_firebird (The specified module could not be found), ext\php_pdo_firebird.dll (The specified module could not be found)) in Unknown on line 0
[16-Oct-2023 13:14:17 UTC] PHP Warning:  PHP Startup: Unable to load dynamic library 'pdo_oci' (tried: ext\pdo_oci (The specified module could not be found), ext\php_pdo_oci.dll (The specified module could not be found)) in Unknown on line 0
[16-Oct-2023 13:14:17 UTC] PHP Warning:  PHP Startup: Unable to load dynamic library 'php_pdo_sqlsrv_81_nts_x86.dll' (tried: ext\php_pdo_sqlsrv_81_nts_x86.dll (%1 is not a valid Win32 application), ext\php_php_pdo_sqlsrv_81_nts_x86.dll.dll (The specified module could not be found)) in Unknown on line 0
[16-Oct-2023 13:14:17 UTC] PHP Warning:  PHP Startup: Unable to load dynamic library 'php_sqlsrv_81_nts_x86.dll' (tried: ext\php_sqlsrv_81_nts_x86.dll (%1 is not a valid Win32 application), ext\php_php_sqlsrv_81_nts_x86.dll.dll (The specified module could not be found)) in Unknown on line 0
[16-Oct-2023 13:16:03 UTC] PHP Warning:  PHP Startup: Unable to load dynamic library 'oci8_12c' (tried: ext\oci8_12c (The specified module could not be found), ext\php_oci8_12c.dll (The specified module could not be found)) in Unknown on line 0
[16-Oct-2023 13:16:03 UTC] PHP Warning:  PHP Startup: Unable to load dynamic library 'oci8_19' (tried: ext\oci8_19 (The specified module could not be found), ext\php_oci8_19.dll (The specified module could not be found)) in Unknown on line 0
[16-Oct-2023 13:16:03 UTC] PHP Warning:  PHP Startup: Unable to load dynamic library 'pdo_firebird' (tried: ext\pdo_firebird (The specified module could not be found), ext\php_pdo_firebird.dll (The specified module could not be found)) in Unknown on line 0
[16-Oct-2023 13:16:03 UTC] PHP Warning:  PHP Startup: Unable to load dynamic library 'pdo_oci' (tried: ext\pdo_oci (The specified module could not be found), ext\php_pdo_oci.dll (The specified module could not be found)) in Unknown on line 0
[16-Oct-2023 13:16:03 UTC] PHP Warning:  PHP Startup: Unable to load dynamic library 'php_pdo_sqlsrv_81_nts_x86.dll' (tried: ext\php_pdo_sqlsrv_81_nts_x86.dll (%1 is not a valid Win32 application), ext\php_php_pdo_sqlsrv_81_nts_x86.dll.dll (The specified module could not be found)) in Unknown on line 0
[16-Oct-2023 13:16:03 UTC] PHP Warning:  PHP Startup: Unable to load dynamic library 'php_sqlsrv_81_nts_x86.dll' (tried: ext\php_sqlsrv_81_nts_x86.dll (%1 is not a valid Win32 application), ext\php_php_sqlsrv_81_nts_x86.dll.dll (The specified module could not be found)) in Unknown on line 0
[16-Oct-2023 13:23:52 UTC] PHP Warning:  PHP Startup: Unable to load dynamic library 'oci8_12c' (tried: ext\oci8_12c (The specified module could not be found), ext\php_oci8_12c.dll (The specified module could not be found)) in Unknown on line 0
[16-Oct-2023 13:23:52 UTC] PHP Warning:  PHP Startup: Unable to load dynamic library 'oci8_19' (tried: ext\oci8_19 (The specified module could not be found), ext\php_oci8_19.dll (The specified module could not be found)) in Unknown on line 0
[16-Oct-2023 13:23:52 UTC] PHP Warning:  PHP Startup: Unable to load dynamic library 'pdo_firebird' (tried: ext\pdo_firebird (The specified module could not be found), ext\php_pdo_firebird.dll (The specified module could not be found)) in Unknown on line 0
[16-Oct-2023 13:23:52 UTC] PHP Warning:  PHP Startup: Unable to load dynamic library 'pdo_oci' (tried: ext\pdo_oci (The specified module could not be found), ext\php_pdo_oci.dll (The specified module could not be found)) in Unknown on line 0
[16-Oct-2023 13:23:52 UTC] PHP Warning:  PHP Startup: Unable to load dynamic library 'php_pdo_sqlsrv_81_nts_x86.dll' (tried: ext\php_pdo_sqlsrv_81_nts_x86.dll (%1 is not a valid Win32 application), ext\php_php_pdo_sqlsrv_81_nts_x86.dll.dll (The specified module could not be found)) in Unknown on line 0
[16-Oct-2023 13:23:52 UTC] PHP Warning:  PHP Startup: Unable to load dynamic library 'php_sqlsrv_81_nts_x86.dll' (tried: ext\php_sqlsrv_81_nts_x86.dll (%1 is not a valid Win32 application), ext\php_php_sqlsrv_81_nts_x86.dll.dll (The specified module could not be found)) in Unknown on line 0
[16-Oct-2023 13:27:20 UTC] PHP Warning:  PHP Startup: Unable to load dynamic library 'oci8_12c' (tried: ext\oci8_12c (The specified module could not be found), ext\php_oci8_12c.dll (The specified module could not be found)) in Unknown on line 0
[16-Oct-2023 13:27:20 UTC] PHP Warning:  PHP Startup: Unable to load dynamic library 'oci8_19' (tried: ext\oci8_19 (The specified module could not be found), ext\php_oci8_19.dll (The specified module could not be found)) in Unknown on line 0
[16-Oct-2023 13:27:20 UTC] PHP Warning:  PHP Startup: Unable to load dynamic library 'pdo_firebird' (tried: ext\pdo_firebird (The specified module could not be found), ext\php_pdo_firebird.dll (The specified module could not be found)) in Unknown on line 0
[16-Oct-2023 13:27:20 UTC] PHP Warning:  PHP Startup: Unable to load dynamic library 'pdo_oci' (tried: ext\pdo_oci (The specified module could not be found), ext\php_pdo_oci.dll (The specified module could not be found)) in Unknown on line 0
[16-Oct-2023 13:27:20 UTC] PHP Warning:  PHP Startup: Unable to load dynamic library 'php_pdo_sqlsrv_81_nts_x86.dll' (tried: ext\php_pdo_sqlsrv_81_nts_x86.dll (%1 is not a valid Win32 application), ext\php_php_pdo_sqlsrv_81_nts_x86.dll.dll (The specified module could not be found)) in Unknown on line 0
[16-Oct-2023 13:27:20 UTC] PHP Warning:  PHP Startup: Unable to load dynamic library 'php_sqlsrv_81_nts_x86.dll' (tried: ext\php_sqlsrv_81_nts_x86.dll (%1 is not a valid Win32 application), ext\php_php_sqlsrv_81_nts_x86.dll.dll (The specified module could not be found)) in Unknown on line 0
[25-Oct-2023 13:12:10 UTC] PHP Warning:  PHP Startup: Unable to load dynamic library 'oci8_12c' (tried: ext\oci8_12c (The specified module could not be found), ext\php_oci8_12c.dll (The specified module could not be found)) in Unknown on line 0
[25-Oct-2023 13:12:10 UTC] PHP Warning:  PHP Startup: Unable to load dynamic library 'oci8_19' (tried: ext\oci8_19 (The specified module could not be found), ext\php_oci8_19.dll (The specified module could not be found)) in Unknown on line 0
[25-Oct-2023 13:12:10 UTC] PHP Warning:  PHP Startup: Unable to load dynamic library 'pdo_firebird' (tried: ext\pdo_firebird (The specified module could not be found), ext\php_pdo_firebird.dll (The specified module could not be found)) in Unknown on line 0
[25-Oct-2023 13:12:10 UTC] PHP Warning:  PHP Startup: Unable to load dynamic library 'pdo_oci' (tried: ext\pdo_oci (The specified module could not be found), ext\php_pdo_oci.dll (The specified module could not be found)) in Unknown on line 0
[25-Oct-2023 13:12:10 UTC] PHP Warning:  PHP Startup: Unable to load dynamic library 'php_pdo_sqlsrv_81_nts_x86.dll' (tried: ext\php_pdo_sqlsrv_81_nts_x86.dll (%1 is not a valid Win32 application), ext\php_php_pdo_sqlsrv_81_nts_x86.dll.dll (The specified module could not be found)) in Unknown on line 0
[25-Oct-2023 13:12:10 UTC] PHP Warning:  PHP Startup: Unable to load dynamic library 'php_sqlsrv_81_nts_x86.dll' (tried: ext\php_sqlsrv_81_nts_x86.dll (%1 is not a valid Win32 application), ext\php_php_sqlsrv_81_nts_x86.dll.dll (The specified module could not be found)) in Unknown on line 0
[25-Oct-2023 15:15:15 UTC] PHP Warning:  PHP Startup: Unable to load dynamic library 'oci8_12c' (tried: ext\oci8_12c (The specified module could not be found), ext\php_oci8_12c.dll (The specified module could not be found)) in Unknown on line 0
[25-Oct-2023 15:15:15 UTC] PHP Warning:  PHP Startup: Unable to load dynamic library 'oci8_19' (tried: ext\oci8_19 (The specified module could not be found), ext\php_oci8_19.dll (The specified module could not be found)) in Unknown on line 0
[25-Oct-2023 15:15:15 UTC] PHP Warning:  PHP Startup: Unable to load dynamic library 'pdo_firebird' (tried: ext\pdo_firebird (The specified module could not be found), ext\php_pdo_firebird.dll (The specified module could not be found)) in Unknown on line 0
[25-Oct-2023 15:15:15 UTC] PHP Warning:  PHP Startup: Unable to load dynamic library 'pdo_oci' (tried: ext\pdo_oci (The specified module could not be found), ext\php_pdo_oci.dll (The specified module could not be found)) in Unknown on line 0
[25-Oct-2023 15:15:16 UTC] PHP Warning:  PHP Startup: Unable to load dynamic library 'php_pdo_sqlsrv_81_nts_x86.dll' (tried: ext\php_pdo_sqlsrv_81_nts_x86.dll (%1 is not a valid Win32 application), ext\php_php_pdo_sqlsrv_81_nts_x86.dll.dll (The specified module could not be found)) in Unknown on line 0
[25-Oct-2023 15:15:16 UTC] PHP Warning:  PHP Startup: Unable to load dynamic library 'php_sqlsrv_81_nts_x86.dll' (tried: ext\php_sqlsrv_81_nts_x86.dll (%1 is not a valid Win32 application), ext\php_php_sqlsrv_81_nts_x86.dll.dll (The specified module could not be found)) in Unknown on line 0
[25-Oct-2023 15:16:40 UTC] PHP Warning:  PHP Startup: Unable to load dynamic library 'oci8_12c' (tried: ext\oci8_12c (The specified module could not be found), ext\php_oci8_12c.dll (The specified module could not be found)) in Unknown on line 0
[25-Oct-2023 15:16:41 UTC] PHP Warning:  PHP Startup: Unable to load dynamic library 'oci8_19' (tried: ext\oci8_19 (The specified module could not be found), ext\php_oci8_19.dll (The specified module could not be found)) in Unknown on line 0
[25-Oct-2023 15:16:41 UTC] PHP Warning:  PHP Startup: Unable to load dynamic library 'pdo_firebird' (tried: ext\pdo_firebird (The specified module could not be found), ext\php_pdo_firebird.dll (The specified module could not be found)) in Unknown on line 0
[25-Oct-2023 15:16:41 UTC] PHP Warning:  PHP Startup: Unable to load dynamic library 'pdo_oci' (tried: ext\pdo_oci (The specified module could not be found), ext\php_pdo_oci.dll (The specified module could not be found)) in Unknown on line 0
[25-Oct-2023 15:16:41 UTC] PHP Warning:  PHP Startup: Unable to load dynamic library 'php_pdo_sqlsrv_81_nts_x86.dll' (tried: ext\php_pdo_sqlsrv_81_nts_x86.dll (%1 is not a valid Win32 application), ext\php_php_pdo_sqlsrv_81_nts_x86.dll.dll (The specified module could not be found)) in Unknown on line 0
[25-Oct-2023 15:16:41 UTC] PHP Warning:  PHP Startup: Unable to load dynamic library 'php_sqlsrv_81_nts_x86.dll' (tried: ext\php_sqlsrv_81_nts_x86.dll (%1 is not a valid Win32 application), ext\php_php_sqlsrv_81_nts_x86.dll.dll (The specified module could not be found)) in Unknown on line 0
[25-Oct-2023 15:16:52 UTC] PHP Warning:  PHP Startup: Unable to load dynamic library 'oci8_12c' (tried: ext\oci8_12c (The specified module could not be found), ext\php_oci8_12c.dll (The specified module could not be found)) in Unknown on line 0
[25-Oct-2023 15:16:52 UTC] PHP Warning:  PHP Startup: Unable to load dynamic library 'oci8_19' (tried: ext\oci8_19 (The specified module could not be found), ext\php_oci8_19.dll (The specified module could not be found)) in Unknown on line 0
[25-Oct-2023 15:16:52 UTC] PHP Warning:  PHP Startup: Unable to load dynamic library 'pdo_firebird' (tried: ext\pdo_firebird (The specified module could not be found), ext\php_pdo_firebird.dll (The specified module could not be found)) in Unknown on line 0
[25-Oct-2023 15:16:52 UTC] PHP Warning:  PHP Startup: Unable to load dynamic library 'pdo_oci' (tried: ext\pdo_oci (The specified module could not be found), ext\php_pdo_oci.dll (The specified module could not be found)) in Unknown on line 0
[25-Oct-2023 15:16:52 UTC] PHP Warning:  PHP Startup: Unable to load dynamic library 'php_pdo_sqlsrv_81_nts_x86.dll' (tried: ext\php_pdo_sqlsrv_81_nts_x86.dll (%1 is not a valid Win32 application), ext\php_php_pdo_sqlsrv_81_nts_x86.dll.dll (The specified module could not be found)) in Unknown on line 0
[25-Oct-2023 15:16:52 UTC] PHP Warning:  PHP Startup: Unable to load dynamic library 'php_sqlsrv_81_nts_x86.dll' (tried: ext\php_sqlsrv_81_nts_x86.dll (%1 is not a valid Win32 application), ext\php_php_sqlsrv_81_nts_x86.dll.dll (The specified module could not be found)) in Unknown on line 0
[25-Oct-2023 15:17:01 UTC] PHP Warning:  PHP Startup: Unable to load dynamic library 'oci8_12c' (tried: ext\oci8_12c (The specified module could not be found), ext\php_oci8_12c.dll (The specified module could not be found)) in Unknown on line 0
[25-Oct-2023 15:17:01 UTC] PHP Warning:  PHP Startup: Unable to load dynamic library 'oci8_19' (tried: ext\oci8_19 (The specified module could not be found), ext\php_oci8_19.dll (The specified module could not be found)) in Unknown on line 0
[25-Oct-2023 15:17:01 UTC] PHP Warning:  PHP Startup: Unable to load dynamic library 'pdo_firebird' (tried: ext\pdo_firebird (The specified module could not be found), ext\php_pdo_firebird.dll (The specified module could not be found)) in Unknown on line 0
[25-Oct-2023 15:17:01 UTC] PHP Warning:  PHP Startup: Unable to load dynamic library 'pdo_oci' (tried: ext\pdo_oci (The specified module could not be found), ext\php_pdo_oci.dll (The specified module could not be found)) in Unknown on line 0
[25-Oct-2023 15:17:01 UTC] PHP Warning:  PHP Startup: Unable to load dynamic library 'php_pdo_sqlsrv_81_nts_x86.dll' (tried: ext\php_pdo_sqlsrv_81_nts_x86.dll (%1 is not a valid Win32 application), ext\php_php_pdo_sqlsrv_81_nts_x86.dll.dll (The specified module could not be found)) in Unknown on line 0
[25-Oct-2023 15:17:01 UTC] PHP Warning:  PHP Startup: Unable to load dynamic library 'php_sqlsrv_81_nts_x86.dll' (tried: ext\php_sqlsrv_81_nts_x86.dll (%1 is not a valid Win32 application), ext\php_php_sqlsrv_81_nts_x86.dll.dll (The specified module could not be found)) in Unknown on line 0
[25-Oct-2023 15:17:30 UTC] PHP Warning:  PHP Startup: Unable to load dynamic library 'oci8_12c' (tried: ext\oci8_12c (The specified module could not be found), ext\php_oci8_12c.dll (The specified module could not be found)) in Unknown on line 0
[25-Oct-2023 15:17:30 UTC] PHP Warning:  PHP Startup: Unable to load dynamic library 'oci8_19' (tried: ext\oci8_19 (The specified module could not be found), ext\php_oci8_19.dll (The specified module could not be found)) in Unknown on line 0
[25-Oct-2023 15:17:30 UTC] PHP Warning:  PHP Startup: Unable to load dynamic library 'pdo_firebird' (tried: ext\pdo_firebird (The specified module could not be found), ext\php_pdo_firebird.dll (The specified module could not be found)) in Unknown on line 0
[25-Oct-2023 15:17:30 UTC] PHP Warning:  PHP Startup: Unable to load dynamic library 'pdo_oci' (tried: ext\pdo_oci (The specified module could not be found), ext\php_pdo_oci.dll (The specified module could not be found)) in Unknown on line 0
[25-Oct-2023 15:17:30 UTC] PHP Warning:  PHP Startup: Unable to load dynamic library 'php_pdo_sqlsrv_81_nts_x86.dll' (tried: ext\php_pdo_sqlsrv_81_nts_x86.dll (%1 is not a valid Win32 application), ext\php_php_pdo_sqlsrv_81_nts_x86.dll.dll (The specified module could not be found)) in Unknown on line 0
[25-Oct-2023 15:17:30 UTC] PHP Warning:  PHP Startup: Unable to load dynamic library 'php_sqlsrv_81_nts_x86.dll' (tried: ext\php_sqlsrv_81_nts_x86.dll (%1 is not a valid Win32 application), ext\php_php_sqlsrv_81_nts_x86.dll.dll (The specified module could not be found)) in Unknown on line 0
[25-Oct-2023 15:18:02 UTC] PHP Warning:  PHP Startup: Unable to load dynamic library 'oci8_12c' (tried: ext\oci8_12c (The specified module could not be found), ext\php_oci8_12c.dll (The specified module could not be found)) in Unknown on line 0
[25-Oct-2023 15:18:02 UTC] PHP Warning:  PHP Startup: Unable to load dynamic library 'oci8_19' (tried: ext\oci8_19 (The specified module could not be found), ext\php_oci8_19.dll (The specified module could not be found)) in Unknown on line 0
[25-Oct-2023 15:18:02 UTC] PHP Warning:  PHP Startup: Unable to load dynamic library 'pdo_firebird' (tried: ext\pdo_firebird (The specified module could not be found), ext\php_pdo_firebird.dll (The specified module could not be found)) in Unknown on line 0
[25-Oct-2023 15:18:02 UTC] PHP Warning:  PHP Startup: Unable to load dynamic library 'pdo_oci' (tried: ext\pdo_oci (The specified module could not be found), ext\php_pdo_oci.dll (The specified module could not be found)) in Unknown on line 0
[25-Oct-2023 15:18:02 UTC] PHP Warning:  PHP Startup: Unable to load dynamic library 'php_pdo_sqlsrv_81_nts_x86.dll' (tried: ext\php_pdo_sqlsrv_81_nts_x86.dll (%1 is not a valid Win32 application), ext\php_php_pdo_sqlsrv_81_nts_x86.dll.dll (The specified module could not be found)) in Unknown on line 0
[25-Oct-2023 15:18:02 UTC] PHP Warning:  PHP Startup: Unable to load dynamic library 'php_sqlsrv_81_nts_x86.dll' (tried: ext\php_sqlsrv_81_nts_x86.dll (%1 is not a valid Win32 application), ext\php_php_sqlsrv_81_nts_x86.dll.dll (The specified module could not be found)) in Unknown on line 0
[26-Oct-2023 14:43:19 UTC] PHP Warning:  PHP Startup: Unable to load dynamic library 'oci8_12c' (tried: ext\oci8_12c (The specified module could not be found), ext\php_oci8_12c.dll (The specified module could not be found)) in Unknown on line 0
[26-Oct-2023 14:43:19 UTC] PHP Warning:  PHP Startup: Unable to load dynamic library 'oci8_19' (tried: ext\oci8_19 (The specified module could not be found), ext\php_oci8_19.dll (The specified module could not be found)) in Unknown on line 0
[26-Oct-2023 14:43:19 UTC] PHP Warning:  PHP Startup: Unable to load dynamic library 'pdo_firebird' (tried: ext\pdo_firebird (The specified module could not be found), ext\php_pdo_firebird.dll (The specified module could not be found)) in Unknown on line 0
[26-Oct-2023 14:43:19 UTC] PHP Warning:  PHP Startup: Unable to load dynamic library 'pdo_oci' (tried: ext\pdo_oci (The specified module could not be found), ext\php_pdo_oci.dll (The specified module could not be found)) in Unknown on line 0
[26-Oct-2023 14:43:19 UTC] PHP Warning:  PHP Startup: Unable to load dynamic library 'php_pdo_sqlsrv_81_nts_x86.dll' (tried: ext\php_pdo_sqlsrv_81_nts_x86.dll (%1 is not a valid Win32 application), ext\php_php_pdo_sqlsrv_81_nts_x86.dll.dll (The specified module could not be found)) in Unknown on line 0
[26-Oct-2023 14:43:19 UTC] PHP Warning:  PHP Startup: Unable to load dynamic library 'php_sqlsrv_81_nts_x86.dll' (tried: ext\php_sqlsrv_81_nts_x86.dll (%1 is not a valid Win32 application), ext\php_php_sqlsrv_81_nts_x86.dll.dll (The specified module could not be found)) in Unknown on line 0
[26-Oct-2023 14:43:37 UTC] PHP Warning:  PHP Startup: Unable to load dynamic library 'oci8_12c' (tried: ext\oci8_12c (The specified module could not be found), ext\php_oci8_12c.dll (The specified module could not be found)) in Unknown on line 0
[26-Oct-2023 14:43:37 UTC] PHP Warning:  PHP Startup: Unable to load dynamic library 'oci8_19' (tried: ext\oci8_19 (The specified module could not be found), ext\php_oci8_19.dll (The specified module could not be found)) in Unknown on line 0
[26-Oct-2023 14:43:37 UTC] PHP Warning:  PHP Startup: Unable to load dynamic library 'pdo_firebird' (tried: ext\pdo_firebird (The specified module could not be found), ext\php_pdo_firebird.dll (The specified module could not be found)) in Unknown on line 0
[26-Oct-2023 14:43:37 UTC] PHP Warning:  PHP Startup: Unable to load dynamic library 'pdo_oci' (tried: ext\pdo_oci (The specified module could not be found), ext\php_pdo_oci.dll (The specified module could not be found)) in Unknown on line 0
[26-Oct-2023 14:43:37 UTC] PHP Warning:  PHP Startup: Unable to load dynamic library 'php_pdo_sqlsrv_81_nts_x86.dll' (tried: ext\php_pdo_sqlsrv_81_nts_x86.dll (%1 is not a valid Win32 application), ext\php_php_pdo_sqlsrv_81_nts_x86.dll.dll (The specified module could not be found)) in Unknown on line 0
[26-Oct-2023 14:43:37 UTC] PHP Warning:  PHP Startup: Unable to load dynamic library 'php_sqlsrv_81_nts_x86.dll' (tried: ext\php_sqlsrv_81_nts_x86.dll (%1 is not a valid Win32 application), ext\php_php_sqlsrv_81_nts_x86.dll.dll (The specified module could not be found)) in Unknown on line 0
[26-Oct-2023 14:44:10 UTC] PHP Warning:  PHP Startup: Unable to load dynamic library 'oci8_12c' (tried: ext\oci8_12c (The specified module could not be found), ext\php_oci8_12c.dll (The specified module could not be found)) in Unknown on line 0
[26-Oct-2023 14:44:10 UTC] PHP Warning:  PHP Startup: Unable to load dynamic library 'oci8_19' (tried: ext\oci8_19 (The specified module could not be found), ext\php_oci8_19.dll (The specified module could not be found)) in Unknown on line 0
[26-Oct-2023 14:44:10 UTC] PHP Warning:  PHP Startup: Unable to load dynamic library 'pdo_firebird' (tried: ext\pdo_firebird (The specified module could not be found), ext\php_pdo_firebird.dll (The specified module could not be found)) in Unknown on line 0
[26-Oct-2023 14:44:10 UTC] PHP Warning:  PHP Startup: Unable to load dynamic library 'pdo_oci' (tried: ext\pdo_oci (The specified module could not be found), ext\php_pdo_oci.dll (The specified module could not be found)) in Unknown on line 0
[26-Oct-2023 14:44:10 UTC] PHP Warning:  PHP Startup: Unable to load dynamic library 'php_pdo_sqlsrv_81_nts_x86.dll' (tried: ext\php_pdo_sqlsrv_81_nts_x86.dll (%1 is not a valid Win32 application), ext\php_php_pdo_sqlsrv_81_nts_x86.dll.dll (The specified module could not be found)) in Unknown on line 0
[26-Oct-2023 14:44:10 UTC] PHP Warning:  PHP Startup: Unable to load dynamic library 'php_sqlsrv_81_nts_x86.dll' (tried: ext\php_sqlsrv_81_nts_x86.dll (%1 is not a valid Win32 application), ext\php_php_sqlsrv_81_nts_x86.dll.dll (The specified module could not be found)) in Unknown on line 0
[26-Oct-2023 14:44:29 UTC] PHP Warning:  PHP Startup: Unable to load dynamic library 'oci8_12c' (tried: ext\oci8_12c (The specified module could not be found), ext\php_oci8_12c.dll (The specified module could not be found)) in Unknown on line 0
[26-Oct-2023 14:44:29 UTC] PHP Warning:  PHP Startup: Unable to load dynamic library 'oci8_19' (tried: ext\oci8_19 (The specified module could not be found), ext\php_oci8_19.dll (The specified module could not be found)) in Unknown on line 0
[26-Oct-2023 14:44:29 UTC] PHP Warning:  PHP Startup: Unable to load dynamic library 'pdo_firebird' (tried: ext\pdo_firebird (The specified module could not be found), ext\php_pdo_firebird.dll (The specified module could not be found)) in Unknown on line 0
[26-Oct-2023 14:44:29 UTC] PHP Warning:  PHP Startup: Unable to load dynamic library 'pdo_oci' (tried: ext\pdo_oci (The specified module could not be found), ext\php_pdo_oci.dll (The specified module could not be found)) in Unknown on line 0
[26-Oct-2023 14:44:29 UTC] PHP Warning:  PHP Startup: Unable to load dynamic library 'php_pdo_sqlsrv_81_nts_x86.dll' (tried: ext\php_pdo_sqlsrv_81_nts_x86.dll (%1 is not a valid Win32 application), ext\php_php_pdo_sqlsrv_81_nts_x86.dll.dll (The specified module could not be found)) in Unknown on line 0
[26-Oct-2023 14:44:29 UTC] PHP Warning:  PHP Startup: Unable to load dynamic library 'php_sqlsrv_81_nts_x86.dll' (tried: ext\php_sqlsrv_81_nts_x86.dll (%1 is not a valid Win32 application), ext\php_php_sqlsrv_81_nts_x86.dll.dll (The specified module could not be found)) in Unknown on line 0
[26-Oct-2023 14:48:11 UTC] PHP Warning:  PHP Startup: Unable to load dynamic library 'oci8_12c' (tried: ext\oci8_12c (The specified module could not be found), ext\php_oci8_12c.dll (The specified module could not be found)) in Unknown on line 0
[26-Oct-2023 14:48:11 UTC] PHP Warning:  PHP Startup: Unable to load dynamic library 'oci8_19' (tried: ext\oci8_19 (The specified module could not be found), ext\php_oci8_19.dll (The specified module could not be found)) in Unknown on line 0
[26-Oct-2023 14:48:11 UTC] PHP Warning:  PHP Startup: Unable to load dynamic library 'pdo_firebird' (tried: ext\pdo_firebird (The specified module could not be found), ext\php_pdo_firebird.dll (The specified module could not be found)) in Unknown on line 0
[26-Oct-2023 14:48:11 UTC] PHP Warning:  PHP Startup: Unable to load dynamic library 'pdo_oci' (tried: ext\pdo_oci (The specified module could not be found), ext\php_pdo_oci.dll (The specified module could not be found)) in Unknown on line 0
[26-Oct-2023 14:48:11 UTC] PHP Warning:  PHP Startup: Unable to load dynamic library 'php_pdo_sqlsrv_81_nts_x86.dll' (tried: ext\php_pdo_sqlsrv_81_nts_x86.dll (%1 is not a valid Win32 application), ext\php_php_pdo_sqlsrv_81_nts_x86.dll.dll (The specified module could not be found)) in Unknown on line 0
[26-Oct-2023 14:48:11 UTC] PHP Warning:  PHP Startup: Unable to load dynamic library 'php_sqlsrv_81_nts_x86.dll' (tried: ext\php_sqlsrv_81_nts_x86.dll (%1 is not a valid Win32 application), ext\php_php_sqlsrv_81_nts_x86.dll.dll (The specified module could not be found)) in Unknown on line 0
[29-Oct-2023 10:57:40 UTC] PHP Warning:  PHP Startup: Unable to load dynamic library 'oci8_12c' (tried: ext\oci8_12c (The specified module could not be found), ext\php_oci8_12c.dll (The specified module could not be found)) in Unknown on line 0
[29-Oct-2023 10:57:40 UTC] PHP Warning:  PHP Startup: Unable to load dynamic library 'oci8_19' (tried: ext\oci8_19 (The specified module could not be found), ext\php_oci8_19.dll (The specified module could not be found)) in Unknown on line 0
[29-Oct-2023 10:57:40 UTC] PHP Warning:  PHP Startup: Unable to load dynamic library 'pdo_firebird' (tried: ext\pdo_firebird (The specified module could not be found), ext\php_pdo_firebird.dll (The specified module could not be found)) in Unknown on line 0
[29-Oct-2023 10:57:40 UTC] PHP Warning:  PHP Startup: Unable to load dynamic library 'pdo_oci' (tried: ext\pdo_oci (The specified module could not be found), ext\php_pdo_oci.dll (The specified module could not be found)) in Unknown on line 0
[29-Oct-2023 10:57:40 UTC] PHP Warning:  PHP Startup: Unable to load dynamic library 'php_pdo_sqlsrv_81_nts_x86.dll' (tried: ext\php_pdo_sqlsrv_81_nts_x86.dll (%1 is not a valid Win32 application), ext\php_php_pdo_sqlsrv_81_nts_x86.dll.dll (The specified module could not be found)) in Unknown on line 0
[29-Oct-2023 10:57:40 UTC] PHP Warning:  PHP Startup: Unable to load dynamic library 'php_sqlsrv_81_nts_x86.dll' (tried: ext\php_sqlsrv_81_nts_x86.dll (%1 is not a valid Win32 application), ext\php_php_sqlsrv_81_nts_x86.dll.dll (The specified module could not be found)) in Unknown on line 0
[29-Oct-2023 10:58:11 UTC] PHP Warning:  PHP Startup: Unable to load dynamic library 'oci8_12c' (tried: ext\oci8_12c (The specified module could not be found), ext\php_oci8_12c.dll (The specified module could not be found)) in Unknown on line 0
[29-Oct-2023 10:58:11 UTC] PHP Warning:  PHP Startup: Unable to load dynamic library 'oci8_19' (tried: ext\oci8_19 (The specified module could not be found), ext\php_oci8_19.dll (The specified module could not be found)) in Unknown on line 0
[29-Oct-2023 10:58:11 UTC] PHP Warning:  PHP Startup: Unable to load dynamic library 'pdo_firebird' (tried: ext\pdo_firebird (The specified module could not be found), ext\php_pdo_firebird.dll (The specified module could not be found)) in Unknown on line 0
[29-Oct-2023 10:58:11 UTC] PHP Warning:  PHP Startup: Unable to load dynamic library 'pdo_oci' (tried: ext\pdo_oci (The specified module could not be found), ext\php_pdo_oci.dll (The specified module could not be found)) in Unknown on line 0
[29-Oct-2023 10:58:11 UTC] PHP Warning:  PHP Startup: Unable to load dynamic library 'php_pdo_sqlsrv_81_nts_x86.dll' (tried: ext\php_pdo_sqlsrv_81_nts_x86.dll (%1 is not a valid Win32 application), ext\php_php_pdo_sqlsrv_81_nts_x86.dll.dll (The specified module could not be found)) in Unknown on line 0
[29-Oct-2023 10:58:11 UTC] PHP Warning:  PHP Startup: Unable to load dynamic library 'php_sqlsrv_81_nts_x86.dll' (tried: ext\php_sqlsrv_81_nts_x86.dll (%1 is not a valid Win32 application), ext\php_php_sqlsrv_81_nts_x86.dll.dll (The specified module could not be found)) in Unknown on line 0
[14-Nov-2023 09:10:52 UTC] PHP Warning:  PHP Startup: Unable to load dynamic library 'oci8_12c' (tried: ext\oci8_12c (The specified module could not be found), ext\php_oci8_12c.dll (The specified module could not be found)) in Unknown on line 0
[14-Nov-2023 09:10:52 UTC] PHP Warning:  PHP Startup: Unable to load dynamic library 'oci8_19' (tried: ext\oci8_19 (The specified module could not be found), ext\php_oci8_19.dll (The specified module could not be found)) in Unknown on line 0
[14-Nov-2023 09:10:52 UTC] PHP Warning:  PHP Startup: Unable to load dynamic library 'pdo_firebird' (tried: ext\pdo_firebird (The specified module could not be found), ext\php_pdo_firebird.dll (The specified module could not be found)) in Unknown on line 0
[14-Nov-2023 09:10:53 UTC] PHP Warning:  PHP Startup: Unable to load dynamic library 'pdo_oci' (tried: ext\pdo_oci (The specified module could not be found), ext\php_pdo_oci.dll (The specified module could not be found)) in Unknown on line 0
[14-Nov-2023 09:10:53 UTC] PHP Warning:  PHP Startup: Unable to load dynamic library 'php_pdo_sqlsrv_81_nts_x86.dll' (tried: ext\php_pdo_sqlsrv_81_nts_x86.dll (%1 is not a valid Win32 application), ext\php_php_pdo_sqlsrv_81_nts_x86.dll.dll (The specified module could not be found)) in Unknown on line 0
[14-Nov-2023 09:10:53 UTC] PHP Warning:  PHP Startup: Unable to load dynamic library 'php_sqlsrv_81_nts_x86.dll' (tried: ext\php_sqlsrv_81_nts_x86.dll (%1 is not a valid Win32 application), ext\php_php_sqlsrv_81_nts_x86.dll.dll (The specified module could not be found)) in Unknown on line 0
[14-Nov-2023 09:11:23 UTC] PHP Warning:  PHP Startup: Unable to load dynamic library 'oci8_12c' (tried: ext\oci8_12c (The specified module could not be found), ext\php_oci8_12c.dll (The specified module could not be found)) in Unknown on line 0
[14-Nov-2023 09:11:23 UTC] PHP Warning:  PHP Startup: Unable to load dynamic library 'oci8_19' (tried: ext\oci8_19 (The specified module could not be found), ext\php_oci8_19.dll (The specified module could not be found)) in Unknown on line 0
[14-Nov-2023 09:11:23 UTC] PHP Warning:  PHP Startup: Unable to load dynamic library 'pdo_firebird' (tried: ext\pdo_firebird (The specified module could not be found), ext\php_pdo_firebird.dll (The specified module could not be found)) in Unknown on line 0
[14-Nov-2023 09:11:24 UTC] PHP Warning:  PHP Startup: Unable to load dynamic library 'pdo_oci' (tried: ext\pdo_oci (The specified module could not be found), ext\php_pdo_oci.dll (The specified module could not be found)) in Unknown on line 0
[14-Nov-2023 09:11:24 UTC] PHP Warning:  PHP Startup: Unable to load dynamic library 'php_pdo_sqlsrv_81_nts_x86.dll' (tried: ext\php_pdo_sqlsrv_81_nts_x86.dll (%1 is not a valid Win32 application), ext\php_php_pdo_sqlsrv_81_nts_x86.dll.dll (The specified module could not be found)) in Unknown on line 0
[14-Nov-2023 09:11:24 UTC] PHP Warning:  PHP Startup: Unable to load dynamic library 'php_sqlsrv_81_nts_x86.dll' (tried: ext\php_sqlsrv_81_nts_x86.dll (%1 is not a valid Win32 application), ext\php_php_sqlsrv_81_nts_x86.dll.dll (The specified module could not be found)) in Unknown on line 0
[19-Nov-2023 08:51:07 UTC] PHP Warning:  PHP Startup: Unable to load dynamic library 'oci8_12c' (tried: ext\oci8_12c (The specified module could not be found), ext\php_oci8_12c.dll (The specified module could not be found)) in Unknown on line 0
[19-Nov-2023 08:51:07 UTC] PHP Warning:  PHP Startup: Unable to load dynamic library 'oci8_19' (tried: ext\oci8_19 (The specified module could not be found), ext\php_oci8_19.dll (The specified module could not be found)) in Unknown on line 0
[19-Nov-2023 08:51:07 UTC] PHP Warning:  PHP Startup: Unable to load dynamic library 'pdo_firebird' (tried: ext\pdo_firebird (The specified module could not be found), ext\php_pdo_firebird.dll (The specified module could not be found)) in Unknown on line 0
[19-Nov-2023 08:51:07 UTC] PHP Warning:  PHP Startup: Unable to load dynamic library 'pdo_oci' (tried: ext\pdo_oci (The specified module could not be found), ext\php_pdo_oci.dll (The specified module could not be found)) in Unknown on line 0
[19-Nov-2023 08:51:07 UTC] PHP Warning:  PHP Startup: Unable to load dynamic library 'php_pdo_sqlsrv_81_nts_x86.dll' (tried: ext\php_pdo_sqlsrv_81_nts_x86.dll (%1 is not a valid Win32 application), ext\php_php_pdo_sqlsrv_81_nts_x86.dll.dll (The specified module could not be found)) in Unknown on line 0
[19-Nov-2023 08:51:07 UTC] PHP Warning:  PHP Startup: Unable to load dynamic library 'php_sqlsrv_81_nts_x86.dll' (tried: ext\php_sqlsrv_81_nts_x86.dll (%1 is not a valid Win32 application), ext\php_php_sqlsrv_81_nts_x86.dll.dll (The specified module could not be found)) in Unknown on line 0
[19-Nov-2023 08:51:40 UTC] PHP Warning:  PHP Startup: Unable to load dynamic library 'oci8_12c' (tried: ext\oci8_12c (The specified module could not be found), ext\php_oci8_12c.dll (The specified module could not be found)) in Unknown on line 0
[19-Nov-2023 08:51:40 UTC] PHP Warning:  PHP Startup: Unable to load dynamic library 'oci8_19' (tried: ext\oci8_19 (The specified module could not be found), ext\php_oci8_19.dll (The specified module could not be found)) in Unknown on line 0
[19-Nov-2023 08:51:40 UTC] PHP Warning:  PHP Startup: Unable to load dynamic library 'pdo_firebird' (tried: ext\pdo_firebird (The specified module could not be found), ext\php_pdo_firebird.dll (The specified module could not be found)) in Unknown on line 0
[19-Nov-2023 08:51:40 UTC] PHP Warning:  PHP Startup: Unable to load dynamic library 'pdo_oci' (tried: ext\pdo_oci (The specified module could not be found), ext\php_pdo_oci.dll (The specified module could not be found)) in Unknown on line 0
[19-Nov-2023 08:51:40 UTC] PHP Warning:  PHP Startup: Unable to load dynamic library 'php_pdo_sqlsrv_81_nts_x86.dll' (tried: ext\php_pdo_sqlsrv_81_nts_x86.dll (%1 is not a valid Win32 application), ext\php_php_pdo_sqlsrv_81_nts_x86.dll.dll (The specified module could not be found)) in Unknown on line 0
[19-Nov-2023 08:51:40 UTC] PHP Warning:  PHP Startup: Unable to load dynamic library 'php_sqlsrv_81_nts_x86.dll' (tried: ext\php_sqlsrv_81_nts_x86.dll (%1 is not a valid Win32 application), ext\php_php_sqlsrv_81_nts_x86.dll.dll (The specified module could not be found)) in Unknown on line 0
[19-Nov-2023 08:52:01 UTC] PHP Warning:  PHP Startup: Unable to load dynamic library 'oci8_12c' (tried: ext\oci8_12c (The specified module could not be found), ext\php_oci8_12c.dll (The specified module could not be found)) in Unknown on line 0
[19-Nov-2023 08:52:01 UTC] PHP Warning:  PHP Startup: Unable to load dynamic library 'oci8_19' (tried: ext\oci8_19 (The specified module could not be found), ext\php_oci8_19.dll (The specified module could not be found)) in Unknown on line 0
[19-Nov-2023 08:52:01 UTC] PHP Warning:  PHP Startup: Unable to load dynamic library 'pdo_firebird' (tried: ext\pdo_firebird (The specified module could not be found), ext\php_pdo_firebird.dll (The specified module could not be found)) in Unknown on line 0
[19-Nov-2023 08:52:01 UTC] PHP Warning:  PHP Startup: Unable to load dynamic library 'pdo_oci' (tried: ext\pdo_oci (The specified module could not be found), ext\php_pdo_oci.dll (The specified module could not be found)) in Unknown on line 0
[19-Nov-2023 08:52:01 UTC] PHP Warning:  PHP Startup: Unable to load dynamic library 'php_pdo_sqlsrv_81_nts_x86.dll' (tried: ext\php_pdo_sqlsrv_81_nts_x86.dll (%1 is not a valid Win32 application), ext\php_php_pdo_sqlsrv_81_nts_x86.dll.dll (The specified module could not be found)) in Unknown on line 0
[19-Nov-2023 08:52:01 UTC] PHP Warning:  PHP Startup: Unable to load dynamic library 'php_sqlsrv_81_nts_x86.dll' (tried: ext\php_sqlsrv_81_nts_x86.dll (%1 is not a valid Win32 application), ext\php_php_sqlsrv_81_nts_x86.dll.dll (The specified module could not be found)) in Unknown on line 0
[19-Nov-2023 09:10:36 UTC] PHP Warning:  PHP Startup: Unable to load dynamic library 'oci8_12c' (tried: ext\oci8_12c (The specified module could not be found), ext\php_oci8_12c.dll (The specified module could not be found)) in Unknown on line 0
[19-Nov-2023 09:10:36 UTC] PHP Warning:  PHP Startup: Unable to load dynamic library 'oci8_19' (tried: ext\oci8_19 (The specified module could not be found), ext\php_oci8_19.dll (The specified module could not be found)) in Unknown on line 0
[19-Nov-2023 09:10:36 UTC] PHP Warning:  PHP Startup: Unable to load dynamic library 'pdo_firebird' (tried: ext\pdo_firebird (The specified module could not be found), ext\php_pdo_firebird.dll (The specified module could not be found)) in Unknown on line 0
[19-Nov-2023 09:10:36 UTC] PHP Warning:  PHP Startup: Unable to load dynamic library 'pdo_oci' (tried: ext\pdo_oci (The specified module could not be found), ext\php_pdo_oci.dll (The specified module could not be found)) in Unknown on line 0
[19-Nov-2023 09:10:36 UTC] PHP Warning:  PHP Startup: Unable to load dynamic library 'php_pdo_sqlsrv_81_nts_x86.dll' (tried: ext\php_pdo_sqlsrv_81_nts_x86.dll (%1 is not a valid Win32 application), ext\php_php_pdo_sqlsrv_81_nts_x86.dll.dll (The specified module could not be found)) in Unknown on line 0
[19-Nov-2023 09:10:36 UTC] PHP Warning:  PHP Startup: Unable to load dynamic library 'php_sqlsrv_81_nts_x86.dll' (tried: ext\php_sqlsrv_81_nts_x86.dll (%1 is not a valid Win32 application), ext\php_php_sqlsrv_81_nts_x86.dll.dll (The specified module could not be found)) in Unknown on line 0
[21-Nov-2023 08:44:54 UTC] PHP Warning:  PHP Startup: Unable to load dynamic library 'oci8_12c' (tried: ext\oci8_12c (The specified module could not be found), ext\php_oci8_12c.dll (The specified module could not be found)) in Unknown on line 0
[21-Nov-2023 08:44:54 UTC] PHP Warning:  PHP Startup: Unable to load dynamic library 'oci8_19' (tried: ext\oci8_19 (The specified module could not be found), ext\php_oci8_19.dll (The specified module could not be found)) in Unknown on line 0
[21-Nov-2023 08:44:54 UTC] PHP Warning:  PHP Startup: Unable to load dynamic library 'pdo_firebird' (tried: ext\pdo_firebird (The specified module could not be found), ext\php_pdo_firebird.dll (The specified module could not be found)) in Unknown on line 0
[21-Nov-2023 08:44:54 UTC] PHP Warning:  PHP Startup: Unable to load dynamic library 'pdo_oci' (tried: ext\pdo_oci (The specified module could not be found), ext\php_pdo_oci.dll (The specified module could not be found)) in Unknown on line 0
[21-Nov-2023 08:44:54 UTC] PHP Warning:  PHP Startup: Unable to load dynamic library 'php_pdo_sqlsrv_81_nts_x86.dll' (tried: ext\php_pdo_sqlsrv_81_nts_x86.dll (%1 is not a valid Win32 application), ext\php_php_pdo_sqlsrv_81_nts_x86.dll.dll (The specified module could not be found)) in Unknown on line 0
[21-Nov-2023 08:44:54 UTC] PHP Warning:  PHP Startup: Unable to load dynamic library 'php_sqlsrv_81_nts_x86.dll' (tried: ext\php_sqlsrv_81_nts_x86.dll (%1 is not a valid Win32 application), ext\php_php_sqlsrv_81_nts_x86.dll.dll (The specified module could not be found)) in Unknown on line 0
[22-Nov-2023 05:51:50 UTC] PHP Warning:  PHP Startup: Unable to load dynamic library 'oci8_12c' (tried: ext\oci8_12c (The specified module could not be found), ext\php_oci8_12c.dll (The specified module could not be found)) in Unknown on line 0
[22-Nov-2023 05:51:50 UTC] PHP Warning:  PHP Startup: Unable to load dynamic library 'oci8_19' (tried: ext\oci8_19 (The specified module could not be found), ext\php_oci8_19.dll (The specified module could not be found)) in Unknown on line 0
[22-Nov-2023 05:51:50 UTC] PHP Warning:  PHP Startup: Unable to load dynamic library 'pdo_firebird' (tried: ext\pdo_firebird (The specified module could not be found), ext\php_pdo_firebird.dll (The specified module could not be found)) in Unknown on line 0
[22-Nov-2023 05:51:50 UTC] PHP Warning:  PHP Startup: Unable to load dynamic library 'pdo_oci' (tried: ext\pdo_oci (The specified module could not be found), ext\php_pdo_oci.dll (The specified module could not be found)) in Unknown on line 0
[22-Nov-2023 05:51:50 UTC] PHP Warning:  PHP Startup: Unable to load dynamic library 'php_pdo_sqlsrv_81_nts_x86.dll' (tried: ext\php_pdo_sqlsrv_81_nts_x86.dll (%1 is not a valid Win32 application), ext\php_php_pdo_sqlsrv_81_nts_x86.dll.dll (The specified module could not be found)) in Unknown on line 0
[22-Nov-2023 05:51:50 UTC] PHP Warning:  PHP Startup: Unable to load dynamic library 'php_sqlsrv_81_nts_x86.dll' (tried: ext\php_sqlsrv_81_nts_x86.dll (%1 is not a valid Win32 application), ext\php_php_sqlsrv_81_nts_x86.dll.dll (The specified module could not be found)) in Unknown on line 0
[23-Nov-2023 02:33:28 UTC] PHP Warning:  PHP Startup: Unable to load dynamic library 'oci8_12c' (tried: ext\oci8_12c (The specified module could not be found), ext\php_oci8_12c.dll (The specified module could not be found)) in Unknown on line 0
[23-Nov-2023 02:33:28 UTC] PHP Warning:  PHP Startup: Unable to load dynamic library 'oci8_19' (tried: ext\oci8_19 (The specified module could not be found), ext\php_oci8_19.dll (The specified module could not be found)) in Unknown on line 0
[23-Nov-2023 02:33:28 UTC] PHP Warning:  PHP Startup: Unable to load dynamic library 'pdo_firebird' (tried: ext\pdo_firebird (The specified module could not be found), ext\php_pdo_firebird.dll (The specified module could not be found)) in Unknown on line 0
[23-Nov-2023 02:33:28 UTC] PHP Warning:  PHP Startup: Unable to load dynamic library 'pdo_oci' (tried: ext\pdo_oci (The specified module could not be found), ext\php_pdo_oci.dll (The specified module could not be found)) in Unknown on line 0
[23-Nov-2023 02:33:28 UTC] PHP Warning:  PHP Startup: Unable to load dynamic library 'php_pdo_sqlsrv_81_nts_x86.dll' (tried: ext\php_pdo_sqlsrv_81_nts_x86.dll (%1 is not a valid Win32 application), ext\php_php_pdo_sqlsrv_81_nts_x86.dll.dll (The specified module could not be found)) in Unknown on line 0
[23-Nov-2023 02:33:28 UTC] PHP Warning:  PHP Startup: Unable to load dynamic library 'php_sqlsrv_81_nts_x86.dll' (tried: ext\php_sqlsrv_81_nts_x86.dll (%1 is not a valid Win32 application), ext\php_php_sqlsrv_81_nts_x86.dll.dll (The specified module could not be found)) in Unknown on line 0
[23-Nov-2023 02:50:23 UTC] PHP Warning:  PHP Startup: Unable to load dynamic library 'oci8_12c' (tried: ext\oci8_12c (The specified module could not be found), ext\php_oci8_12c.dll (The specified module could not be found)) in Unknown on line 0
[23-Nov-2023 02:50:23 UTC] PHP Warning:  PHP Startup: Unable to load dynamic library 'oci8_19' (tried: ext\oci8_19 (The specified module could not be found), ext\php_oci8_19.dll (The specified module could not be found)) in Unknown on line 0
[23-Nov-2023 02:50:23 UTC] PHP Warning:  PHP Startup: Unable to load dynamic library 'pdo_firebird' (tried: ext\pdo_firebird (The specified module could not be found), ext\php_pdo_firebird.dll (The specified module could not be found)) in Unknown on line 0
[23-Nov-2023 02:50:23 UTC] PHP Warning:  PHP Startup: Unable to load dynamic library 'pdo_oci' (tried: ext\pdo_oci (The specified module could not be found), ext\php_pdo_oci.dll (The specified module could not be found)) in Unknown on line 0
[23-Nov-2023 02:50:23 UTC] PHP Warning:  PHP Startup: Unable to load dynamic library 'php_pdo_sqlsrv_81_nts_x86.dll' (tried: ext\php_pdo_sqlsrv_81_nts_x86.dll (%1 is not a valid Win32 application), ext\php_php_pdo_sqlsrv_81_nts_x86.dll.dll (The specified module could not be found)) in Unknown on line 0
[23-Nov-2023 02:50:23 UTC] PHP Warning:  PHP Startup: Unable to load dynamic library 'php_sqlsrv_81_nts_x86.dll' (tried: ext\php_sqlsrv_81_nts_x86.dll (%1 is not a valid Win32 application), ext\php_php_sqlsrv_81_nts_x86.dll.dll (The specified module could not be found)) in Unknown on line 0
[23-Nov-2023 02:50:57 UTC] PHP Warning:  PHP Startup: Unable to load dynamic library 'oci8_12c' (tried: ext\oci8_12c (The specified module could not be found), ext\php_oci8_12c.dll (The specified module could not be found)) in Unknown on line 0
[23-Nov-2023 02:50:57 UTC] PHP Warning:  PHP Startup: Unable to load dynamic library 'oci8_19' (tried: ext\oci8_19 (The specified module could not be found), ext\php_oci8_19.dll (The specified module could not be found)) in Unknown on line 0
[23-Nov-2023 02:50:57 UTC] PHP Warning:  PHP Startup: Unable to load dynamic library 'pdo_firebird' (tried: ext\pdo_firebird (The specified module could not be found), ext\php_pdo_firebird.dll (The specified module could not be found)) in Unknown on line 0
[23-Nov-2023 02:50:57 UTC] PHP Warning:  PHP Startup: Unable to load dynamic library 'pdo_oci' (tried: ext\pdo_oci (The specified module could not be found), ext\php_pdo_oci.dll (The specified module could not be found)) in Unknown on line 0
[23-Nov-2023 02:50:57 UTC] PHP Warning:  PHP Startup: Unable to load dynamic library 'php_pdo_sqlsrv_81_nts_x86.dll' (tried: ext\php_pdo_sqlsrv_81_nts_x86.dll (%1 is not a valid Win32 application), ext\php_php_pdo_sqlsrv_81_nts_x86.dll.dll (The specified module could not be found)) in Unknown on line 0
[23-Nov-2023 02:50:57 UTC] PHP Warning:  PHP Startup: Unable to load dynamic library 'php_sqlsrv_81_nts_x86.dll' (tried: ext\php_sqlsrv_81_nts_x86.dll (%1 is not a valid Win32 application), ext\php_php_sqlsrv_81_nts_x86.dll.dll (The specified module could not be found)) in Unknown on line 0
[26-Nov-2023 14:51:10 UTC] PHP Warning:  PHP Startup: Unable to load dynamic library 'oci8_12c' (tried: ext\oci8_12c (The specified module could not be found), ext\php_oci8_12c.dll (The specified module could not be found)) in Unknown on line 0
[26-Nov-2023 14:51:10 UTC] PHP Warning:  PHP Startup: Unable to load dynamic library 'oci8_19' (tried: ext\oci8_19 (The specified module could not be found), ext\php_oci8_19.dll (The specified module could not be found)) in Unknown on line 0
[26-Nov-2023 14:51:10 UTC] PHP Warning:  PHP Startup: Unable to load dynamic library 'pdo_firebird' (tried: ext\pdo_firebird (The specified module could not be found), ext\php_pdo_firebird.dll (The specified module could not be found)) in Unknown on line 0
[26-Nov-2023 14:51:10 UTC] PHP Warning:  PHP Startup: Unable to load dynamic library 'pdo_oci' (tried: ext\pdo_oci (The specified module could not be found), ext\php_pdo_oci.dll (The specified module could not be found)) in Unknown on line 0
[26-Nov-2023 14:51:10 UTC] PHP Warning:  PHP Startup: Unable to load dynamic library 'php_pdo_sqlsrv_81_nts_x86.dll' (tried: ext\php_pdo_sqlsrv_81_nts_x86.dll (%1 is not a valid Win32 application), ext\php_php_pdo_sqlsrv_81_nts_x86.dll.dll (The specified module could not be found)) in Unknown on line 0
[26-Nov-2023 14:51:11 UTC] PHP Warning:  PHP Startup: Unable to load dynamic library 'php_sqlsrv_81_nts_x86.dll' (tried: ext\php_sqlsrv_81_nts_x86.dll (%1 is not a valid Win32 application), ext\php_php_sqlsrv_81_nts_x86.dll.dll (The specified module could not be found)) in Unknown on line 0
