WARNING - 2023-11-14 08:47:43 --> [DEPRECATED] Creation of dynamic property App\Controllers\Transaction::$playstation is deprecated in APPPATH\Controllers\Transaction.php on line 17.
 1 SYSTEMPATH\CodeIgniter.php(891): App\Controllers\Transaction->__construct()
 2 SYSTEMPATH\CodeIgniter.php(485): CodeIgniter\CodeIgniter->createController()
 3 SYSTEMPATH\CodeIgniter.php(353): CodeIgniter\CodeIgniter->handleRequest(null, Object(Config\Cache), false)
 4 FCPATH\index.php(79): CodeIgniter\CodeIgniter->run()
WARNING - 2023-11-14 08:47:43 --> [DEPRECATED] Creation of dynamic property App\Controllers\Transaction::$transaction is deprecated in APPPATH\Controllers\Transaction.php on line 18.
 1 SYSTEMPATH\CodeIgniter.php(891): App\Controllers\Transaction->__construct()
 2 SYSTEMPATH\CodeIgniter.php(485): CodeIgniter\CodeIgniter->createController()
 3 SYSTEMPATH\CodeIgniter.php(353): CodeIgniter\CodeIgniter->handleRequest(null, Object(Config\Cache), false)
 4 FCPATH\index.php(79): CodeIgniter\CodeIgniter->run()
INFO - 2023-11-14 08:47:44 --> Session: Class initialized using 'CodeIgniter\Session\Handlers\FileHandler' driver.
WARNING - 2023-11-14 08:50:37 --> [DEPRECATED] Creation of dynamic property App\Controllers\Transaction::$playstation is deprecated in APPPATH\Controllers\Transaction.php on line 17.
 1 SYSTEMPATH\CodeIgniter.php(891): App\Controllers\Transaction->__construct()
 2 SYSTEMPATH\CodeIgniter.php(485): CodeIgniter\CodeIgniter->createController()
 3 SYSTEMPATH\CodeIgniter.php(353): CodeIgniter\CodeIgniter->handleRequest(null, Object(Config\Cache), false)
 4 FCPATH\index.php(79): CodeIgniter\CodeIgniter->run()
WARNING - 2023-11-14 08:50:37 --> [DEPRECATED] Creation of dynamic property App\Controllers\Transaction::$transaction is deprecated in APPPATH\Controllers\Transaction.php on line 18.
 1 SYSTEMPATH\CodeIgniter.php(891): App\Controllers\Transaction->__construct()
 2 SYSTEMPATH\CodeIgniter.php(485): CodeIgniter\CodeIgniter->createController()
 3 SYSTEMPATH\CodeIgniter.php(353): CodeIgniter\CodeIgniter->handleRequest(null, Object(Config\Cache), false)
 4 FCPATH\index.php(79): CodeIgniter\CodeIgniter->run()
INFO - 2023-11-14 08:50:37 --> Session: Class initialized using 'CodeIgniter\Session\Handlers\FileHandler' driver.
WARNING - 2023-11-14 08:50:40 --> [DEPRECATED] Creation of dynamic property App\Controllers\Transaction::$playstation is deprecated in APPPATH\Controllers\Transaction.php on line 17.
 1 SYSTEMPATH\CodeIgniter.php(891): App\Controllers\Transaction->__construct()
 2 SYSTEMPATH\CodeIgniter.php(485): CodeIgniter\CodeIgniter->createController()
 3 SYSTEMPATH\CodeIgniter.php(353): CodeIgniter\CodeIgniter->handleRequest(null, Object(Config\Cache), false)
 4 FCPATH\index.php(79): CodeIgniter\CodeIgniter->run()
WARNING - 2023-11-14 08:50:40 --> [DEPRECATED] Creation of dynamic property App\Controllers\Transaction::$transaction is deprecated in APPPATH\Controllers\Transaction.php on line 18.
 1 SYSTEMPATH\CodeIgniter.php(891): App\Controllers\Transaction->__construct()
 2 SYSTEMPATH\CodeIgniter.php(485): CodeIgniter\CodeIgniter->createController()
 3 SYSTEMPATH\CodeIgniter.php(353): CodeIgniter\CodeIgniter->handleRequest(null, Object(Config\Cache), false)
 4 FCPATH\index.php(79): CodeIgniter\CodeIgniter->run()
INFO - 2023-11-14 08:50:40 --> Session: Class initialized using 'CodeIgniter\Session\Handlers\FileHandler' driver.
WARNING - 2023-11-14 08:50:41 --> [DEPRECATED] Creation of dynamic property App\Controllers\Transaction::$playstation is deprecated in APPPATH\Controllers\Transaction.php on line 17.
 1 SYSTEMPATH\CodeIgniter.php(891): App\Controllers\Transaction->__construct()
 2 SYSTEMPATH\CodeIgniter.php(485): CodeIgniter\CodeIgniter->createController()
 3 SYSTEMPATH\CodeIgniter.php(353): CodeIgniter\CodeIgniter->handleRequest(null, Object(Config\Cache), false)
 4 FCPATH\index.php(79): CodeIgniter\CodeIgniter->run()
WARNING - 2023-11-14 08:50:41 --> [DEPRECATED] Creation of dynamic property App\Controllers\Transaction::$transaction is deprecated in APPPATH\Controllers\Transaction.php on line 18.
 1 SYSTEMPATH\CodeIgniter.php(891): App\Controllers\Transaction->__construct()
 2 SYSTEMPATH\CodeIgniter.php(485): CodeIgniter\CodeIgniter->createController()
 3 SYSTEMPATH\CodeIgniter.php(353): CodeIgniter\CodeIgniter->handleRequest(null, Object(Config\Cache), false)
 4 FCPATH\index.php(79): CodeIgniter\CodeIgniter->run()
INFO - 2023-11-14 08:50:41 --> Session: Class initialized using 'CodeIgniter\Session\Handlers\FileHandler' driver.
WARNING - 2023-11-14 08:50:44 --> [DEPRECATED] Creation of dynamic property App\Controllers\Transaction::$playstation is deprecated in APPPATH\Controllers\Transaction.php on line 17.
 1 SYSTEMPATH\CodeIgniter.php(891): App\Controllers\Transaction->__construct()
 2 SYSTEMPATH\CodeIgniter.php(485): CodeIgniter\CodeIgniter->createController()
 3 SYSTEMPATH\CodeIgniter.php(353): CodeIgniter\CodeIgniter->handleRequest(null, Object(Config\Cache), false)
 4 FCPATH\index.php(79): CodeIgniter\CodeIgniter->run()
WARNING - 2023-11-14 08:50:44 --> [DEPRECATED] Creation of dynamic property App\Controllers\Transaction::$transaction is deprecated in APPPATH\Controllers\Transaction.php on line 18.
 1 SYSTEMPATH\CodeIgniter.php(891): App\Controllers\Transaction->__construct()
 2 SYSTEMPATH\CodeIgniter.php(485): CodeIgniter\CodeIgniter->createController()
 3 SYSTEMPATH\CodeIgniter.php(353): CodeIgniter\CodeIgniter->handleRequest(null, Object(Config\Cache), false)
 4 FCPATH\index.php(79): CodeIgniter\CodeIgniter->run()
INFO - 2023-11-14 08:50:44 --> Session: Class initialized using 'CodeIgniter\Session\Handlers\FileHandler' driver.
WARNING - 2023-11-14 08:50:46 --> [DEPRECATED] Creation of dynamic property App\Controllers\Transaction::$playstation is deprecated in APPPATH\Controllers\Transaction.php on line 17.
 1 SYSTEMPATH\CodeIgniter.php(891): App\Controllers\Transaction->__construct()
 2 SYSTEMPATH\CodeIgniter.php(485): CodeIgniter\CodeIgniter->createController()
 3 SYSTEMPATH\CodeIgniter.php(353): CodeIgniter\CodeIgniter->handleRequest(null, Object(Config\Cache), false)
 4 FCPATH\index.php(79): CodeIgniter\CodeIgniter->run()
WARNING - 2023-11-14 08:50:46 --> [DEPRECATED] Creation of dynamic property App\Controllers\Transaction::$transaction is deprecated in APPPATH\Controllers\Transaction.php on line 18.
 1 SYSTEMPATH\CodeIgniter.php(891): App\Controllers\Transaction->__construct()
 2 SYSTEMPATH\CodeIgniter.php(485): CodeIgniter\CodeIgniter->createController()
 3 SYSTEMPATH\CodeIgniter.php(353): CodeIgniter\CodeIgniter->handleRequest(null, Object(Config\Cache), false)
 4 FCPATH\index.php(79): CodeIgniter\CodeIgniter->run()
INFO - 2023-11-14 08:50:46 --> Session: Class initialized using 'CodeIgniter\Session\Handlers\FileHandler' driver.
WARNING - 2023-11-14 08:54:07 --> [DEPRECATED] Creation of dynamic property App\Controllers\Transaction::$playstation is deprecated in APPPATH\Controllers\Transaction.php on line 17.
 1 SYSTEMPATH\CodeIgniter.php(891): App\Controllers\Transaction->__construct()
 2 SYSTEMPATH\CodeIgniter.php(485): CodeIgniter\CodeIgniter->createController()
 3 SYSTEMPATH\CodeIgniter.php(353): CodeIgniter\CodeIgniter->handleRequest(null, Object(Config\Cache), false)
 4 FCPATH\index.php(79): CodeIgniter\CodeIgniter->run()
WARNING - 2023-11-14 08:54:07 --> [DEPRECATED] Creation of dynamic property App\Controllers\Transaction::$transaction is deprecated in APPPATH\Controllers\Transaction.php on line 18.
 1 SYSTEMPATH\CodeIgniter.php(891): App\Controllers\Transaction->__construct()
 2 SYSTEMPATH\CodeIgniter.php(485): CodeIgniter\CodeIgniter->createController()
 3 SYSTEMPATH\CodeIgniter.php(353): CodeIgniter\CodeIgniter->handleRequest(null, Object(Config\Cache), false)
 4 FCPATH\index.php(79): CodeIgniter\CodeIgniter->run()
INFO - 2023-11-14 08:54:07 --> Session: Class initialized using 'CodeIgniter\Session\Handlers\FileHandler' driver.
WARNING - 2023-11-14 08:54:07 --> [DEPRECATED] Creation of dynamic property App\Controllers\Transaction::$playstation is deprecated in APPPATH\Controllers\Transaction.php on line 17.
 1 SYSTEMPATH\CodeIgniter.php(891): App\Controllers\Transaction->__construct()
 2 SYSTEMPATH\CodeIgniter.php(485): CodeIgniter\CodeIgniter->createController()
 3 SYSTEMPATH\CodeIgniter.php(353): CodeIgniter\CodeIgniter->handleRequest(null, Object(Config\Cache), false)
 4 FCPATH\index.php(79): CodeIgniter\CodeIgniter->run()
WARNING - 2023-11-14 08:54:07 --> [DEPRECATED] Creation of dynamic property App\Controllers\Transaction::$transaction is deprecated in APPPATH\Controllers\Transaction.php on line 18.
 1 SYSTEMPATH\CodeIgniter.php(891): App\Controllers\Transaction->__construct()
 2 SYSTEMPATH\CodeIgniter.php(485): CodeIgniter\CodeIgniter->createController()
 3 SYSTEMPATH\CodeIgniter.php(353): CodeIgniter\CodeIgniter->handleRequest(null, Object(Config\Cache), false)
 4 FCPATH\index.php(79): CodeIgniter\CodeIgniter->run()
INFO - 2023-11-14 08:54:07 --> Session: Class initialized using 'CodeIgniter\Session\Handlers\FileHandler' driver.
WARNING - 2023-11-14 08:54:10 --> [DEPRECATED] Creation of dynamic property App\Controllers\Transaction::$playstation is deprecated in APPPATH\Controllers\Transaction.php on line 17.
 1 SYSTEMPATH\CodeIgniter.php(891): App\Controllers\Transaction->__construct()
 2 SYSTEMPATH\CodeIgniter.php(485): CodeIgniter\CodeIgniter->createController()
 3 SYSTEMPATH\CodeIgniter.php(353): CodeIgniter\CodeIgniter->handleRequest(null, Object(Config\Cache), false)
 4 FCPATH\index.php(79): CodeIgniter\CodeIgniter->run()
WARNING - 2023-11-14 08:54:10 --> [DEPRECATED] Creation of dynamic property App\Controllers\Transaction::$transaction is deprecated in APPPATH\Controllers\Transaction.php on line 18.
 1 SYSTEMPATH\CodeIgniter.php(891): App\Controllers\Transaction->__construct()
 2 SYSTEMPATH\CodeIgniter.php(485): CodeIgniter\CodeIgniter->createController()
 3 SYSTEMPATH\CodeIgniter.php(353): CodeIgniter\CodeIgniter->handleRequest(null, Object(Config\Cache), false)
 4 FCPATH\index.php(79): CodeIgniter\CodeIgniter->run()
INFO - 2023-11-14 08:54:10 --> Session: Class initialized using 'CodeIgniter\Session\Handlers\FileHandler' driver.
WARNING - 2023-11-14 08:54:12 --> [DEPRECATED] Creation of dynamic property App\Controllers\Transaction::$playstation is deprecated in APPPATH\Controllers\Transaction.php on line 17.
 1 SYSTEMPATH\CodeIgniter.php(891): App\Controllers\Transaction->__construct()
 2 SYSTEMPATH\CodeIgniter.php(485): CodeIgniter\CodeIgniter->createController()
 3 SYSTEMPATH\CodeIgniter.php(353): CodeIgniter\CodeIgniter->handleRequest(null, Object(Config\Cache), false)
 4 FCPATH\index.php(79): CodeIgniter\CodeIgniter->run()
WARNING - 2023-11-14 08:54:12 --> [DEPRECATED] Creation of dynamic property App\Controllers\Transaction::$transaction is deprecated in APPPATH\Controllers\Transaction.php on line 18.
 1 SYSTEMPATH\CodeIgniter.php(891): App\Controllers\Transaction->__construct()
 2 SYSTEMPATH\CodeIgniter.php(485): CodeIgniter\CodeIgniter->createController()
 3 SYSTEMPATH\CodeIgniter.php(353): CodeIgniter\CodeIgniter->handleRequest(null, Object(Config\Cache), false)
 4 FCPATH\index.php(79): CodeIgniter\CodeIgniter->run()
INFO - 2023-11-14 08:54:12 --> Session: Class initialized using 'CodeIgniter\Session\Handlers\FileHandler' driver.
WARNING - 2023-11-14 08:54:58 --> [DEPRECATED] Creation of dynamic property App\Controllers\Transaction::$playstation is deprecated in APPPATH\Controllers\Transaction.php on line 17.
 1 SYSTEMPATH\CodeIgniter.php(891): App\Controllers\Transaction->__construct()
 2 SYSTEMPATH\CodeIgniter.php(485): CodeIgniter\CodeIgniter->createController()
 3 SYSTEMPATH\CodeIgniter.php(353): CodeIgniter\CodeIgniter->handleRequest(null, Object(Config\Cache), false)
 4 FCPATH\index.php(79): CodeIgniter\CodeIgniter->run()
WARNING - 2023-11-14 08:54:58 --> [DEPRECATED] Creation of dynamic property App\Controllers\Transaction::$transaction is deprecated in APPPATH\Controllers\Transaction.php on line 18.
 1 SYSTEMPATH\CodeIgniter.php(891): App\Controllers\Transaction->__construct()
 2 SYSTEMPATH\CodeIgniter.php(485): CodeIgniter\CodeIgniter->createController()
 3 SYSTEMPATH\CodeIgniter.php(353): CodeIgniter\CodeIgniter->handleRequest(null, Object(Config\Cache), false)
 4 FCPATH\index.php(79): CodeIgniter\CodeIgniter->run()
INFO - 2023-11-14 08:54:58 --> Session: Class initialized using 'CodeIgniter\Session\Handlers\FileHandler' driver.
WARNING - 2023-11-14 08:55:35 --> [DEPRECATED] Creation of dynamic property App\Controllers\Transaction::$playstation is deprecated in APPPATH\Controllers\Transaction.php on line 17.
 1 SYSTEMPATH\CodeIgniter.php(891): App\Controllers\Transaction->__construct()
 2 SYSTEMPATH\CodeIgniter.php(485): CodeIgniter\CodeIgniter->createController()
 3 SYSTEMPATH\CodeIgniter.php(353): CodeIgniter\CodeIgniter->handleRequest(null, Object(Config\Cache), false)
 4 FCPATH\index.php(79): CodeIgniter\CodeIgniter->run()
WARNING - 2023-11-14 08:55:35 --> [DEPRECATED] Creation of dynamic property App\Controllers\Transaction::$transaction is deprecated in APPPATH\Controllers\Transaction.php on line 18.
 1 SYSTEMPATH\CodeIgniter.php(891): App\Controllers\Transaction->__construct()
 2 SYSTEMPATH\CodeIgniter.php(485): CodeIgniter\CodeIgniter->createController()
 3 SYSTEMPATH\CodeIgniter.php(353): CodeIgniter\CodeIgniter->handleRequest(null, Object(Config\Cache), false)
 4 FCPATH\index.php(79): CodeIgniter\CodeIgniter->run()
INFO - 2023-11-14 08:55:35 --> Session: Class initialized using 'CodeIgniter\Session\Handlers\FileHandler' driver.
WARNING - 2023-11-14 08:56:26 --> [DEPRECATED] Creation of dynamic property App\Controllers\Transaction::$playstation is deprecated in APPPATH\Controllers\Transaction.php on line 17.
 1 SYSTEMPATH\CodeIgniter.php(891): App\Controllers\Transaction->__construct()
 2 SYSTEMPATH\CodeIgniter.php(485): CodeIgniter\CodeIgniter->createController()
 3 SYSTEMPATH\CodeIgniter.php(353): CodeIgniter\CodeIgniter->handleRequest(null, Object(Config\Cache), false)
 4 FCPATH\index.php(79): CodeIgniter\CodeIgniter->run()
WARNING - 2023-11-14 08:56:26 --> [DEPRECATED] Creation of dynamic property App\Controllers\Transaction::$transaction is deprecated in APPPATH\Controllers\Transaction.php on line 18.
 1 SYSTEMPATH\CodeIgniter.php(891): App\Controllers\Transaction->__construct()
 2 SYSTEMPATH\CodeIgniter.php(485): CodeIgniter\CodeIgniter->createController()
 3 SYSTEMPATH\CodeIgniter.php(353): CodeIgniter\CodeIgniter->handleRequest(null, Object(Config\Cache), false)
 4 FCPATH\index.php(79): CodeIgniter\CodeIgniter->run()
INFO - 2023-11-14 08:56:26 --> Session: Class initialized using 'CodeIgniter\Session\Handlers\FileHandler' driver.
WARNING - 2023-11-14 08:56:33 --> [DEPRECATED] Creation of dynamic property App\Controllers\Transaction::$playstation is deprecated in APPPATH\Controllers\Transaction.php on line 17.
 1 SYSTEMPATH\CodeIgniter.php(891): App\Controllers\Transaction->__construct()
 2 SYSTEMPATH\CodeIgniter.php(485): CodeIgniter\CodeIgniter->createController()
 3 SYSTEMPATH\CodeIgniter.php(353): CodeIgniter\CodeIgniter->handleRequest(null, Object(Config\Cache), false)
 4 FCPATH\index.php(79): CodeIgniter\CodeIgniter->run()
WARNING - 2023-11-14 08:56:33 --> [DEPRECATED] Creation of dynamic property App\Controllers\Transaction::$transaction is deprecated in APPPATH\Controllers\Transaction.php on line 18.
 1 SYSTEMPATH\CodeIgniter.php(891): App\Controllers\Transaction->__construct()
 2 SYSTEMPATH\CodeIgniter.php(485): CodeIgniter\CodeIgniter->createController()
 3 SYSTEMPATH\CodeIgniter.php(353): CodeIgniter\CodeIgniter->handleRequest(null, Object(Config\Cache), false)
 4 FCPATH\index.php(79): CodeIgniter\CodeIgniter->run()
INFO - 2023-11-14 08:56:33 --> Session: Class initialized using 'CodeIgniter\Session\Handlers\FileHandler' driver.
WARNING - 2023-11-14 08:57:52 --> [DEPRECATED] Creation of dynamic property App\Controllers\Transaction::$playstation is deprecated in APPPATH\Controllers\Transaction.php on line 17.
 1 SYSTEMPATH\CodeIgniter.php(891): App\Controllers\Transaction->__construct()
 2 SYSTEMPATH\CodeIgniter.php(485): CodeIgniter\CodeIgniter->createController()
 3 SYSTEMPATH\CodeIgniter.php(353): CodeIgniter\CodeIgniter->handleRequest(null, Object(Config\Cache), false)
 4 FCPATH\index.php(79): CodeIgniter\CodeIgniter->run()
WARNING - 2023-11-14 08:57:52 --> [DEPRECATED] Creation of dynamic property App\Controllers\Transaction::$transaction is deprecated in APPPATH\Controllers\Transaction.php on line 18.
 1 SYSTEMPATH\CodeIgniter.php(891): App\Controllers\Transaction->__construct()
 2 SYSTEMPATH\CodeIgniter.php(485): CodeIgniter\CodeIgniter->createController()
 3 SYSTEMPATH\CodeIgniter.php(353): CodeIgniter\CodeIgniter->handleRequest(null, Object(Config\Cache), false)
 4 FCPATH\index.php(79): CodeIgniter\CodeIgniter->run()
INFO - 2023-11-14 08:57:52 --> Session: Class initialized using 'CodeIgniter\Session\Handlers\FileHandler' driver.
WARNING - 2023-11-14 08:58:19 --> [DEPRECATED] Creation of dynamic property App\Controllers\Transaction::$playstation is deprecated in APPPATH\Controllers\Transaction.php on line 17.
 1 SYSTEMPATH\CodeIgniter.php(891): App\Controllers\Transaction->__construct()
 2 SYSTEMPATH\CodeIgniter.php(485): CodeIgniter\CodeIgniter->createController()
 3 SYSTEMPATH\CodeIgniter.php(353): CodeIgniter\CodeIgniter->handleRequest(null, Object(Config\Cache), false)
 4 FCPATH\index.php(79): CodeIgniter\CodeIgniter->run()
WARNING - 2023-11-14 08:58:19 --> [DEPRECATED] Creation of dynamic property App\Controllers\Transaction::$transaction is deprecated in APPPATH\Controllers\Transaction.php on line 18.
 1 SYSTEMPATH\CodeIgniter.php(891): App\Controllers\Transaction->__construct()
 2 SYSTEMPATH\CodeIgniter.php(485): CodeIgniter\CodeIgniter->createController()
 3 SYSTEMPATH\CodeIgniter.php(353): CodeIgniter\CodeIgniter->handleRequest(null, Object(Config\Cache), false)
 4 FCPATH\index.php(79): CodeIgniter\CodeIgniter->run()
INFO - 2023-11-14 08:58:19 --> Session: Class initialized using 'CodeIgniter\Session\Handlers\FileHandler' driver.
WARNING - 2023-11-14 08:58:24 --> [DEPRECATED] Creation of dynamic property App\Controllers\Transaction::$playstation is deprecated in APPPATH\Controllers\Transaction.php on line 17.
 1 SYSTEMPATH\CodeIgniter.php(891): App\Controllers\Transaction->__construct()
 2 SYSTEMPATH\CodeIgniter.php(485): CodeIgniter\CodeIgniter->createController()
 3 SYSTEMPATH\CodeIgniter.php(353): CodeIgniter\CodeIgniter->handleRequest(null, Object(Config\Cache), false)
 4 FCPATH\index.php(79): CodeIgniter\CodeIgniter->run()
WARNING - 2023-11-14 08:58:24 --> [DEPRECATED] Creation of dynamic property App\Controllers\Transaction::$transaction is deprecated in APPPATH\Controllers\Transaction.php on line 18.
 1 SYSTEMPATH\CodeIgniter.php(891): App\Controllers\Transaction->__construct()
 2 SYSTEMPATH\CodeIgniter.php(485): CodeIgniter\CodeIgniter->createController()
 3 SYSTEMPATH\CodeIgniter.php(353): CodeIgniter\CodeIgniter->handleRequest(null, Object(Config\Cache), false)
 4 FCPATH\index.php(79): CodeIgniter\CodeIgniter->run()
INFO - 2023-11-14 08:58:24 --> Session: Class initialized using 'CodeIgniter\Session\Handlers\FileHandler' driver.
WARNING - 2023-11-14 08:58:49 --> [DEPRECATED] Creation of dynamic property App\Controllers\Transaction::$playstation is deprecated in APPPATH\Controllers\Transaction.php on line 17.
 1 SYSTEMPATH\CodeIgniter.php(891): App\Controllers\Transaction->__construct()
 2 SYSTEMPATH\CodeIgniter.php(485): CodeIgniter\CodeIgniter->createController()
 3 SYSTEMPATH\CodeIgniter.php(353): CodeIgniter\CodeIgniter->handleRequest(null, Object(Config\Cache), false)
 4 FCPATH\index.php(79): CodeIgniter\CodeIgniter->run()
WARNING - 2023-11-14 08:58:49 --> [DEPRECATED] Creation of dynamic property App\Controllers\Transaction::$transaction is deprecated in APPPATH\Controllers\Transaction.php on line 18.
 1 SYSTEMPATH\CodeIgniter.php(891): App\Controllers\Transaction->__construct()
 2 SYSTEMPATH\CodeIgniter.php(485): CodeIgniter\CodeIgniter->createController()
 3 SYSTEMPATH\CodeIgniter.php(353): CodeIgniter\CodeIgniter->handleRequest(null, Object(Config\Cache), false)
 4 FCPATH\index.php(79): CodeIgniter\CodeIgniter->run()
INFO - 2023-11-14 08:58:49 --> Session: Class initialized using 'CodeIgniter\Session\Handlers\FileHandler' driver.
WARNING - 2023-11-14 08:58:56 --> [DEPRECATED] Creation of dynamic property App\Controllers\Transaction::$playstation is deprecated in APPPATH\Controllers\Transaction.php on line 17.
 1 SYSTEMPATH\CodeIgniter.php(891): App\Controllers\Transaction->__construct()
 2 SYSTEMPATH\CodeIgniter.php(485): CodeIgniter\CodeIgniter->createController()
 3 SYSTEMPATH\CodeIgniter.php(353): CodeIgniter\CodeIgniter->handleRequest(null, Object(Config\Cache), false)
 4 FCPATH\index.php(79): CodeIgniter\CodeIgniter->run()
WARNING - 2023-11-14 08:58:56 --> [DEPRECATED] Creation of dynamic property App\Controllers\Transaction::$transaction is deprecated in APPPATH\Controllers\Transaction.php on line 18.
 1 SYSTEMPATH\CodeIgniter.php(891): App\Controllers\Transaction->__construct()
 2 SYSTEMPATH\CodeIgniter.php(485): CodeIgniter\CodeIgniter->createController()
 3 SYSTEMPATH\CodeIgniter.php(353): CodeIgniter\CodeIgniter->handleRequest(null, Object(Config\Cache), false)
 4 FCPATH\index.php(79): CodeIgniter\CodeIgniter->run()
INFO - 2023-11-14 08:58:56 --> Session: Class initialized using 'CodeIgniter\Session\Handlers\FileHandler' driver.
WARNING - 2023-11-14 08:59:48 --> [DEPRECATED] Creation of dynamic property App\Controllers\Transaction::$playstation is deprecated in APPPATH\Controllers\Transaction.php on line 17.
 1 SYSTEMPATH\CodeIgniter.php(891): App\Controllers\Transaction->__construct()
 2 SYSTEMPATH\CodeIgniter.php(485): CodeIgniter\CodeIgniter->createController()
 3 SYSTEMPATH\CodeIgniter.php(353): CodeIgniter\CodeIgniter->handleRequest(null, Object(Config\Cache), false)
 4 FCPATH\index.php(79): CodeIgniter\CodeIgniter->run()
WARNING - 2023-11-14 08:59:48 --> [DEPRECATED] Creation of dynamic property App\Controllers\Transaction::$transaction is deprecated in APPPATH\Controllers\Transaction.php on line 18.
 1 SYSTEMPATH\CodeIgniter.php(891): App\Controllers\Transaction->__construct()
 2 SYSTEMPATH\CodeIgniter.php(485): CodeIgniter\CodeIgniter->createController()
 3 SYSTEMPATH\CodeIgniter.php(353): CodeIgniter\CodeIgniter->handleRequest(null, Object(Config\Cache), false)
 4 FCPATH\index.php(79): CodeIgniter\CodeIgniter->run()
INFO - 2023-11-14 08:59:48 --> Session: Class initialized using 'CodeIgniter\Session\Handlers\FileHandler' driver.
WARNING - 2023-11-14 08:59:56 --> [DEPRECATED] Creation of dynamic property App\Controllers\Transaction::$playstation is deprecated in APPPATH\Controllers\Transaction.php on line 17.
 1 SYSTEMPATH\CodeIgniter.php(891): App\Controllers\Transaction->__construct()
 2 SYSTEMPATH\CodeIgniter.php(485): CodeIgniter\CodeIgniter->createController()
 3 SYSTEMPATH\CodeIgniter.php(353): CodeIgniter\CodeIgniter->handleRequest(null, Object(Config\Cache), false)
 4 FCPATH\index.php(79): CodeIgniter\CodeIgniter->run()
WARNING - 2023-11-14 08:59:56 --> [DEPRECATED] Creation of dynamic property App\Controllers\Transaction::$transaction is deprecated in APPPATH\Controllers\Transaction.php on line 18.
 1 SYSTEMPATH\CodeIgniter.php(891): App\Controllers\Transaction->__construct()
 2 SYSTEMPATH\CodeIgniter.php(485): CodeIgniter\CodeIgniter->createController()
 3 SYSTEMPATH\CodeIgniter.php(353): CodeIgniter\CodeIgniter->handleRequest(null, Object(Config\Cache), false)
 4 FCPATH\index.php(79): CodeIgniter\CodeIgniter->run()
INFO - 2023-11-14 08:59:56 --> Session: Class initialized using 'CodeIgniter\Session\Handlers\FileHandler' driver.
WARNING - 2023-11-14 08:59:59 --> [DEPRECATED] Creation of dynamic property App\Controllers\Transaction::$playstation is deprecated in APPPATH\Controllers\Transaction.php on line 17.
 1 SYSTEMPATH\CodeIgniter.php(891): App\Controllers\Transaction->__construct()
 2 SYSTEMPATH\CodeIgniter.php(485): CodeIgniter\CodeIgniter->createController()
 3 SYSTEMPATH\CodeIgniter.php(353): CodeIgniter\CodeIgniter->handleRequest(null, Object(Config\Cache), false)
 4 FCPATH\index.php(79): CodeIgniter\CodeIgniter->run()
WARNING - 2023-11-14 08:59:59 --> [DEPRECATED] Creation of dynamic property App\Controllers\Transaction::$transaction is deprecated in APPPATH\Controllers\Transaction.php on line 18.
 1 SYSTEMPATH\CodeIgniter.php(891): App\Controllers\Transaction->__construct()
 2 SYSTEMPATH\CodeIgniter.php(485): CodeIgniter\CodeIgniter->createController()
 3 SYSTEMPATH\CodeIgniter.php(353): CodeIgniter\CodeIgniter->handleRequest(null, Object(Config\Cache), false)
 4 FCPATH\index.php(79): CodeIgniter\CodeIgniter->run()
INFO - 2023-11-14 08:59:59 --> Session: Class initialized using 'CodeIgniter\Session\Handlers\FileHandler' driver.
WARNING - 2023-11-14 08:59:59 --> [DEPRECATED] Creation of dynamic property App\Controllers\Transaction::$playstation is deprecated in APPPATH\Controllers\Transaction.php on line 17.
 1 SYSTEMPATH\CodeIgniter.php(891): App\Controllers\Transaction->__construct()
 2 SYSTEMPATH\CodeIgniter.php(485): CodeIgniter\CodeIgniter->createController()
 3 SYSTEMPATH\CodeIgniter.php(353): CodeIgniter\CodeIgniter->handleRequest(null, Object(Config\Cache), false)
 4 FCPATH\index.php(79): CodeIgniter\CodeIgniter->run()
WARNING - 2023-11-14 08:59:59 --> [DEPRECATED] Creation of dynamic property App\Controllers\Transaction::$transaction is deprecated in APPPATH\Controllers\Transaction.php on line 18.
 1 SYSTEMPATH\CodeIgniter.php(891): App\Controllers\Transaction->__construct()
 2 SYSTEMPATH\CodeIgniter.php(485): CodeIgniter\CodeIgniter->createController()
 3 SYSTEMPATH\CodeIgniter.php(353): CodeIgniter\CodeIgniter->handleRequest(null, Object(Config\Cache), false)
 4 FCPATH\index.php(79): CodeIgniter\CodeIgniter->run()
INFO - 2023-11-14 08:59:59 --> Session: Class initialized using 'CodeIgniter\Session\Handlers\FileHandler' driver.
WARNING - 2023-11-14 09:00:02 --> [DEPRECATED] Creation of dynamic property App\Controllers\Transaction::$playstation is deprecated in APPPATH\Controllers\Transaction.php on line 17.
 1 SYSTEMPATH\CodeIgniter.php(891): App\Controllers\Transaction->__construct()
 2 SYSTEMPATH\CodeIgniter.php(485): CodeIgniter\CodeIgniter->createController()
 3 SYSTEMPATH\CodeIgniter.php(353): CodeIgniter\CodeIgniter->handleRequest(null, Object(Config\Cache), false)
 4 FCPATH\index.php(79): CodeIgniter\CodeIgniter->run()
WARNING - 2023-11-14 09:00:02 --> [DEPRECATED] Creation of dynamic property App\Controllers\Transaction::$transaction is deprecated in APPPATH\Controllers\Transaction.php on line 18.
 1 SYSTEMPATH\CodeIgniter.php(891): App\Controllers\Transaction->__construct()
 2 SYSTEMPATH\CodeIgniter.php(485): CodeIgniter\CodeIgniter->createController()
 3 SYSTEMPATH\CodeIgniter.php(353): CodeIgniter\CodeIgniter->handleRequest(null, Object(Config\Cache), false)
 4 FCPATH\index.php(79): CodeIgniter\CodeIgniter->run()
INFO - 2023-11-14 09:00:02 --> Session: Class initialized using 'CodeIgniter\Session\Handlers\FileHandler' driver.
WARNING - 2023-11-14 09:00:04 --> [DEPRECATED] Creation of dynamic property App\Controllers\Transaction::$playstation is deprecated in APPPATH\Controllers\Transaction.php on line 17.
 1 SYSTEMPATH\CodeIgniter.php(891): App\Controllers\Transaction->__construct()
 2 SYSTEMPATH\CodeIgniter.php(485): CodeIgniter\CodeIgniter->createController()
 3 SYSTEMPATH\CodeIgniter.php(353): CodeIgniter\CodeIgniter->handleRequest(null, Object(Config\Cache), false)
 4 FCPATH\index.php(79): CodeIgniter\CodeIgniter->run()
WARNING - 2023-11-14 09:00:04 --> [DEPRECATED] Creation of dynamic property App\Controllers\Transaction::$transaction is deprecated in APPPATH\Controllers\Transaction.php on line 18.
 1 SYSTEMPATH\CodeIgniter.php(891): App\Controllers\Transaction->__construct()
 2 SYSTEMPATH\CodeIgniter.php(485): CodeIgniter\CodeIgniter->createController()
 3 SYSTEMPATH\CodeIgniter.php(353): CodeIgniter\CodeIgniter->handleRequest(null, Object(Config\Cache), false)
 4 FCPATH\index.php(79): CodeIgniter\CodeIgniter->run()
INFO - 2023-11-14 09:00:04 --> Session: Class initialized using 'CodeIgniter\Session\Handlers\FileHandler' driver.
WARNING - 2023-11-14 09:00:24 --> [DEPRECATED] Creation of dynamic property App\Controllers\Transaction::$playstation is deprecated in APPPATH\Controllers\Transaction.php on line 17.
 1 SYSTEMPATH\CodeIgniter.php(891): App\Controllers\Transaction->__construct()
 2 SYSTEMPATH\CodeIgniter.php(485): CodeIgniter\CodeIgniter->createController()
 3 SYSTEMPATH\CodeIgniter.php(353): CodeIgniter\CodeIgniter->handleRequest(null, Object(Config\Cache), false)
 4 FCPATH\index.php(79): CodeIgniter\CodeIgniter->run()
WARNING - 2023-11-14 09:00:24 --> [DEPRECATED] Creation of dynamic property App\Controllers\Transaction::$transaction is deprecated in APPPATH\Controllers\Transaction.php on line 18.
 1 SYSTEMPATH\CodeIgniter.php(891): App\Controllers\Transaction->__construct()
 2 SYSTEMPATH\CodeIgniter.php(485): CodeIgniter\CodeIgniter->createController()
 3 SYSTEMPATH\CodeIgniter.php(353): CodeIgniter\CodeIgniter->handleRequest(null, Object(Config\Cache), false)
 4 FCPATH\index.php(79): CodeIgniter\CodeIgniter->run()
INFO - 2023-11-14 09:00:24 --> Session: Class initialized using 'CodeIgniter\Session\Handlers\FileHandler' driver.
WARNING - 2023-11-14 09:00:46 --> [DEPRECATED] Creation of dynamic property App\Controllers\Transaction::$playstation is deprecated in APPPATH\Controllers\Transaction.php on line 17.
 1 SYSTEMPATH\CodeIgniter.php(891): App\Controllers\Transaction->__construct()
 2 SYSTEMPATH\CodeIgniter.php(485): CodeIgniter\CodeIgniter->createController()
 3 SYSTEMPATH\CodeIgniter.php(353): CodeIgniter\CodeIgniter->handleRequest(null, Object(Config\Cache), false)
 4 FCPATH\index.php(79): CodeIgniter\CodeIgniter->run()
WARNING - 2023-11-14 09:00:46 --> [DEPRECATED] Creation of dynamic property App\Controllers\Transaction::$transaction is deprecated in APPPATH\Controllers\Transaction.php on line 18.
 1 SYSTEMPATH\CodeIgniter.php(891): App\Controllers\Transaction->__construct()
 2 SYSTEMPATH\CodeIgniter.php(485): CodeIgniter\CodeIgniter->createController()
 3 SYSTEMPATH\CodeIgniter.php(353): CodeIgniter\CodeIgniter->handleRequest(null, Object(Config\Cache), false)
 4 FCPATH\index.php(79): CodeIgniter\CodeIgniter->run()
INFO - 2023-11-14 09:00:46 --> Session: Class initialized using 'CodeIgniter\Session\Handlers\FileHandler' driver.
WARNING - 2023-11-14 09:02:31 --> [DEPRECATED] Creation of dynamic property App\Controllers\Transaction::$playstation is deprecated in APPPATH\Controllers\Transaction.php on line 17.
 1 SYSTEMPATH\CodeIgniter.php(891): App\Controllers\Transaction->__construct()
 2 SYSTEMPATH\CodeIgniter.php(485): CodeIgniter\CodeIgniter->createController()
 3 SYSTEMPATH\CodeIgniter.php(353): CodeIgniter\CodeIgniter->handleRequest(null, Object(Config\Cache), false)
 4 FCPATH\index.php(79): CodeIgniter\CodeIgniter->run()
WARNING - 2023-11-14 09:02:31 --> [DEPRECATED] Creation of dynamic property App\Controllers\Transaction::$transaction is deprecated in APPPATH\Controllers\Transaction.php on line 18.
 1 SYSTEMPATH\CodeIgniter.php(891): App\Controllers\Transaction->__construct()
 2 SYSTEMPATH\CodeIgniter.php(485): CodeIgniter\CodeIgniter->createController()
 3 SYSTEMPATH\CodeIgniter.php(353): CodeIgniter\CodeIgniter->handleRequest(null, Object(Config\Cache), false)
 4 FCPATH\index.php(79): CodeIgniter\CodeIgniter->run()
INFO - 2023-11-14 09:02:31 --> Session: Class initialized using 'CodeIgniter\Session\Handlers\FileHandler' driver.
WARNING - 2023-11-14 09:02:40 --> [DEPRECATED] Creation of dynamic property App\Controllers\Transaction::$playstation is deprecated in APPPATH\Controllers\Transaction.php on line 17.
 1 SYSTEMPATH\CodeIgniter.php(891): App\Controllers\Transaction->__construct()
 2 SYSTEMPATH\CodeIgniter.php(485): CodeIgniter\CodeIgniter->createController()
 3 SYSTEMPATH\CodeIgniter.php(353): CodeIgniter\CodeIgniter->handleRequest(null, Object(Config\Cache), false)
 4 FCPATH\index.php(79): CodeIgniter\CodeIgniter->run()
WARNING - 2023-11-14 09:02:40 --> [DEPRECATED] Creation of dynamic property App\Controllers\Transaction::$transaction is deprecated in APPPATH\Controllers\Transaction.php on line 18.
 1 SYSTEMPATH\CodeIgniter.php(891): App\Controllers\Transaction->__construct()
 2 SYSTEMPATH\CodeIgniter.php(485): CodeIgniter\CodeIgniter->createController()
 3 SYSTEMPATH\CodeIgniter.php(353): CodeIgniter\CodeIgniter->handleRequest(null, Object(Config\Cache), false)
 4 FCPATH\index.php(79): CodeIgniter\CodeIgniter->run()
INFO - 2023-11-14 09:02:40 --> Session: Class initialized using 'CodeIgniter\Session\Handlers\FileHandler' driver.
WARNING - 2023-11-14 09:02:45 --> [DEPRECATED] Creation of dynamic property App\Controllers\Transaction::$playstation is deprecated in APPPATH\Controllers\Transaction.php on line 17.
 1 SYSTEMPATH\CodeIgniter.php(891): App\Controllers\Transaction->__construct()
 2 SYSTEMPATH\CodeIgniter.php(485): CodeIgniter\CodeIgniter->createController()
 3 SYSTEMPATH\CodeIgniter.php(353): CodeIgniter\CodeIgniter->handleRequest(null, Object(Config\Cache), false)
 4 FCPATH\index.php(79): CodeIgniter\CodeIgniter->run()
WARNING - 2023-11-14 09:02:45 --> [DEPRECATED] Creation of dynamic property App\Controllers\Transaction::$transaction is deprecated in APPPATH\Controllers\Transaction.php on line 18.
 1 SYSTEMPATH\CodeIgniter.php(891): App\Controllers\Transaction->__construct()
 2 SYSTEMPATH\CodeIgniter.php(485): CodeIgniter\CodeIgniter->createController()
 3 SYSTEMPATH\CodeIgniter.php(353): CodeIgniter\CodeIgniter->handleRequest(null, Object(Config\Cache), false)
 4 FCPATH\index.php(79): CodeIgniter\CodeIgniter->run()
INFO - 2023-11-14 09:02:45 --> Session: Class initialized using 'CodeIgniter\Session\Handlers\FileHandler' driver.
WARNING - 2023-11-14 09:02:59 --> [DEPRECATED] Creation of dynamic property App\Controllers\Transaction::$playstation is deprecated in APPPATH\Controllers\Transaction.php on line 17.
 1 SYSTEMPATH\CodeIgniter.php(891): App\Controllers\Transaction->__construct()
 2 SYSTEMPATH\CodeIgniter.php(485): CodeIgniter\CodeIgniter->createController()
 3 SYSTEMPATH\CodeIgniter.php(353): CodeIgniter\CodeIgniter->handleRequest(null, Object(Config\Cache), false)
 4 FCPATH\index.php(79): CodeIgniter\CodeIgniter->run()
WARNING - 2023-11-14 09:02:59 --> [DEPRECATED] Creation of dynamic property App\Controllers\Transaction::$transaction is deprecated in APPPATH\Controllers\Transaction.php on line 18.
 1 SYSTEMPATH\CodeIgniter.php(891): App\Controllers\Transaction->__construct()
 2 SYSTEMPATH\CodeIgniter.php(485): CodeIgniter\CodeIgniter->createController()
 3 SYSTEMPATH\CodeIgniter.php(353): CodeIgniter\CodeIgniter->handleRequest(null, Object(Config\Cache), false)
 4 FCPATH\index.php(79): CodeIgniter\CodeIgniter->run()
INFO - 2023-11-14 09:02:59 --> Session: Class initialized using 'CodeIgniter\Session\Handlers\FileHandler' driver.
WARNING - 2023-11-14 09:03:20 --> [DEPRECATED] Creation of dynamic property App\Controllers\Transaction::$playstation is deprecated in APPPATH\Controllers\Transaction.php on line 17.
 1 SYSTEMPATH\CodeIgniter.php(891): App\Controllers\Transaction->__construct()
 2 SYSTEMPATH\CodeIgniter.php(485): CodeIgniter\CodeIgniter->createController()
 3 SYSTEMPATH\CodeIgniter.php(353): CodeIgniter\CodeIgniter->handleRequest(null, Object(Config\Cache), false)
 4 FCPATH\index.php(79): CodeIgniter\CodeIgniter->run()
WARNING - 2023-11-14 09:03:20 --> [DEPRECATED] Creation of dynamic property App\Controllers\Transaction::$transaction is deprecated in APPPATH\Controllers\Transaction.php on line 18.
 1 SYSTEMPATH\CodeIgniter.php(891): App\Controllers\Transaction->__construct()
 2 SYSTEMPATH\CodeIgniter.php(485): CodeIgniter\CodeIgniter->createController()
 3 SYSTEMPATH\CodeIgniter.php(353): CodeIgniter\CodeIgniter->handleRequest(null, Object(Config\Cache), false)
 4 FCPATH\index.php(79): CodeIgniter\CodeIgniter->run()
INFO - 2023-11-14 09:03:20 --> Session: Class initialized using 'CodeIgniter\Session\Handlers\FileHandler' driver.
WARNING - 2023-11-14 09:27:14 --> [DEPRECATED] Creation of dynamic property App\Controllers\Transaction::$playstation is deprecated in APPPATH\Controllers\Transaction.php on line 17.
 1 SYSTEMPATH\CodeIgniter.php(891): App\Controllers\Transaction->__construct()
 2 SYSTEMPATH\CodeIgniter.php(485): CodeIgniter\CodeIgniter->createController()
 3 SYSTEMPATH\CodeIgniter.php(353): CodeIgniter\CodeIgniter->handleRequest(null, Object(Config\Cache), false)
 4 FCPATH\index.php(79): CodeIgniter\CodeIgniter->run()
WARNING - 2023-11-14 09:27:14 --> [DEPRECATED] Creation of dynamic property App\Controllers\Transaction::$transaction is deprecated in APPPATH\Controllers\Transaction.php on line 18.
 1 SYSTEMPATH\CodeIgniter.php(891): App\Controllers\Transaction->__construct()
 2 SYSTEMPATH\CodeIgniter.php(485): CodeIgniter\CodeIgniter->createController()
 3 SYSTEMPATH\CodeIgniter.php(353): CodeIgniter\CodeIgniter->handleRequest(null, Object(Config\Cache), false)
 4 FCPATH\index.php(79): CodeIgniter\CodeIgniter->run()
INFO - 2023-11-14 09:27:14 --> Session: Class initialized using 'CodeIgniter\Session\Handlers\FileHandler' driver.
WARNING - 2023-11-14 09:27:56 --> [DEPRECATED] Creation of dynamic property App\Controllers\Transaction::$playstation is deprecated in APPPATH\Controllers\Transaction.php on line 17.
 1 SYSTEMPATH\CodeIgniter.php(891): App\Controllers\Transaction->__construct()
 2 SYSTEMPATH\CodeIgniter.php(485): CodeIgniter\CodeIgniter->createController()
 3 SYSTEMPATH\CodeIgniter.php(353): CodeIgniter\CodeIgniter->handleRequest(null, Object(Config\Cache), false)
 4 FCPATH\index.php(79): CodeIgniter\CodeIgniter->run()
WARNING - 2023-11-14 09:27:56 --> [DEPRECATED] Creation of dynamic property App\Controllers\Transaction::$transaction is deprecated in APPPATH\Controllers\Transaction.php on line 18.
 1 SYSTEMPATH\CodeIgniter.php(891): App\Controllers\Transaction->__construct()
 2 SYSTEMPATH\CodeIgniter.php(485): CodeIgniter\CodeIgniter->createController()
 3 SYSTEMPATH\CodeIgniter.php(353): CodeIgniter\CodeIgniter->handleRequest(null, Object(Config\Cache), false)
 4 FCPATH\index.php(79): CodeIgniter\CodeIgniter->run()
INFO - 2023-11-14 09:27:56 --> Session: Class initialized using 'CodeIgniter\Session\Handlers\FileHandler' driver.
WARNING - 2023-11-14 09:28:03 --> [DEPRECATED] Creation of dynamic property App\Controllers\Transaction::$playstation is deprecated in APPPATH\Controllers\Transaction.php on line 17.
 1 SYSTEMPATH\CodeIgniter.php(891): App\Controllers\Transaction->__construct()
 2 SYSTEMPATH\CodeIgniter.php(485): CodeIgniter\CodeIgniter->createController()
 3 SYSTEMPATH\CodeIgniter.php(353): CodeIgniter\CodeIgniter->handleRequest(null, Object(Config\Cache), false)
 4 FCPATH\index.php(79): CodeIgniter\CodeIgniter->run()
WARNING - 2023-11-14 09:28:03 --> [DEPRECATED] Creation of dynamic property App\Controllers\Transaction::$transaction is deprecated in APPPATH\Controllers\Transaction.php on line 18.
 1 SYSTEMPATH\CodeIgniter.php(891): App\Controllers\Transaction->__construct()
 2 SYSTEMPATH\CodeIgniter.php(485): CodeIgniter\CodeIgniter->createController()
 3 SYSTEMPATH\CodeIgniter.php(353): CodeIgniter\CodeIgniter->handleRequest(null, Object(Config\Cache), false)
 4 FCPATH\index.php(79): CodeIgniter\CodeIgniter->run()
INFO - 2023-11-14 09:28:03 --> Session: Class initialized using 'CodeIgniter\Session\Handlers\FileHandler' driver.
WARNING - 2023-11-14 09:28:15 --> [DEPRECATED] Creation of dynamic property App\Controllers\Transaction::$playstation is deprecated in APPPATH\Controllers\Transaction.php on line 17.
 1 SYSTEMPATH\CodeIgniter.php(891): App\Controllers\Transaction->__construct()
 2 SYSTEMPATH\CodeIgniter.php(485): CodeIgniter\CodeIgniter->createController()
 3 SYSTEMPATH\CodeIgniter.php(353): CodeIgniter\CodeIgniter->handleRequest(null, Object(Config\Cache), false)
 4 FCPATH\index.php(79): CodeIgniter\CodeIgniter->run()
WARNING - 2023-11-14 09:28:15 --> [DEPRECATED] Creation of dynamic property App\Controllers\Transaction::$transaction is deprecated in APPPATH\Controllers\Transaction.php on line 18.
 1 SYSTEMPATH\CodeIgniter.php(891): App\Controllers\Transaction->__construct()
 2 SYSTEMPATH\CodeIgniter.php(485): CodeIgniter\CodeIgniter->createController()
 3 SYSTEMPATH\CodeIgniter.php(353): CodeIgniter\CodeIgniter->handleRequest(null, Object(Config\Cache), false)
 4 FCPATH\index.php(79): CodeIgniter\CodeIgniter->run()
INFO - 2023-11-14 09:28:15 --> Session: Class initialized using 'CodeIgniter\Session\Handlers\FileHandler' driver.
WARNING - 2023-11-14 09:28:32 --> [DEPRECATED] Creation of dynamic property App\Controllers\Transaction::$playstation is deprecated in APPPATH\Controllers\Transaction.php on line 17.
 1 SYSTEMPATH\CodeIgniter.php(891): App\Controllers\Transaction->__construct()
 2 SYSTEMPATH\CodeIgniter.php(485): CodeIgniter\CodeIgniter->createController()
 3 SYSTEMPATH\CodeIgniter.php(353): CodeIgniter\CodeIgniter->handleRequest(null, Object(Config\Cache), false)
 4 FCPATH\index.php(79): CodeIgniter\CodeIgniter->run()
WARNING - 2023-11-14 09:28:32 --> [DEPRECATED] Creation of dynamic property App\Controllers\Transaction::$transaction is deprecated in APPPATH\Controllers\Transaction.php on line 18.
 1 SYSTEMPATH\CodeIgniter.php(891): App\Controllers\Transaction->__construct()
 2 SYSTEMPATH\CodeIgniter.php(485): CodeIgniter\CodeIgniter->createController()
 3 SYSTEMPATH\CodeIgniter.php(353): CodeIgniter\CodeIgniter->handleRequest(null, Object(Config\Cache), false)
 4 FCPATH\index.php(79): CodeIgniter\CodeIgniter->run()
INFO - 2023-11-14 09:28:32 --> Session: Class initialized using 'CodeIgniter\Session\Handlers\FileHandler' driver.
WARNING - 2023-11-14 09:28:45 --> [DEPRECATED] Creation of dynamic property App\Controllers\Transaction::$playstation is deprecated in APPPATH\Controllers\Transaction.php on line 17.
 1 SYSTEMPATH\CodeIgniter.php(891): App\Controllers\Transaction->__construct()
 2 SYSTEMPATH\CodeIgniter.php(485): CodeIgniter\CodeIgniter->createController()
 3 SYSTEMPATH\CodeIgniter.php(353): CodeIgniter\CodeIgniter->handleRequest(null, Object(Config\Cache), false)
 4 FCPATH\index.php(79): CodeIgniter\CodeIgniter->run()
WARNING - 2023-11-14 09:28:45 --> [DEPRECATED] Creation of dynamic property App\Controllers\Transaction::$transaction is deprecated in APPPATH\Controllers\Transaction.php on line 18.
 1 SYSTEMPATH\CodeIgniter.php(891): App\Controllers\Transaction->__construct()
 2 SYSTEMPATH\CodeIgniter.php(485): CodeIgniter\CodeIgniter->createController()
 3 SYSTEMPATH\CodeIgniter.php(353): CodeIgniter\CodeIgniter->handleRequest(null, Object(Config\Cache), false)
 4 FCPATH\index.php(79): CodeIgniter\CodeIgniter->run()
INFO - 2023-11-14 09:28:45 --> Session: Class initialized using 'CodeIgniter\Session\Handlers\FileHandler' driver.
WARNING - 2023-11-14 09:28:48 --> [DEPRECATED] Creation of dynamic property App\Controllers\Transaction::$playstation is deprecated in APPPATH\Controllers\Transaction.php on line 17.
 1 SYSTEMPATH\CodeIgniter.php(891): App\Controllers\Transaction->__construct()
 2 SYSTEMPATH\CodeIgniter.php(485): CodeIgniter\CodeIgniter->createController()
 3 SYSTEMPATH\CodeIgniter.php(353): CodeIgniter\CodeIgniter->handleRequest(null, Object(Config\Cache), false)
 4 FCPATH\index.php(79): CodeIgniter\CodeIgniter->run()
WARNING - 2023-11-14 09:28:48 --> [DEPRECATED] Creation of dynamic property App\Controllers\Transaction::$transaction is deprecated in APPPATH\Controllers\Transaction.php on line 18.
 1 SYSTEMPATH\CodeIgniter.php(891): App\Controllers\Transaction->__construct()
 2 SYSTEMPATH\CodeIgniter.php(485): CodeIgniter\CodeIgniter->createController()
 3 SYSTEMPATH\CodeIgniter.php(353): CodeIgniter\CodeIgniter->handleRequest(null, Object(Config\Cache), false)
 4 FCPATH\index.php(79): CodeIgniter\CodeIgniter->run()
INFO - 2023-11-14 09:28:48 --> Session: Class initialized using 'CodeIgniter\Session\Handlers\FileHandler' driver.
WARNING - 2023-11-14 09:28:56 --> [DEPRECATED] Creation of dynamic property App\Controllers\Transaction::$playstation is deprecated in APPPATH\Controllers\Transaction.php on line 17.
 1 SYSTEMPATH\CodeIgniter.php(891): App\Controllers\Transaction->__construct()
 2 SYSTEMPATH\CodeIgniter.php(485): CodeIgniter\CodeIgniter->createController()
 3 SYSTEMPATH\CodeIgniter.php(353): CodeIgniter\CodeIgniter->handleRequest(null, Object(Config\Cache), false)
 4 FCPATH\index.php(79): CodeIgniter\CodeIgniter->run()
WARNING - 2023-11-14 09:28:56 --> [DEPRECATED] Creation of dynamic property App\Controllers\Transaction::$transaction is deprecated in APPPATH\Controllers\Transaction.php on line 18.
 1 SYSTEMPATH\CodeIgniter.php(891): App\Controllers\Transaction->__construct()
 2 SYSTEMPATH\CodeIgniter.php(485): CodeIgniter\CodeIgniter->createController()
 3 SYSTEMPATH\CodeIgniter.php(353): CodeIgniter\CodeIgniter->handleRequest(null, Object(Config\Cache), false)
 4 FCPATH\index.php(79): CodeIgniter\CodeIgniter->run()
INFO - 2023-11-14 09:28:56 --> Session: Class initialized using 'CodeIgniter\Session\Handlers\FileHandler' driver.
WARNING - 2023-11-14 09:28:58 --> [DEPRECATED] Creation of dynamic property App\Controllers\Transaction::$playstation is deprecated in APPPATH\Controllers\Transaction.php on line 17.
 1 SYSTEMPATH\CodeIgniter.php(891): App\Controllers\Transaction->__construct()
 2 SYSTEMPATH\CodeIgniter.php(485): CodeIgniter\CodeIgniter->createController()
 3 SYSTEMPATH\CodeIgniter.php(353): CodeIgniter\CodeIgniter->handleRequest(null, Object(Config\Cache), false)
 4 FCPATH\index.php(79): CodeIgniter\CodeIgniter->run()
WARNING - 2023-11-14 09:28:58 --> [DEPRECATED] Creation of dynamic property App\Controllers\Transaction::$transaction is deprecated in APPPATH\Controllers\Transaction.php on line 18.
 1 SYSTEMPATH\CodeIgniter.php(891): App\Controllers\Transaction->__construct()
 2 SYSTEMPATH\CodeIgniter.php(485): CodeIgniter\CodeIgniter->createController()
 3 SYSTEMPATH\CodeIgniter.php(353): CodeIgniter\CodeIgniter->handleRequest(null, Object(Config\Cache), false)
 4 FCPATH\index.php(79): CodeIgniter\CodeIgniter->run()
INFO - 2023-11-14 09:28:58 --> Session: Class initialized using 'CodeIgniter\Session\Handlers\FileHandler' driver.
WARNING - 2023-11-14 09:28:59 --> [DEPRECATED] Creation of dynamic property App\Controllers\Transaction::$playstation is deprecated in APPPATH\Controllers\Transaction.php on line 17.
 1 SYSTEMPATH\CodeIgniter.php(891): App\Controllers\Transaction->__construct()
 2 SYSTEMPATH\CodeIgniter.php(485): CodeIgniter\CodeIgniter->createController()
 3 SYSTEMPATH\CodeIgniter.php(353): CodeIgniter\CodeIgniter->handleRequest(null, Object(Config\Cache), false)
 4 FCPATH\index.php(79): CodeIgniter\CodeIgniter->run()
WARNING - 2023-11-14 09:28:59 --> [DEPRECATED] Creation of dynamic property App\Controllers\Transaction::$transaction is deprecated in APPPATH\Controllers\Transaction.php on line 18.
 1 SYSTEMPATH\CodeIgniter.php(891): App\Controllers\Transaction->__construct()
 2 SYSTEMPATH\CodeIgniter.php(485): CodeIgniter\CodeIgniter->createController()
 3 SYSTEMPATH\CodeIgniter.php(353): CodeIgniter\CodeIgniter->handleRequest(null, Object(Config\Cache), false)
 4 FCPATH\index.php(79): CodeIgniter\CodeIgniter->run()
INFO - 2023-11-14 09:28:59 --> Session: Class initialized using 'CodeIgniter\Session\Handlers\FileHandler' driver.
WARNING - 2023-11-14 09:29:00 --> [DEPRECATED] Creation of dynamic property App\Controllers\Transaction::$playstation is deprecated in APPPATH\Controllers\Transaction.php on line 17.
 1 SYSTEMPATH\CodeIgniter.php(891): App\Controllers\Transaction->__construct()
 2 SYSTEMPATH\CodeIgniter.php(485): CodeIgniter\CodeIgniter->createController()
 3 SYSTEMPATH\CodeIgniter.php(353): CodeIgniter\CodeIgniter->handleRequest(null, Object(Config\Cache), false)
 4 FCPATH\index.php(79): CodeIgniter\CodeIgniter->run()
WARNING - 2023-11-14 09:29:00 --> [DEPRECATED] Creation of dynamic property App\Controllers\Transaction::$transaction is deprecated in APPPATH\Controllers\Transaction.php on line 18.
 1 SYSTEMPATH\CodeIgniter.php(891): App\Controllers\Transaction->__construct()
 2 SYSTEMPATH\CodeIgniter.php(485): CodeIgniter\CodeIgniter->createController()
 3 SYSTEMPATH\CodeIgniter.php(353): CodeIgniter\CodeIgniter->handleRequest(null, Object(Config\Cache), false)
 4 FCPATH\index.php(79): CodeIgniter\CodeIgniter->run()
INFO - 2023-11-14 09:29:00 --> Session: Class initialized using 'CodeIgniter\Session\Handlers\FileHandler' driver.
WARNING - 2023-11-14 09:29:02 --> [DEPRECATED] Creation of dynamic property App\Controllers\Transaction::$playstation is deprecated in APPPATH\Controllers\Transaction.php on line 17.
 1 SYSTEMPATH\CodeIgniter.php(891): App\Controllers\Transaction->__construct()
 2 SYSTEMPATH\CodeIgniter.php(485): CodeIgniter\CodeIgniter->createController()
 3 SYSTEMPATH\CodeIgniter.php(353): CodeIgniter\CodeIgniter->handleRequest(null, Object(Config\Cache), false)
 4 FCPATH\index.php(79): CodeIgniter\CodeIgniter->run()
WARNING - 2023-11-14 09:29:02 --> [DEPRECATED] Creation of dynamic property App\Controllers\Transaction::$transaction is deprecated in APPPATH\Controllers\Transaction.php on line 18.
 1 SYSTEMPATH\CodeIgniter.php(891): App\Controllers\Transaction->__construct()
 2 SYSTEMPATH\CodeIgniter.php(485): CodeIgniter\CodeIgniter->createController()
 3 SYSTEMPATH\CodeIgniter.php(353): CodeIgniter\CodeIgniter->handleRequest(null, Object(Config\Cache), false)
 4 FCPATH\index.php(79): CodeIgniter\CodeIgniter->run()
INFO - 2023-11-14 09:29:02 --> Session: Class initialized using 'CodeIgniter\Session\Handlers\FileHandler' driver.
WARNING - 2023-11-14 09:29:10 --> [DEPRECATED] Creation of dynamic property App\Controllers\Transaction::$playstation is deprecated in APPPATH\Controllers\Transaction.php on line 17.
 1 SYSTEMPATH\CodeIgniter.php(891): App\Controllers\Transaction->__construct()
 2 SYSTEMPATH\CodeIgniter.php(485): CodeIgniter\CodeIgniter->createController()
 3 SYSTEMPATH\CodeIgniter.php(353): CodeIgniter\CodeIgniter->handleRequest(null, Object(Config\Cache), false)
 4 FCPATH\index.php(79): CodeIgniter\CodeIgniter->run()
WARNING - 2023-11-14 09:29:10 --> [DEPRECATED] Creation of dynamic property App\Controllers\Transaction::$transaction is deprecated in APPPATH\Controllers\Transaction.php on line 18.
 1 SYSTEMPATH\CodeIgniter.php(891): App\Controllers\Transaction->__construct()
 2 SYSTEMPATH\CodeIgniter.php(485): CodeIgniter\CodeIgniter->createController()
 3 SYSTEMPATH\CodeIgniter.php(353): CodeIgniter\CodeIgniter->handleRequest(null, Object(Config\Cache), false)
 4 FCPATH\index.php(79): CodeIgniter\CodeIgniter->run()
INFO - 2023-11-14 09:29:10 --> Session: Class initialized using 'CodeIgniter\Session\Handlers\FileHandler' driver.
WARNING - 2023-11-14 09:38:44 --> [DEPRECATED] Creation of dynamic property App\Controllers\Transaction::$playstation is deprecated in APPPATH\Controllers\Transaction.php on line 17.
 1 SYSTEMPATH\CodeIgniter.php(891): App\Controllers\Transaction->__construct()
 2 SYSTEMPATH\CodeIgniter.php(485): CodeIgniter\CodeIgniter->createController()
 3 SYSTEMPATH\CodeIgniter.php(353): CodeIgniter\CodeIgniter->handleRequest(null, Object(Config\Cache), false)
 4 FCPATH\index.php(79): CodeIgniter\CodeIgniter->run()
WARNING - 2023-11-14 09:38:44 --> [DEPRECATED] Creation of dynamic property App\Controllers\Transaction::$transaction is deprecated in APPPATH\Controllers\Transaction.php on line 18.
 1 SYSTEMPATH\CodeIgniter.php(891): App\Controllers\Transaction->__construct()
 2 SYSTEMPATH\CodeIgniter.php(485): CodeIgniter\CodeIgniter->createController()
 3 SYSTEMPATH\CodeIgniter.php(353): CodeIgniter\CodeIgniter->handleRequest(null, Object(Config\Cache), false)
 4 FCPATH\index.php(79): CodeIgniter\CodeIgniter->run()
INFO - 2023-11-14 09:38:44 --> Session: Class initialized using 'CodeIgniter\Session\Handlers\FileHandler' driver.
WARNING - 2023-11-14 09:38:53 --> [DEPRECATED] Creation of dynamic property App\Controllers\Transaction::$playstation is deprecated in APPPATH\Controllers\Transaction.php on line 17.
 1 SYSTEMPATH\CodeIgniter.php(891): App\Controllers\Transaction->__construct()
 2 SYSTEMPATH\CodeIgniter.php(485): CodeIgniter\CodeIgniter->createController()
 3 SYSTEMPATH\CodeIgniter.php(353): CodeIgniter\CodeIgniter->handleRequest(null, Object(Config\Cache), false)
 4 FCPATH\index.php(79): CodeIgniter\CodeIgniter->run()
WARNING - 2023-11-14 09:38:53 --> [DEPRECATED] Creation of dynamic property App\Controllers\Transaction::$transaction is deprecated in APPPATH\Controllers\Transaction.php on line 18.
 1 SYSTEMPATH\CodeIgniter.php(891): App\Controllers\Transaction->__construct()
 2 SYSTEMPATH\CodeIgniter.php(485): CodeIgniter\CodeIgniter->createController()
 3 SYSTEMPATH\CodeIgniter.php(353): CodeIgniter\CodeIgniter->handleRequest(null, Object(Config\Cache), false)
 4 FCPATH\index.php(79): CodeIgniter\CodeIgniter->run()
INFO - 2023-11-14 09:38:53 --> Session: Class initialized using 'CodeIgniter\Session\Handlers\FileHandler' driver.
WARNING - 2023-11-14 09:39:27 --> [DEPRECATED] Creation of dynamic property App\Controllers\Transaction::$playstation is deprecated in APPPATH\Controllers\Transaction.php on line 17.
 1 SYSTEMPATH\CodeIgniter.php(891): App\Controllers\Transaction->__construct()
 2 SYSTEMPATH\CodeIgniter.php(485): CodeIgniter\CodeIgniter->createController()
 3 SYSTEMPATH\CodeIgniter.php(353): CodeIgniter\CodeIgniter->handleRequest(null, Object(Config\Cache), false)
 4 FCPATH\index.php(79): CodeIgniter\CodeIgniter->run()
WARNING - 2023-11-14 09:39:27 --> [DEPRECATED] Creation of dynamic property App\Controllers\Transaction::$transaction is deprecated in APPPATH\Controllers\Transaction.php on line 18.
 1 SYSTEMPATH\CodeIgniter.php(891): App\Controllers\Transaction->__construct()
 2 SYSTEMPATH\CodeIgniter.php(485): CodeIgniter\CodeIgniter->createController()
 3 SYSTEMPATH\CodeIgniter.php(353): CodeIgniter\CodeIgniter->handleRequest(null, Object(Config\Cache), false)
 4 FCPATH\index.php(79): CodeIgniter\CodeIgniter->run()
INFO - 2023-11-14 09:39:27 --> Session: Class initialized using 'CodeIgniter\Session\Handlers\FileHandler' driver.
WARNING - 2023-11-14 09:40:04 --> [DEPRECATED] Creation of dynamic property App\Controllers\Transaction::$playstation is deprecated in APPPATH\Controllers\Transaction.php on line 17.
 1 SYSTEMPATH\CodeIgniter.php(891): App\Controllers\Transaction->__construct()
 2 SYSTEMPATH\CodeIgniter.php(485): CodeIgniter\CodeIgniter->createController()
 3 SYSTEMPATH\CodeIgniter.php(353): CodeIgniter\CodeIgniter->handleRequest(null, Object(Config\Cache), false)
 4 FCPATH\index.php(79): CodeIgniter\CodeIgniter->run()
WARNING - 2023-11-14 09:40:04 --> [DEPRECATED] Creation of dynamic property App\Controllers\Transaction::$transaction is deprecated in APPPATH\Controllers\Transaction.php on line 18.
 1 SYSTEMPATH\CodeIgniter.php(891): App\Controllers\Transaction->__construct()
 2 SYSTEMPATH\CodeIgniter.php(485): CodeIgniter\CodeIgniter->createController()
 3 SYSTEMPATH\CodeIgniter.php(353): CodeIgniter\CodeIgniter->handleRequest(null, Object(Config\Cache), false)
 4 FCPATH\index.php(79): CodeIgniter\CodeIgniter->run()
INFO - 2023-11-14 09:40:04 --> Session: Class initialized using 'CodeIgniter\Session\Handlers\FileHandler' driver.
WARNING - 2023-11-14 09:40:25 --> [DEPRECATED] Creation of dynamic property App\Controllers\Transaction::$playstation is deprecated in APPPATH\Controllers\Transaction.php on line 17.
 1 SYSTEMPATH\CodeIgniter.php(891): App\Controllers\Transaction->__construct()
 2 SYSTEMPATH\CodeIgniter.php(485): CodeIgniter\CodeIgniter->createController()
 3 SYSTEMPATH\CodeIgniter.php(353): CodeIgniter\CodeIgniter->handleRequest(null, Object(Config\Cache), false)
 4 FCPATH\index.php(79): CodeIgniter\CodeIgniter->run()
WARNING - 2023-11-14 09:40:25 --> [DEPRECATED] Creation of dynamic property App\Controllers\Transaction::$transaction is deprecated in APPPATH\Controllers\Transaction.php on line 18.
 1 SYSTEMPATH\CodeIgniter.php(891): App\Controllers\Transaction->__construct()
 2 SYSTEMPATH\CodeIgniter.php(485): CodeIgniter\CodeIgniter->createController()
 3 SYSTEMPATH\CodeIgniter.php(353): CodeIgniter\CodeIgniter->handleRequest(null, Object(Config\Cache), false)
 4 FCPATH\index.php(79): CodeIgniter\CodeIgniter->run()
INFO - 2023-11-14 09:40:25 --> Session: Class initialized using 'CodeIgniter\Session\Handlers\FileHandler' driver.
WARNING - 2023-11-14 09:40:47 --> [DEPRECATED] Creation of dynamic property App\Controllers\Transaction::$playstation is deprecated in APPPATH\Controllers\Transaction.php on line 17.
 1 SYSTEMPATH\CodeIgniter.php(891): App\Controllers\Transaction->__construct()
 2 SYSTEMPATH\CodeIgniter.php(485): CodeIgniter\CodeIgniter->createController()
 3 SYSTEMPATH\CodeIgniter.php(353): CodeIgniter\CodeIgniter->handleRequest(null, Object(Config\Cache), false)
 4 FCPATH\index.php(79): CodeIgniter\CodeIgniter->run()
WARNING - 2023-11-14 09:40:47 --> [DEPRECATED] Creation of dynamic property App\Controllers\Transaction::$transaction is deprecated in APPPATH\Controllers\Transaction.php on line 18.
 1 SYSTEMPATH\CodeIgniter.php(891): App\Controllers\Transaction->__construct()
 2 SYSTEMPATH\CodeIgniter.php(485): CodeIgniter\CodeIgniter->createController()
 3 SYSTEMPATH\CodeIgniter.php(353): CodeIgniter\CodeIgniter->handleRequest(null, Object(Config\Cache), false)
 4 FCPATH\index.php(79): CodeIgniter\CodeIgniter->run()
INFO - 2023-11-14 09:40:47 --> Session: Class initialized using 'CodeIgniter\Session\Handlers\FileHandler' driver.
WARNING - 2023-11-14 09:41:04 --> [DEPRECATED] Creation of dynamic property App\Controllers\Transaction::$playstation is deprecated in APPPATH\Controllers\Transaction.php on line 17.
 1 SYSTEMPATH\CodeIgniter.php(891): App\Controllers\Transaction->__construct()
 2 SYSTEMPATH\CodeIgniter.php(485): CodeIgniter\CodeIgniter->createController()
 3 SYSTEMPATH\CodeIgniter.php(353): CodeIgniter\CodeIgniter->handleRequest(null, Object(Config\Cache), false)
 4 FCPATH\index.php(79): CodeIgniter\CodeIgniter->run()
WARNING - 2023-11-14 09:41:04 --> [DEPRECATED] Creation of dynamic property App\Controllers\Transaction::$transaction is deprecated in APPPATH\Controllers\Transaction.php on line 18.
 1 SYSTEMPATH\CodeIgniter.php(891): App\Controllers\Transaction->__construct()
 2 SYSTEMPATH\CodeIgniter.php(485): CodeIgniter\CodeIgniter->createController()
 3 SYSTEMPATH\CodeIgniter.php(353): CodeIgniter\CodeIgniter->handleRequest(null, Object(Config\Cache), false)
 4 FCPATH\index.php(79): CodeIgniter\CodeIgniter->run()
INFO - 2023-11-14 09:41:04 --> Session: Class initialized using 'CodeIgniter\Session\Handlers\FileHandler' driver.
WARNING - 2023-11-14 09:41:29 --> [DEPRECATED] Creation of dynamic property App\Controllers\Transaction::$playstation is deprecated in APPPATH\Controllers\Transaction.php on line 17.
 1 SYSTEMPATH\CodeIgniter.php(891): App\Controllers\Transaction->__construct()
 2 SYSTEMPATH\CodeIgniter.php(485): CodeIgniter\CodeIgniter->createController()
 3 SYSTEMPATH\CodeIgniter.php(353): CodeIgniter\CodeIgniter->handleRequest(null, Object(Config\Cache), false)
 4 FCPATH\index.php(79): CodeIgniter\CodeIgniter->run()
WARNING - 2023-11-14 09:41:29 --> [DEPRECATED] Creation of dynamic property App\Controllers\Transaction::$transaction is deprecated in APPPATH\Controllers\Transaction.php on line 18.
 1 SYSTEMPATH\CodeIgniter.php(891): App\Controllers\Transaction->__construct()
 2 SYSTEMPATH\CodeIgniter.php(485): CodeIgniter\CodeIgniter->createController()
 3 SYSTEMPATH\CodeIgniter.php(353): CodeIgniter\CodeIgniter->handleRequest(null, Object(Config\Cache), false)
 4 FCPATH\index.php(79): CodeIgniter\CodeIgniter->run()
INFO - 2023-11-14 09:41:29 --> Session: Class initialized using 'CodeIgniter\Session\Handlers\FileHandler' driver.
WARNING - 2023-11-14 09:41:56 --> [DEPRECATED] Creation of dynamic property App\Controllers\Transaction::$playstation is deprecated in APPPATH\Controllers\Transaction.php on line 17.
 1 SYSTEMPATH\CodeIgniter.php(891): App\Controllers\Transaction->__construct()
 2 SYSTEMPATH\CodeIgniter.php(485): CodeIgniter\CodeIgniter->createController()
 3 SYSTEMPATH\CodeIgniter.php(353): CodeIgniter\CodeIgniter->handleRequest(null, Object(Config\Cache), false)
 4 FCPATH\index.php(79): CodeIgniter\CodeIgniter->run()
WARNING - 2023-11-14 09:41:56 --> [DEPRECATED] Creation of dynamic property App\Controllers\Transaction::$transaction is deprecated in APPPATH\Controllers\Transaction.php on line 18.
 1 SYSTEMPATH\CodeIgniter.php(891): App\Controllers\Transaction->__construct()
 2 SYSTEMPATH\CodeIgniter.php(485): CodeIgniter\CodeIgniter->createController()
 3 SYSTEMPATH\CodeIgniter.php(353): CodeIgniter\CodeIgniter->handleRequest(null, Object(Config\Cache), false)
 4 FCPATH\index.php(79): CodeIgniter\CodeIgniter->run()
INFO - 2023-11-14 09:41:56 --> Session: Class initialized using 'CodeIgniter\Session\Handlers\FileHandler' driver.
WARNING - 2023-11-14 09:43:50 --> [DEPRECATED] Creation of dynamic property App\Controllers\Transaction::$playstation is deprecated in APPPATH\Controllers\Transaction.php on line 17.
 1 SYSTEMPATH\CodeIgniter.php(891): App\Controllers\Transaction->__construct()
 2 SYSTEMPATH\CodeIgniter.php(485): CodeIgniter\CodeIgniter->createController()
 3 SYSTEMPATH\CodeIgniter.php(353): CodeIgniter\CodeIgniter->handleRequest(null, Object(Config\Cache), false)
 4 FCPATH\index.php(79): CodeIgniter\CodeIgniter->run()
WARNING - 2023-11-14 09:43:50 --> [DEPRECATED] Creation of dynamic property App\Controllers\Transaction::$transaction is deprecated in APPPATH\Controllers\Transaction.php on line 18.
 1 SYSTEMPATH\CodeIgniter.php(891): App\Controllers\Transaction->__construct()
 2 SYSTEMPATH\CodeIgniter.php(485): CodeIgniter\CodeIgniter->createController()
 3 SYSTEMPATH\CodeIgniter.php(353): CodeIgniter\CodeIgniter->handleRequest(null, Object(Config\Cache), false)
 4 FCPATH\index.php(79): CodeIgniter\CodeIgniter->run()
INFO - 2023-11-14 09:43:50 --> Session: Class initialized using 'CodeIgniter\Session\Handlers\FileHandler' driver.
WARNING - 2023-11-14 09:45:27 --> [DEPRECATED] Creation of dynamic property App\Controllers\Transaction::$playstation is deprecated in APPPATH\Controllers\Transaction.php on line 17.
 1 SYSTEMPATH\CodeIgniter.php(891): App\Controllers\Transaction->__construct()
 2 SYSTEMPATH\CodeIgniter.php(485): CodeIgniter\CodeIgniter->createController()
 3 SYSTEMPATH\CodeIgniter.php(353): CodeIgniter\CodeIgniter->handleRequest(null, Object(Config\Cache), false)
 4 FCPATH\index.php(79): CodeIgniter\CodeIgniter->run()
WARNING - 2023-11-14 09:45:27 --> [DEPRECATED] Creation of dynamic property App\Controllers\Transaction::$transaction is deprecated in APPPATH\Controllers\Transaction.php on line 18.
 1 SYSTEMPATH\CodeIgniter.php(891): App\Controllers\Transaction->__construct()
 2 SYSTEMPATH\CodeIgniter.php(485): CodeIgniter\CodeIgniter->createController()
 3 SYSTEMPATH\CodeIgniter.php(353): CodeIgniter\CodeIgniter->handleRequest(null, Object(Config\Cache), false)
 4 FCPATH\index.php(79): CodeIgniter\CodeIgniter->run()
INFO - 2023-11-14 09:45:27 --> Session: Class initialized using 'CodeIgniter\Session\Handlers\FileHandler' driver.
WARNING - 2023-11-14 09:46:00 --> [DEPRECATED] Creation of dynamic property App\Controllers\Transaction::$playstation is deprecated in APPPATH\Controllers\Transaction.php on line 17.
 1 SYSTEMPATH\CodeIgniter.php(891): App\Controllers\Transaction->__construct()
 2 SYSTEMPATH\CodeIgniter.php(485): CodeIgniter\CodeIgniter->createController()
 3 SYSTEMPATH\CodeIgniter.php(353): CodeIgniter\CodeIgniter->handleRequest(null, Object(Config\Cache), false)
 4 FCPATH\index.php(79): CodeIgniter\CodeIgniter->run()
WARNING - 2023-11-14 09:46:00 --> [DEPRECATED] Creation of dynamic property App\Controllers\Transaction::$transaction is deprecated in APPPATH\Controllers\Transaction.php on line 18.
 1 SYSTEMPATH\CodeIgniter.php(891): App\Controllers\Transaction->__construct()
 2 SYSTEMPATH\CodeIgniter.php(485): CodeIgniter\CodeIgniter->createController()
 3 SYSTEMPATH\CodeIgniter.php(353): CodeIgniter\CodeIgniter->handleRequest(null, Object(Config\Cache), false)
 4 FCPATH\index.php(79): CodeIgniter\CodeIgniter->run()
INFO - 2023-11-14 09:46:00 --> Session: Class initialized using 'CodeIgniter\Session\Handlers\FileHandler' driver.
WARNING - 2023-11-14 09:46:34 --> [DEPRECATED] Creation of dynamic property App\Controllers\Transaction::$playstation is deprecated in APPPATH\Controllers\Transaction.php on line 17.
 1 SYSTEMPATH\CodeIgniter.php(891): App\Controllers\Transaction->__construct()
 2 SYSTEMPATH\CodeIgniter.php(485): CodeIgniter\CodeIgniter->createController()
 3 SYSTEMPATH\CodeIgniter.php(353): CodeIgniter\CodeIgniter->handleRequest(null, Object(Config\Cache), false)
 4 FCPATH\index.php(79): CodeIgniter\CodeIgniter->run()
WARNING - 2023-11-14 09:46:34 --> [DEPRECATED] Creation of dynamic property App\Controllers\Transaction::$transaction is deprecated in APPPATH\Controllers\Transaction.php on line 18.
 1 SYSTEMPATH\CodeIgniter.php(891): App\Controllers\Transaction->__construct()
 2 SYSTEMPATH\CodeIgniter.php(485): CodeIgniter\CodeIgniter->createController()
 3 SYSTEMPATH\CodeIgniter.php(353): CodeIgniter\CodeIgniter->handleRequest(null, Object(Config\Cache), false)
 4 FCPATH\index.php(79): CodeIgniter\CodeIgniter->run()
INFO - 2023-11-14 09:46:34 --> Session: Class initialized using 'CodeIgniter\Session\Handlers\FileHandler' driver.
WARNING - 2023-11-14 09:47:19 --> [DEPRECATED] Creation of dynamic property App\Controllers\Transaction::$playstation is deprecated in APPPATH\Controllers\Transaction.php on line 17.
 1 SYSTEMPATH\CodeIgniter.php(891): App\Controllers\Transaction->__construct()
 2 SYSTEMPATH\CodeIgniter.php(485): CodeIgniter\CodeIgniter->createController()
 3 SYSTEMPATH\CodeIgniter.php(353): CodeIgniter\CodeIgniter->handleRequest(null, Object(Config\Cache), false)
 4 FCPATH\index.php(79): CodeIgniter\CodeIgniter->run()
WARNING - 2023-11-14 09:47:19 --> [DEPRECATED] Creation of dynamic property App\Controllers\Transaction::$transaction is deprecated in APPPATH\Controllers\Transaction.php on line 18.
 1 SYSTEMPATH\CodeIgniter.php(891): App\Controllers\Transaction->__construct()
 2 SYSTEMPATH\CodeIgniter.php(485): CodeIgniter\CodeIgniter->createController()
 3 SYSTEMPATH\CodeIgniter.php(353): CodeIgniter\CodeIgniter->handleRequest(null, Object(Config\Cache), false)
 4 FCPATH\index.php(79): CodeIgniter\CodeIgniter->run()
INFO - 2023-11-14 09:47:19 --> Session: Class initialized using 'CodeIgniter\Session\Handlers\FileHandler' driver.
WARNING - 2023-11-14 09:47:28 --> [DEPRECATED] Creation of dynamic property App\Controllers\Transaction::$playstation is deprecated in APPPATH\Controllers\Transaction.php on line 17.
 1 SYSTEMPATH\CodeIgniter.php(891): App\Controllers\Transaction->__construct()
 2 SYSTEMPATH\CodeIgniter.php(485): CodeIgniter\CodeIgniter->createController()
 3 SYSTEMPATH\CodeIgniter.php(353): CodeIgniter\CodeIgniter->handleRequest(null, Object(Config\Cache), false)
 4 FCPATH\index.php(79): CodeIgniter\CodeIgniter->run()
WARNING - 2023-11-14 09:47:28 --> [DEPRECATED] Creation of dynamic property App\Controllers\Transaction::$transaction is deprecated in APPPATH\Controllers\Transaction.php on line 18.
 1 SYSTEMPATH\CodeIgniter.php(891): App\Controllers\Transaction->__construct()
 2 SYSTEMPATH\CodeIgniter.php(485): CodeIgniter\CodeIgniter->createController()
 3 SYSTEMPATH\CodeIgniter.php(353): CodeIgniter\CodeIgniter->handleRequest(null, Object(Config\Cache), false)
 4 FCPATH\index.php(79): CodeIgniter\CodeIgniter->run()
INFO - 2023-11-14 09:47:28 --> Session: Class initialized using 'CodeIgniter\Session\Handlers\FileHandler' driver.
WARNING - 2023-11-14 09:47:33 --> [DEPRECATED] Creation of dynamic property App\Controllers\Transaction::$playstation is deprecated in APPPATH\Controllers\Transaction.php on line 17.
 1 SYSTEMPATH\CodeIgniter.php(891): App\Controllers\Transaction->__construct()
 2 SYSTEMPATH\CodeIgniter.php(485): CodeIgniter\CodeIgniter->createController()
 3 SYSTEMPATH\CodeIgniter.php(353): CodeIgniter\CodeIgniter->handleRequest(null, Object(Config\Cache), false)
 4 FCPATH\index.php(79): CodeIgniter\CodeIgniter->run()
WARNING - 2023-11-14 09:47:33 --> [DEPRECATED] Creation of dynamic property App\Controllers\Transaction::$transaction is deprecated in APPPATH\Controllers\Transaction.php on line 18.
 1 SYSTEMPATH\CodeIgniter.php(891): App\Controllers\Transaction->__construct()
 2 SYSTEMPATH\CodeIgniter.php(485): CodeIgniter\CodeIgniter->createController()
 3 SYSTEMPATH\CodeIgniter.php(353): CodeIgniter\CodeIgniter->handleRequest(null, Object(Config\Cache), false)
 4 FCPATH\index.php(79): CodeIgniter\CodeIgniter->run()
INFO - 2023-11-14 09:47:33 --> Session: Class initialized using 'CodeIgniter\Session\Handlers\FileHandler' driver.
WARNING - 2023-11-14 09:47:51 --> [DEPRECATED] Creation of dynamic property App\Controllers\Transaction::$playstation is deprecated in APPPATH\Controllers\Transaction.php on line 17.
 1 SYSTEMPATH\CodeIgniter.php(891): App\Controllers\Transaction->__construct()
 2 SYSTEMPATH\CodeIgniter.php(485): CodeIgniter\CodeIgniter->createController()
 3 SYSTEMPATH\CodeIgniter.php(353): CodeIgniter\CodeIgniter->handleRequest(null, Object(Config\Cache), false)
 4 FCPATH\index.php(79): CodeIgniter\CodeIgniter->run()
WARNING - 2023-11-14 09:47:51 --> [DEPRECATED] Creation of dynamic property App\Controllers\Transaction::$transaction is deprecated in APPPATH\Controllers\Transaction.php on line 18.
 1 SYSTEMPATH\CodeIgniter.php(891): App\Controllers\Transaction->__construct()
 2 SYSTEMPATH\CodeIgniter.php(485): CodeIgniter\CodeIgniter->createController()
 3 SYSTEMPATH\CodeIgniter.php(353): CodeIgniter\CodeIgniter->handleRequest(null, Object(Config\Cache), false)
 4 FCPATH\index.php(79): CodeIgniter\CodeIgniter->run()
INFO - 2023-11-14 09:47:51 --> Session: Class initialized using 'CodeIgniter\Session\Handlers\FileHandler' driver.
WARNING - 2023-11-14 09:49:14 --> [DEPRECATED] Creation of dynamic property App\Controllers\Transaction::$playstation is deprecated in APPPATH\Controllers\Transaction.php on line 17.
 1 SYSTEMPATH\CodeIgniter.php(891): App\Controllers\Transaction->__construct()
 2 SYSTEMPATH\CodeIgniter.php(485): CodeIgniter\CodeIgniter->createController()
 3 SYSTEMPATH\CodeIgniter.php(353): CodeIgniter\CodeIgniter->handleRequest(null, Object(Config\Cache), false)
 4 FCPATH\index.php(79): CodeIgniter\CodeIgniter->run()
WARNING - 2023-11-14 09:49:14 --> [DEPRECATED] Creation of dynamic property App\Controllers\Transaction::$transaction is deprecated in APPPATH\Controllers\Transaction.php on line 18.
 1 SYSTEMPATH\CodeIgniter.php(891): App\Controllers\Transaction->__construct()
 2 SYSTEMPATH\CodeIgniter.php(485): CodeIgniter\CodeIgniter->createController()
 3 SYSTEMPATH\CodeIgniter.php(353): CodeIgniter\CodeIgniter->handleRequest(null, Object(Config\Cache), false)
 4 FCPATH\index.php(79): CodeIgniter\CodeIgniter->run()
INFO - 2023-11-14 09:49:14 --> Session: Class initialized using 'CodeIgniter\Session\Handlers\FileHandler' driver.
WARNING - 2023-11-14 09:50:54 --> [DEPRECATED] Creation of dynamic property App\Controllers\Transaction::$playstation is deprecated in APPPATH\Controllers\Transaction.php on line 17.
 1 SYSTEMPATH\CodeIgniter.php(891): App\Controllers\Transaction->__construct()
 2 SYSTEMPATH\CodeIgniter.php(485): CodeIgniter\CodeIgniter->createController()
 3 SYSTEMPATH\CodeIgniter.php(353): CodeIgniter\CodeIgniter->handleRequest(null, Object(Config\Cache), false)
 4 FCPATH\index.php(79): CodeIgniter\CodeIgniter->run()
WARNING - 2023-11-14 09:50:54 --> [DEPRECATED] Creation of dynamic property App\Controllers\Transaction::$transaction is deprecated in APPPATH\Controllers\Transaction.php on line 18.
 1 SYSTEMPATH\CodeIgniter.php(891): App\Controllers\Transaction->__construct()
 2 SYSTEMPATH\CodeIgniter.php(485): CodeIgniter\CodeIgniter->createController()
 3 SYSTEMPATH\CodeIgniter.php(353): CodeIgniter\CodeIgniter->handleRequest(null, Object(Config\Cache), false)
 4 FCPATH\index.php(79): CodeIgniter\CodeIgniter->run()
INFO - 2023-11-14 09:50:54 --> Session: Class initialized using 'CodeIgniter\Session\Handlers\FileHandler' driver.
WARNING - 2023-11-14 09:51:10 --> [DEPRECATED] Creation of dynamic property App\Controllers\Transaction::$playstation is deprecated in APPPATH\Controllers\Transaction.php on line 17.
 1 SYSTEMPATH\CodeIgniter.php(891): App\Controllers\Transaction->__construct()
 2 SYSTEMPATH\CodeIgniter.php(485): CodeIgniter\CodeIgniter->createController()
 3 SYSTEMPATH\CodeIgniter.php(353): CodeIgniter\CodeIgniter->handleRequest(null, Object(Config\Cache), false)
 4 FCPATH\index.php(79): CodeIgniter\CodeIgniter->run()
WARNING - 2023-11-14 09:51:10 --> [DEPRECATED] Creation of dynamic property App\Controllers\Transaction::$transaction is deprecated in APPPATH\Controllers\Transaction.php on line 18.
 1 SYSTEMPATH\CodeIgniter.php(891): App\Controllers\Transaction->__construct()
 2 SYSTEMPATH\CodeIgniter.php(485): CodeIgniter\CodeIgniter->createController()
 3 SYSTEMPATH\CodeIgniter.php(353): CodeIgniter\CodeIgniter->handleRequest(null, Object(Config\Cache), false)
 4 FCPATH\index.php(79): CodeIgniter\CodeIgniter->run()
INFO - 2023-11-14 09:51:10 --> Session: Class initialized using 'CodeIgniter\Session\Handlers\FileHandler' driver.
WARNING - 2023-11-14 09:53:45 --> [DEPRECATED] Creation of dynamic property App\Controllers\Transaction::$playstation is deprecated in APPPATH\Controllers\Transaction.php on line 17.
 1 SYSTEMPATH\CodeIgniter.php(891): App\Controllers\Transaction->__construct()
 2 SYSTEMPATH\CodeIgniter.php(485): CodeIgniter\CodeIgniter->createController()
 3 SYSTEMPATH\CodeIgniter.php(353): CodeIgniter\CodeIgniter->handleRequest(null, Object(Config\Cache), false)
 4 FCPATH\index.php(79): CodeIgniter\CodeIgniter->run()
WARNING - 2023-11-14 09:53:45 --> [DEPRECATED] Creation of dynamic property App\Controllers\Transaction::$transaction is deprecated in APPPATH\Controllers\Transaction.php on line 18.
 1 SYSTEMPATH\CodeIgniter.php(891): App\Controllers\Transaction->__construct()
 2 SYSTEMPATH\CodeIgniter.php(485): CodeIgniter\CodeIgniter->createController()
 3 SYSTEMPATH\CodeIgniter.php(353): CodeIgniter\CodeIgniter->handleRequest(null, Object(Config\Cache), false)
 4 FCPATH\index.php(79): CodeIgniter\CodeIgniter->run()
INFO - 2023-11-14 09:53:45 --> Session: Class initialized using 'CodeIgniter\Session\Handlers\FileHandler' driver.
WARNING - 2023-11-14 09:54:05 --> [DEPRECATED] Creation of dynamic property App\Controllers\Transaction::$playstation is deprecated in APPPATH\Controllers\Transaction.php on line 17.
 1 SYSTEMPATH\CodeIgniter.php(891): App\Controllers\Transaction->__construct()
 2 SYSTEMPATH\CodeIgniter.php(485): CodeIgniter\CodeIgniter->createController()
 3 SYSTEMPATH\CodeIgniter.php(353): CodeIgniter\CodeIgniter->handleRequest(null, Object(Config\Cache), false)
 4 FCPATH\index.php(79): CodeIgniter\CodeIgniter->run()
WARNING - 2023-11-14 09:54:05 --> [DEPRECATED] Creation of dynamic property App\Controllers\Transaction::$transaction is deprecated in APPPATH\Controllers\Transaction.php on line 18.
 1 SYSTEMPATH\CodeIgniter.php(891): App\Controllers\Transaction->__construct()
 2 SYSTEMPATH\CodeIgniter.php(485): CodeIgniter\CodeIgniter->createController()
 3 SYSTEMPATH\CodeIgniter.php(353): CodeIgniter\CodeIgniter->handleRequest(null, Object(Config\Cache), false)
 4 FCPATH\index.php(79): CodeIgniter\CodeIgniter->run()
INFO - 2023-11-14 09:54:05 --> Session: Class initialized using 'CodeIgniter\Session\Handlers\FileHandler' driver.
WARNING - 2023-11-14 09:54:21 --> [DEPRECATED] Creation of dynamic property App\Controllers\Transaction::$playstation is deprecated in APPPATH\Controllers\Transaction.php on line 17.
 1 SYSTEMPATH\CodeIgniter.php(891): App\Controllers\Transaction->__construct()
 2 SYSTEMPATH\CodeIgniter.php(485): CodeIgniter\CodeIgniter->createController()
 3 SYSTEMPATH\CodeIgniter.php(353): CodeIgniter\CodeIgniter->handleRequest(null, Object(Config\Cache), false)
 4 FCPATH\index.php(79): CodeIgniter\CodeIgniter->run()
WARNING - 2023-11-14 09:54:21 --> [DEPRECATED] Creation of dynamic property App\Controllers\Transaction::$transaction is deprecated in APPPATH\Controllers\Transaction.php on line 18.
 1 SYSTEMPATH\CodeIgniter.php(891): App\Controllers\Transaction->__construct()
 2 SYSTEMPATH\CodeIgniter.php(485): CodeIgniter\CodeIgniter->createController()
 3 SYSTEMPATH\CodeIgniter.php(353): CodeIgniter\CodeIgniter->handleRequest(null, Object(Config\Cache), false)
 4 FCPATH\index.php(79): CodeIgniter\CodeIgniter->run()
INFO - 2023-11-14 09:54:21 --> Session: Class initialized using 'CodeIgniter\Session\Handlers\FileHandler' driver.
WARNING - 2023-11-14 10:00:27 --> [DEPRECATED] Creation of dynamic property App\Controllers\Transaction::$playstation is deprecated in APPPATH\Controllers\Transaction.php on line 17.
 1 SYSTEMPATH\CodeIgniter.php(891): App\Controllers\Transaction->__construct()
 2 SYSTEMPATH\CodeIgniter.php(485): CodeIgniter\CodeIgniter->createController()
 3 SYSTEMPATH\CodeIgniter.php(353): CodeIgniter\CodeIgniter->handleRequest(null, Object(Config\Cache), false)
 4 FCPATH\index.php(79): CodeIgniter\CodeIgniter->run()
WARNING - 2023-11-14 10:00:27 --> [DEPRECATED] Creation of dynamic property App\Controllers\Transaction::$transaction is deprecated in APPPATH\Controllers\Transaction.php on line 18.
 1 SYSTEMPATH\CodeIgniter.php(891): App\Controllers\Transaction->__construct()
 2 SYSTEMPATH\CodeIgniter.php(485): CodeIgniter\CodeIgniter->createController()
 3 SYSTEMPATH\CodeIgniter.php(353): CodeIgniter\CodeIgniter->handleRequest(null, Object(Config\Cache), false)
 4 FCPATH\index.php(79): CodeIgniter\CodeIgniter->run()
INFO - 2023-11-14 10:00:27 --> Session: Class initialized using 'CodeIgniter\Session\Handlers\FileHandler' driver.
