WARNING - 2023-10-31 20:44:25 --> [DEPRECATED] Creation of dynamic property App\Controllers\Transaction::$playstation is deprecated in APPPATH\Controllers\Transaction.php on line 16.
 1 SYSTEMPATH\CodeIgniter.php(891): App\Controllers\Transaction->__construct()
 2 SYSTEMPATH\CodeIgniter.php(485): CodeIgniter\CodeIgniter->createController()
 3 SYSTEMPATH\CodeIgniter.php(353): CodeIgniter\CodeIgniter->handleRequest(null, Object(Config\Cache), false)
 4 FCPATH\index.php(79): CodeIgniter\CodeIgniter->run()
WARNING - 2023-10-31 22:26:02 --> [DEPRECATED] Creation of dynamic property App\Controllers\Transaction::$playstation is deprecated in APPPATH\Controllers\Transaction.php on line 17.
 1 SYSTEMPATH\CodeIgniter.php(891): App\Controllers\Transaction->__construct()
 2 SYSTEMPATH\CodeIgniter.php(485): CodeIgniter\CodeIgniter->createController()
 3 SYSTEMPATH\CodeIgniter.php(353): CodeIgniter\CodeIgniter->handleRequest(null, Object(Config\Cache), false)
 4 FCPATH\index.php(79): CodeIgniter\CodeIgniter->run()
WARNING - 2023-10-31 22:26:02 --> [DEPRECATED] Creation of dynamic property App\Controllers\Transaction::$transaction is deprecated in APPPATH\Controllers\Transaction.php on line 18.
 1 SYSTEMPATH\CodeIgniter.php(891): App\Controllers\Transaction->__construct()
 2 SYSTEMPATH\CodeIgniter.php(485): CodeIgniter\CodeIgniter->createController()
 3 SYSTEMPATH\CodeIgniter.php(353): CodeIgniter\CodeIgniter->handleRequest(null, Object(Config\Cache), false)
 4 FCPATH\index.php(79): CodeIgniter\CodeIgniter->run()
CRITICAL - 2023-10-31 22:26:03 --> Undefined array key "Total_Bermain"
in APPPATH\Controllers\Transaction.php on line 71.
 1 APPPATH\Controllers\Transaction.php(71): CodeIgniter\Debug\Exceptions->errorHandler(2, 'Undefined array key "Total_Bermain"', 'C:\\xampp\\htdocs\\rent\\app\\Controllers\\Transaction.php', 71)
 2 SYSTEMPATH\CodeIgniter.php(919): App\Controllers\Transaction->pes_table()
 3 SYSTEMPATH\CodeIgniter.php(494): CodeIgniter\CodeIgniter->runController(Object(App\Controllers\Transaction))
 4 SYSTEMPATH\CodeIgniter.php(353): CodeIgniter\CodeIgniter->handleRequest(null, Object(Config\Cache), false)
 5 FCPATH\index.php(79): CodeIgniter\CodeIgniter->run()
WARNING - 2023-10-31 22:27:02 --> [DEPRECATED] Creation of dynamic property App\Controllers\Transaction::$playstation is deprecated in APPPATH\Controllers\Transaction.php on line 17.
 1 SYSTEMPATH\CodeIgniter.php(891): App\Controllers\Transaction->__construct()
 2 SYSTEMPATH\CodeIgniter.php(485): CodeIgniter\CodeIgniter->createController()
 3 SYSTEMPATH\CodeIgniter.php(353): CodeIgniter\CodeIgniter->handleRequest(null, Object(Config\Cache), false)
 4 FCPATH\index.php(79): CodeIgniter\CodeIgniter->run()
WARNING - 2023-10-31 22:27:02 --> [DEPRECATED] Creation of dynamic property App\Controllers\Transaction::$transaction is deprecated in APPPATH\Controllers\Transaction.php on line 18.
 1 SYSTEMPATH\CodeIgniter.php(891): App\Controllers\Transaction->__construct()
 2 SYSTEMPATH\CodeIgniter.php(485): CodeIgniter\CodeIgniter->createController()
 3 SYSTEMPATH\CodeIgniter.php(353): CodeIgniter\CodeIgniter->handleRequest(null, Object(Config\Cache), false)
 4 FCPATH\index.php(79): CodeIgniter\CodeIgniter->run()
WARNING - 2023-10-31 22:27:05 --> [DEPRECATED] Creation of dynamic property App\Controllers\Transaction::$playstation is deprecated in APPPATH\Controllers\Transaction.php on line 17.
 1 SYSTEMPATH\CodeIgniter.php(891): App\Controllers\Transaction->__construct()
 2 SYSTEMPATH\CodeIgniter.php(485): CodeIgniter\CodeIgniter->createController()
 3 SYSTEMPATH\CodeIgniter.php(353): CodeIgniter\CodeIgniter->handleRequest(null, Object(Config\Cache), false)
 4 FCPATH\index.php(79): CodeIgniter\CodeIgniter->run()
WARNING - 2023-10-31 22:27:05 --> [DEPRECATED] Creation of dynamic property App\Controllers\Transaction::$transaction is deprecated in APPPATH\Controllers\Transaction.php on line 18.
 1 SYSTEMPATH\CodeIgniter.php(891): App\Controllers\Transaction->__construct()
 2 SYSTEMPATH\CodeIgniter.php(485): CodeIgniter\CodeIgniter->createController()
 3 SYSTEMPATH\CodeIgniter.php(353): CodeIgniter\CodeIgniter->handleRequest(null, Object(Config\Cache), false)
 4 FCPATH\index.php(79): CodeIgniter\CodeIgniter->run()
WARNING - 2023-10-31 22:27:17 --> [DEPRECATED] Creation of dynamic property App\Controllers\Transaction::$playstation is deprecated in APPPATH\Controllers\Transaction.php on line 17.
 1 SYSTEMPATH\CodeIgniter.php(891): App\Controllers\Transaction->__construct()
 2 SYSTEMPATH\CodeIgniter.php(485): CodeIgniter\CodeIgniter->createController()
 3 SYSTEMPATH\CodeIgniter.php(353): CodeIgniter\CodeIgniter->handleRequest(null, Object(Config\Cache), false)
 4 FCPATH\index.php(79): CodeIgniter\CodeIgniter->run()
WARNING - 2023-10-31 22:27:17 --> [DEPRECATED] Creation of dynamic property App\Controllers\Transaction::$transaction is deprecated in APPPATH\Controllers\Transaction.php on line 18.
 1 SYSTEMPATH\CodeIgniter.php(891): App\Controllers\Transaction->__construct()
 2 SYSTEMPATH\CodeIgniter.php(485): CodeIgniter\CodeIgniter->createController()
 3 SYSTEMPATH\CodeIgniter.php(353): CodeIgniter\CodeIgniter->handleRequest(null, Object(Config\Cache), false)
 4 FCPATH\index.php(79): CodeIgniter\CodeIgniter->run()
WARNING - 2023-10-31 22:27:46 --> [DEPRECATED] Creation of dynamic property App\Controllers\Transaction::$playstation is deprecated in APPPATH\Controllers\Transaction.php on line 17.
 1 SYSTEMPATH\CodeIgniter.php(891): App\Controllers\Transaction->__construct()
 2 SYSTEMPATH\CodeIgniter.php(485): CodeIgniter\CodeIgniter->createController()
 3 SYSTEMPATH\CodeIgniter.php(353): CodeIgniter\CodeIgniter->handleRequest(null, Object(Config\Cache), false)
 4 FCPATH\index.php(79): CodeIgniter\CodeIgniter->run()
WARNING - 2023-10-31 22:27:46 --> [DEPRECATED] Creation of dynamic property App\Controllers\Transaction::$transaction is deprecated in APPPATH\Controllers\Transaction.php on line 18.
 1 SYSTEMPATH\CodeIgniter.php(891): App\Controllers\Transaction->__construct()
 2 SYSTEMPATH\CodeIgniter.php(485): CodeIgniter\CodeIgniter->createController()
 3 SYSTEMPATH\CodeIgniter.php(353): CodeIgniter\CodeIgniter->handleRequest(null, Object(Config\Cache), false)
 4 FCPATH\index.php(79): CodeIgniter\CodeIgniter->run()
WARNING - 2023-10-31 22:27:48 --> [DEPRECATED] Creation of dynamic property App\Controllers\Transaction::$playstation is deprecated in APPPATH\Controllers\Transaction.php on line 17.
 1 SYSTEMPATH\CodeIgniter.php(891): App\Controllers\Transaction->__construct()
 2 SYSTEMPATH\CodeIgniter.php(485): CodeIgniter\CodeIgniter->createController()
 3 SYSTEMPATH\CodeIgniter.php(353): CodeIgniter\CodeIgniter->handleRequest(null, Object(Config\Cache), false)
 4 FCPATH\index.php(79): CodeIgniter\CodeIgniter->run()
WARNING - 2023-10-31 22:27:48 --> [DEPRECATED] Creation of dynamic property App\Controllers\Transaction::$transaction is deprecated in APPPATH\Controllers\Transaction.php on line 18.
 1 SYSTEMPATH\CodeIgniter.php(891): App\Controllers\Transaction->__construct()
 2 SYSTEMPATH\CodeIgniter.php(485): CodeIgniter\CodeIgniter->createController()
 3 SYSTEMPATH\CodeIgniter.php(353): CodeIgniter\CodeIgniter->handleRequest(null, Object(Config\Cache), false)
 4 FCPATH\index.php(79): CodeIgniter\CodeIgniter->run()
WARNING - 2023-10-31 22:39:22 --> [DEPRECATED] Creation of dynamic property App\Controllers\Transaction::$playstation is deprecated in APPPATH\Controllers\Transaction.php on line 17.
 1 SYSTEMPATH\CodeIgniter.php(891): App\Controllers\Transaction->__construct()
 2 SYSTEMPATH\CodeIgniter.php(485): CodeIgniter\CodeIgniter->createController()
 3 SYSTEMPATH\CodeIgniter.php(353): CodeIgniter\CodeIgniter->handleRequest(null, Object(Config\Cache), false)
 4 FCPATH\index.php(79): CodeIgniter\CodeIgniter->run()
WARNING - 2023-10-31 22:39:22 --> [DEPRECATED] Creation of dynamic property App\Controllers\Transaction::$transaction is deprecated in APPPATH\Controllers\Transaction.php on line 18.
 1 SYSTEMPATH\CodeIgniter.php(891): App\Controllers\Transaction->__construct()
 2 SYSTEMPATH\CodeIgniter.php(485): CodeIgniter\CodeIgniter->createController()
 3 SYSTEMPATH\CodeIgniter.php(353): CodeIgniter\CodeIgniter->handleRequest(null, Object(Config\Cache), false)
 4 FCPATH\index.php(79): CodeIgniter\CodeIgniter->run()
WARNING - 2023-10-31 22:39:22 --> [DEPRECATED] Creation of dynamic property App\Controllers\Transaction::$playstation is deprecated in APPPATH\Controllers\Transaction.php on line 17.
 1 SYSTEMPATH\CodeIgniter.php(891): App\Controllers\Transaction->__construct()
 2 SYSTEMPATH\CodeIgniter.php(485): CodeIgniter\CodeIgniter->createController()
 3 SYSTEMPATH\CodeIgniter.php(353): CodeIgniter\CodeIgniter->handleRequest(null, Object(Config\Cache), false)
 4 FCPATH\index.php(79): CodeIgniter\CodeIgniter->run()
WARNING - 2023-10-31 22:39:22 --> [DEPRECATED] Creation of dynamic property App\Controllers\Transaction::$transaction is deprecated in APPPATH\Controllers\Transaction.php on line 18.
 1 SYSTEMPATH\CodeIgniter.php(891): App\Controllers\Transaction->__construct()
 2 SYSTEMPATH\CodeIgniter.php(485): CodeIgniter\CodeIgniter->createController()
 3 SYSTEMPATH\CodeIgniter.php(353): CodeIgniter\CodeIgniter->handleRequest(null, Object(Config\Cache), false)
 4 FCPATH\index.php(79): CodeIgniter\CodeIgniter->run()
WARNING - 2023-10-31 22:39:26 --> [DEPRECATED] Creation of dynamic property App\Controllers\Transaction::$playstation is deprecated in APPPATH\Controllers\Transaction.php on line 17.
 1 SYSTEMPATH\CodeIgniter.php(891): App\Controllers\Transaction->__construct()
 2 SYSTEMPATH\CodeIgniter.php(485): CodeIgniter\CodeIgniter->createController()
 3 SYSTEMPATH\CodeIgniter.php(353): CodeIgniter\CodeIgniter->handleRequest(null, Object(Config\Cache), false)
 4 FCPATH\index.php(79): CodeIgniter\CodeIgniter->run()
WARNING - 2023-10-31 22:39:26 --> [DEPRECATED] Creation of dynamic property App\Controllers\Transaction::$transaction is deprecated in APPPATH\Controllers\Transaction.php on line 18.
 1 SYSTEMPATH\CodeIgniter.php(891): App\Controllers\Transaction->__construct()
 2 SYSTEMPATH\CodeIgniter.php(485): CodeIgniter\CodeIgniter->createController()
 3 SYSTEMPATH\CodeIgniter.php(353): CodeIgniter\CodeIgniter->handleRequest(null, Object(Config\Cache), false)
 4 FCPATH\index.php(79): CodeIgniter\CodeIgniter->run()
WARNING - 2023-10-31 22:39:27 --> [DEPRECATED] Creation of dynamic property App\Controllers\Transaction::$playstation is deprecated in APPPATH\Controllers\Transaction.php on line 17.
 1 SYSTEMPATH\CodeIgniter.php(891): App\Controllers\Transaction->__construct()
 2 SYSTEMPATH\CodeIgniter.php(485): CodeIgniter\CodeIgniter->createController()
 3 SYSTEMPATH\CodeIgniter.php(353): CodeIgniter\CodeIgniter->handleRequest(null, Object(Config\Cache), false)
 4 FCPATH\index.php(79): CodeIgniter\CodeIgniter->run()
WARNING - 2023-10-31 22:39:27 --> [DEPRECATED] Creation of dynamic property App\Controllers\Transaction::$transaction is deprecated in APPPATH\Controllers\Transaction.php on line 18.
 1 SYSTEMPATH\CodeIgniter.php(891): App\Controllers\Transaction->__construct()
 2 SYSTEMPATH\CodeIgniter.php(485): CodeIgniter\CodeIgniter->createController()
 3 SYSTEMPATH\CodeIgniter.php(353): CodeIgniter\CodeIgniter->handleRequest(null, Object(Config\Cache), false)
 4 FCPATH\index.php(79): CodeIgniter\CodeIgniter->run()
WARNING - 2023-10-31 22:40:37 --> [DEPRECATED] Creation of dynamic property App\Controllers\Transaction::$playstation is deprecated in APPPATH\Controllers\Transaction.php on line 17.
 1 SYSTEMPATH\CodeIgniter.php(891): App\Controllers\Transaction->__construct()
 2 SYSTEMPATH\CodeIgniter.php(485): CodeIgniter\CodeIgniter->createController()
 3 SYSTEMPATH\CodeIgniter.php(353): CodeIgniter\CodeIgniter->handleRequest(null, Object(Config\Cache), false)
 4 FCPATH\index.php(79): CodeIgniter\CodeIgniter->run()
WARNING - 2023-10-31 22:40:37 --> [DEPRECATED] Creation of dynamic property App\Controllers\Transaction::$transaction is deprecated in APPPATH\Controllers\Transaction.php on line 18.
 1 SYSTEMPATH\CodeIgniter.php(891): App\Controllers\Transaction->__construct()
 2 SYSTEMPATH\CodeIgniter.php(485): CodeIgniter\CodeIgniter->createController()
 3 SYSTEMPATH\CodeIgniter.php(353): CodeIgniter\CodeIgniter->handleRequest(null, Object(Config\Cache), false)
 4 FCPATH\index.php(79): CodeIgniter\CodeIgniter->run()
WARNING - 2023-10-31 22:40:38 --> [DEPRECATED] Creation of dynamic property App\Controllers\Transaction::$playstation is deprecated in APPPATH\Controllers\Transaction.php on line 17.
 1 SYSTEMPATH\CodeIgniter.php(891): App\Controllers\Transaction->__construct()
 2 SYSTEMPATH\CodeIgniter.php(485): CodeIgniter\CodeIgniter->createController()
 3 SYSTEMPATH\CodeIgniter.php(353): CodeIgniter\CodeIgniter->handleRequest(null, Object(Config\Cache), false)
 4 FCPATH\index.php(79): CodeIgniter\CodeIgniter->run()
WARNING - 2023-10-31 22:40:38 --> [DEPRECATED] Creation of dynamic property App\Controllers\Transaction::$transaction is deprecated in APPPATH\Controllers\Transaction.php on line 18.
 1 SYSTEMPATH\CodeIgniter.php(891): App\Controllers\Transaction->__construct()
 2 SYSTEMPATH\CodeIgniter.php(485): CodeIgniter\CodeIgniter->createController()
 3 SYSTEMPATH\CodeIgniter.php(353): CodeIgniter\CodeIgniter->handleRequest(null, Object(Config\Cache), false)
 4 FCPATH\index.php(79): CodeIgniter\CodeIgniter->run()
WARNING - 2023-10-31 22:40:55 --> [DEPRECATED] Creation of dynamic property App\Controllers\Transaction::$playstation is deprecated in APPPATH\Controllers\Transaction.php on line 17.
 1 SYSTEMPATH\CodeIgniter.php(891): App\Controllers\Transaction->__construct()
 2 SYSTEMPATH\CodeIgniter.php(485): CodeIgniter\CodeIgniter->createController()
 3 SYSTEMPATH\CodeIgniter.php(353): CodeIgniter\CodeIgniter->handleRequest(null, Object(Config\Cache), false)
 4 FCPATH\index.php(79): CodeIgniter\CodeIgniter->run()
WARNING - 2023-10-31 22:40:55 --> [DEPRECATED] Creation of dynamic property App\Controllers\Transaction::$transaction is deprecated in APPPATH\Controllers\Transaction.php on line 18.
 1 SYSTEMPATH\CodeIgniter.php(891): App\Controllers\Transaction->__construct()
 2 SYSTEMPATH\CodeIgniter.php(485): CodeIgniter\CodeIgniter->createController()
 3 SYSTEMPATH\CodeIgniter.php(353): CodeIgniter\CodeIgniter->handleRequest(null, Object(Config\Cache), false)
 4 FCPATH\index.php(79): CodeIgniter\CodeIgniter->run()
WARNING - 2023-10-31 22:41:01 --> [DEPRECATED] Creation of dynamic property App\Controllers\Transaction::$playstation is deprecated in APPPATH\Controllers\Transaction.php on line 17.
 1 SYSTEMPATH\CodeIgniter.php(891): App\Controllers\Transaction->__construct()
 2 SYSTEMPATH\CodeIgniter.php(485): CodeIgniter\CodeIgniter->createController()
 3 SYSTEMPATH\CodeIgniter.php(353): CodeIgniter\CodeIgniter->handleRequest(null, Object(Config\Cache), false)
 4 FCPATH\index.php(79): CodeIgniter\CodeIgniter->run()
WARNING - 2023-10-31 22:41:01 --> [DEPRECATED] Creation of dynamic property App\Controllers\Transaction::$transaction is deprecated in APPPATH\Controllers\Transaction.php on line 18.
 1 SYSTEMPATH\CodeIgniter.php(891): App\Controllers\Transaction->__construct()
 2 SYSTEMPATH\CodeIgniter.php(485): CodeIgniter\CodeIgniter->createController()
 3 SYSTEMPATH\CodeIgniter.php(353): CodeIgniter\CodeIgniter->handleRequest(null, Object(Config\Cache), false)
 4 FCPATH\index.php(79): CodeIgniter\CodeIgniter->run()
WARNING - 2023-10-31 22:41:01 --> [DEPRECATED] Creation of dynamic property App\Controllers\Transaction::$playstation is deprecated in APPPATH\Controllers\Transaction.php on line 17.
 1 SYSTEMPATH\CodeIgniter.php(891): App\Controllers\Transaction->__construct()
 2 SYSTEMPATH\CodeIgniter.php(485): CodeIgniter\CodeIgniter->createController()
 3 SYSTEMPATH\CodeIgniter.php(353): CodeIgniter\CodeIgniter->handleRequest(null, Object(Config\Cache), false)
 4 FCPATH\index.php(79): CodeIgniter\CodeIgniter->run()
WARNING - 2023-10-31 22:41:01 --> [DEPRECATED] Creation of dynamic property App\Controllers\Transaction::$transaction is deprecated in APPPATH\Controllers\Transaction.php on line 18.
 1 SYSTEMPATH\CodeIgniter.php(891): App\Controllers\Transaction->__construct()
 2 SYSTEMPATH\CodeIgniter.php(485): CodeIgniter\CodeIgniter->createController()
 3 SYSTEMPATH\CodeIgniter.php(353): CodeIgniter\CodeIgniter->handleRequest(null, Object(Config\Cache), false)
 4 FCPATH\index.php(79): CodeIgniter\CodeIgniter->run()
WARNING - 2023-10-31 22:41:57 --> [DEPRECATED] Creation of dynamic property App\Controllers\Transaction::$playstation is deprecated in APPPATH\Controllers\Transaction.php on line 17.
 1 SYSTEMPATH\CodeIgniter.php(891): App\Controllers\Transaction->__construct()
 2 SYSTEMPATH\CodeIgniter.php(485): CodeIgniter\CodeIgniter->createController()
 3 SYSTEMPATH\CodeIgniter.php(353): CodeIgniter\CodeIgniter->handleRequest(null, Object(Config\Cache), false)
 4 FCPATH\index.php(79): CodeIgniter\CodeIgniter->run()
WARNING - 2023-10-31 22:41:57 --> [DEPRECATED] Creation of dynamic property App\Controllers\Transaction::$transaction is deprecated in APPPATH\Controllers\Transaction.php on line 18.
 1 SYSTEMPATH\CodeIgniter.php(891): App\Controllers\Transaction->__construct()
 2 SYSTEMPATH\CodeIgniter.php(485): CodeIgniter\CodeIgniter->createController()
 3 SYSTEMPATH\CodeIgniter.php(353): CodeIgniter\CodeIgniter->handleRequest(null, Object(Config\Cache), false)
 4 FCPATH\index.php(79): CodeIgniter\CodeIgniter->run()
WARNING - 2023-10-31 22:41:58 --> [DEPRECATED] Creation of dynamic property App\Controllers\Transaction::$playstation is deprecated in APPPATH\Controllers\Transaction.php on line 17.
 1 SYSTEMPATH\CodeIgniter.php(891): App\Controllers\Transaction->__construct()
 2 SYSTEMPATH\CodeIgniter.php(485): CodeIgniter\CodeIgniter->createController()
 3 SYSTEMPATH\CodeIgniter.php(353): CodeIgniter\CodeIgniter->handleRequest(null, Object(Config\Cache), false)
 4 FCPATH\index.php(79): CodeIgniter\CodeIgniter->run()
WARNING - 2023-10-31 22:41:58 --> [DEPRECATED] Creation of dynamic property App\Controllers\Transaction::$transaction is deprecated in APPPATH\Controllers\Transaction.php on line 18.
 1 SYSTEMPATH\CodeIgniter.php(891): App\Controllers\Transaction->__construct()
 2 SYSTEMPATH\CodeIgniter.php(485): CodeIgniter\CodeIgniter->createController()
 3 SYSTEMPATH\CodeIgniter.php(353): CodeIgniter\CodeIgniter->handleRequest(null, Object(Config\Cache), false)
 4 FCPATH\index.php(79): CodeIgniter\CodeIgniter->run()
WARNING - 2023-10-31 22:42:00 --> [DEPRECATED] Creation of dynamic property App\Controllers\Transaction::$playstation is deprecated in APPPATH\Controllers\Transaction.php on line 17.
 1 SYSTEMPATH\CodeIgniter.php(891): App\Controllers\Transaction->__construct()
 2 SYSTEMPATH\CodeIgniter.php(485): CodeIgniter\CodeIgniter->createController()
 3 SYSTEMPATH\CodeIgniter.php(353): CodeIgniter\CodeIgniter->handleRequest(null, Object(Config\Cache), false)
 4 FCPATH\index.php(79): CodeIgniter\CodeIgniter->run()
WARNING - 2023-10-31 22:42:00 --> [DEPRECATED] Creation of dynamic property App\Controllers\Transaction::$transaction is deprecated in APPPATH\Controllers\Transaction.php on line 18.
 1 SYSTEMPATH\CodeIgniter.php(891): App\Controllers\Transaction->__construct()
 2 SYSTEMPATH\CodeIgniter.php(485): CodeIgniter\CodeIgniter->createController()
 3 SYSTEMPATH\CodeIgniter.php(353): CodeIgniter\CodeIgniter->handleRequest(null, Object(Config\Cache), false)
 4 FCPATH\index.php(79): CodeIgniter\CodeIgniter->run()
WARNING - 2023-10-31 22:43:50 --> [DEPRECATED] Creation of dynamic property App\Controllers\Transaction::$playstation is deprecated in APPPATH\Controllers\Transaction.php on line 17.
 1 SYSTEMPATH\CodeIgniter.php(891): App\Controllers\Transaction->__construct()
 2 SYSTEMPATH\CodeIgniter.php(485): CodeIgniter\CodeIgniter->createController()
 3 SYSTEMPATH\CodeIgniter.php(353): CodeIgniter\CodeIgniter->handleRequest(null, Object(Config\Cache), false)
 4 FCPATH\index.php(79): CodeIgniter\CodeIgniter->run()
WARNING - 2023-10-31 22:43:50 --> [DEPRECATED] Creation of dynamic property App\Controllers\Transaction::$transaction is deprecated in APPPATH\Controllers\Transaction.php on line 18.
 1 SYSTEMPATH\CodeIgniter.php(891): App\Controllers\Transaction->__construct()
 2 SYSTEMPATH\CodeIgniter.php(485): CodeIgniter\CodeIgniter->createController()
 3 SYSTEMPATH\CodeIgniter.php(353): CodeIgniter\CodeIgniter->handleRequest(null, Object(Config\Cache), false)
 4 FCPATH\index.php(79): CodeIgniter\CodeIgniter->run()
WARNING - 2023-10-31 22:43:51 --> [DEPRECATED] Creation of dynamic property App\Controllers\Transaction::$playstation is deprecated in APPPATH\Controllers\Transaction.php on line 17.
 1 SYSTEMPATH\CodeIgniter.php(891): App\Controllers\Transaction->__construct()
 2 SYSTEMPATH\CodeIgniter.php(485): CodeIgniter\CodeIgniter->createController()
 3 SYSTEMPATH\CodeIgniter.php(353): CodeIgniter\CodeIgniter->handleRequest(null, Object(Config\Cache), false)
 4 FCPATH\index.php(79): CodeIgniter\CodeIgniter->run()
WARNING - 2023-10-31 22:43:51 --> [DEPRECATED] Creation of dynamic property App\Controllers\Transaction::$transaction is deprecated in APPPATH\Controllers\Transaction.php on line 18.
 1 SYSTEMPATH\CodeIgniter.php(891): App\Controllers\Transaction->__construct()
 2 SYSTEMPATH\CodeIgniter.php(485): CodeIgniter\CodeIgniter->createController()
 3 SYSTEMPATH\CodeIgniter.php(353): CodeIgniter\CodeIgniter->handleRequest(null, Object(Config\Cache), false)
 4 FCPATH\index.php(79): CodeIgniter\CodeIgniter->run()
WARNING - 2023-10-31 22:43:53 --> [DEPRECATED] Creation of dynamic property App\Controllers\Transaction::$playstation is deprecated in APPPATH\Controllers\Transaction.php on line 17.
 1 SYSTEMPATH\CodeIgniter.php(891): App\Controllers\Transaction->__construct()
 2 SYSTEMPATH\CodeIgniter.php(485): CodeIgniter\CodeIgniter->createController()
 3 SYSTEMPATH\CodeIgniter.php(353): CodeIgniter\CodeIgniter->handleRequest(null, Object(Config\Cache), false)
 4 FCPATH\index.php(79): CodeIgniter\CodeIgniter->run()
WARNING - 2023-10-31 22:43:53 --> [DEPRECATED] Creation of dynamic property App\Controllers\Transaction::$transaction is deprecated in APPPATH\Controllers\Transaction.php on line 18.
 1 SYSTEMPATH\CodeIgniter.php(891): App\Controllers\Transaction->__construct()
 2 SYSTEMPATH\CodeIgniter.php(485): CodeIgniter\CodeIgniter->createController()
 3 SYSTEMPATH\CodeIgniter.php(353): CodeIgniter\CodeIgniter->handleRequest(null, Object(Config\Cache), false)
 4 FCPATH\index.php(79): CodeIgniter\CodeIgniter->run()
WARNING - 2023-10-31 22:43:53 --> [DEPRECATED] Creation of dynamic property App\Controllers\Transaction::$playstation is deprecated in APPPATH\Controllers\Transaction.php on line 17.
 1 SYSTEMPATH\CodeIgniter.php(891): App\Controllers\Transaction->__construct()
 2 SYSTEMPATH\CodeIgniter.php(485): CodeIgniter\CodeIgniter->createController()
 3 SYSTEMPATH\CodeIgniter.php(353): CodeIgniter\CodeIgniter->handleRequest(null, Object(Config\Cache), false)
 4 FCPATH\index.php(79): CodeIgniter\CodeIgniter->run()
WARNING - 2023-10-31 22:43:53 --> [DEPRECATED] Creation of dynamic property App\Controllers\Transaction::$transaction is deprecated in APPPATH\Controllers\Transaction.php on line 18.
 1 SYSTEMPATH\CodeIgniter.php(891): App\Controllers\Transaction->__construct()
 2 SYSTEMPATH\CodeIgniter.php(485): CodeIgniter\CodeIgniter->createController()
 3 SYSTEMPATH\CodeIgniter.php(353): CodeIgniter\CodeIgniter->handleRequest(null, Object(Config\Cache), false)
 4 FCPATH\index.php(79): CodeIgniter\CodeIgniter->run()
WARNING - 2023-10-31 22:45:13 --> [DEPRECATED] Creation of dynamic property App\Controllers\Transaction::$playstation is deprecated in APPPATH\Controllers\Transaction.php on line 17.
 1 SYSTEMPATH\CodeIgniter.php(891): App\Controllers\Transaction->__construct()
 2 SYSTEMPATH\CodeIgniter.php(485): CodeIgniter\CodeIgniter->createController()
 3 SYSTEMPATH\CodeIgniter.php(353): CodeIgniter\CodeIgniter->handleRequest(null, Object(Config\Cache), false)
 4 FCPATH\index.php(79): CodeIgniter\CodeIgniter->run()
WARNING - 2023-10-31 22:45:13 --> [DEPRECATED] Creation of dynamic property App\Controllers\Transaction::$transaction is deprecated in APPPATH\Controllers\Transaction.php on line 18.
 1 SYSTEMPATH\CodeIgniter.php(891): App\Controllers\Transaction->__construct()
 2 SYSTEMPATH\CodeIgniter.php(485): CodeIgniter\CodeIgniter->createController()
 3 SYSTEMPATH\CodeIgniter.php(353): CodeIgniter\CodeIgniter->handleRequest(null, Object(Config\Cache), false)
 4 FCPATH\index.php(79): CodeIgniter\CodeIgniter->run()
WARNING - 2023-10-31 22:45:14 --> [DEPRECATED] Creation of dynamic property App\Controllers\Transaction::$playstation is deprecated in APPPATH\Controllers\Transaction.php on line 17.
 1 SYSTEMPATH\CodeIgniter.php(891): App\Controllers\Transaction->__construct()
 2 SYSTEMPATH\CodeIgniter.php(485): CodeIgniter\CodeIgniter->createController()
 3 SYSTEMPATH\CodeIgniter.php(353): CodeIgniter\CodeIgniter->handleRequest(null, Object(Config\Cache), false)
 4 FCPATH\index.php(79): CodeIgniter\CodeIgniter->run()
WARNING - 2023-10-31 22:45:14 --> [DEPRECATED] Creation of dynamic property App\Controllers\Transaction::$transaction is deprecated in APPPATH\Controllers\Transaction.php on line 18.
 1 SYSTEMPATH\CodeIgniter.php(891): App\Controllers\Transaction->__construct()
 2 SYSTEMPATH\CodeIgniter.php(485): CodeIgniter\CodeIgniter->createController()
 3 SYSTEMPATH\CodeIgniter.php(353): CodeIgniter\CodeIgniter->handleRequest(null, Object(Config\Cache), false)
 4 FCPATH\index.php(79): CodeIgniter\CodeIgniter->run()
WARNING - 2023-10-31 22:52:52 --> [DEPRECATED] Creation of dynamic property App\Controllers\Transaction::$playstation is deprecated in APPPATH\Controllers\Transaction.php on line 17.
 1 SYSTEMPATH\CodeIgniter.php(891): App\Controllers\Transaction->__construct()
 2 SYSTEMPATH\CodeIgniter.php(485): CodeIgniter\CodeIgniter->createController()
 3 SYSTEMPATH\CodeIgniter.php(353): CodeIgniter\CodeIgniter->handleRequest(null, Object(Config\Cache), false)
 4 FCPATH\index.php(79): CodeIgniter\CodeIgniter->run()
WARNING - 2023-10-31 22:52:52 --> [DEPRECATED] Creation of dynamic property App\Controllers\Transaction::$transaction is deprecated in APPPATH\Controllers\Transaction.php on line 18.
 1 SYSTEMPATH\CodeIgniter.php(891): App\Controllers\Transaction->__construct()
 2 SYSTEMPATH\CodeIgniter.php(485): CodeIgniter\CodeIgniter->createController()
 3 SYSTEMPATH\CodeIgniter.php(353): CodeIgniter\CodeIgniter->handleRequest(null, Object(Config\Cache), false)
 4 FCPATH\index.php(79): CodeIgniter\CodeIgniter->run()
WARNING - 2023-10-31 22:52:52 --> [DEPRECATED] Creation of dynamic property App\Controllers\Transaction::$playstation is deprecated in APPPATH\Controllers\Transaction.php on line 17.
 1 SYSTEMPATH\CodeIgniter.php(891): App\Controllers\Transaction->__construct()
 2 SYSTEMPATH\CodeIgniter.php(485): CodeIgniter\CodeIgniter->createController()
 3 SYSTEMPATH\CodeIgniter.php(353): CodeIgniter\CodeIgniter->handleRequest(null, Object(Config\Cache), false)
 4 FCPATH\index.php(79): CodeIgniter\CodeIgniter->run()
WARNING - 2023-10-31 22:52:52 --> [DEPRECATED] Creation of dynamic property App\Controllers\Transaction::$transaction is deprecated in APPPATH\Controllers\Transaction.php on line 18.
 1 SYSTEMPATH\CodeIgniter.php(891): App\Controllers\Transaction->__construct()
 2 SYSTEMPATH\CodeIgniter.php(485): CodeIgniter\CodeIgniter->createController()
 3 SYSTEMPATH\CodeIgniter.php(353): CodeIgniter\CodeIgniter->handleRequest(null, Object(Config\Cache), false)
 4 FCPATH\index.php(79): CodeIgniter\CodeIgniter->run()
WARNING - 2023-10-31 22:53:23 --> [DEPRECATED] Creation of dynamic property App\Controllers\Transaction::$playstation is deprecated in APPPATH\Controllers\Transaction.php on line 17.
 1 SYSTEMPATH\CodeIgniter.php(891): App\Controllers\Transaction->__construct()
 2 SYSTEMPATH\CodeIgniter.php(485): CodeIgniter\CodeIgniter->createController()
 3 SYSTEMPATH\CodeIgniter.php(353): CodeIgniter\CodeIgniter->handleRequest(null, Object(Config\Cache), false)
 4 FCPATH\index.php(79): CodeIgniter\CodeIgniter->run()
WARNING - 2023-10-31 22:53:23 --> [DEPRECATED] Creation of dynamic property App\Controllers\Transaction::$transaction is deprecated in APPPATH\Controllers\Transaction.php on line 18.
 1 SYSTEMPATH\CodeIgniter.php(891): App\Controllers\Transaction->__construct()
 2 SYSTEMPATH\CodeIgniter.php(485): CodeIgniter\CodeIgniter->createController()
 3 SYSTEMPATH\CodeIgniter.php(353): CodeIgniter\CodeIgniter->handleRequest(null, Object(Config\Cache), false)
 4 FCPATH\index.php(79): CodeIgniter\CodeIgniter->run()
WARNING - 2023-10-31 22:53:23 --> [DEPRECATED] Creation of dynamic property App\Controllers\Transaction::$playstation is deprecated in APPPATH\Controllers\Transaction.php on line 17.
 1 SYSTEMPATH\CodeIgniter.php(891): App\Controllers\Transaction->__construct()
 2 SYSTEMPATH\CodeIgniter.php(485): CodeIgniter\CodeIgniter->createController()
 3 SYSTEMPATH\CodeIgniter.php(353): CodeIgniter\CodeIgniter->handleRequest(null, Object(Config\Cache), false)
 4 FCPATH\index.php(79): CodeIgniter\CodeIgniter->run()
WARNING - 2023-10-31 22:53:23 --> [DEPRECATED] Creation of dynamic property App\Controllers\Transaction::$transaction is deprecated in APPPATH\Controllers\Transaction.php on line 18.
 1 SYSTEMPATH\CodeIgniter.php(891): App\Controllers\Transaction->__construct()
 2 SYSTEMPATH\CodeIgniter.php(485): CodeIgniter\CodeIgniter->createController()
 3 SYSTEMPATH\CodeIgniter.php(353): CodeIgniter\CodeIgniter->handleRequest(null, Object(Config\Cache), false)
 4 FCPATH\index.php(79): CodeIgniter\CodeIgniter->run()
WARNING - 2023-10-31 22:54:08 --> [DEPRECATED] Creation of dynamic property App\Controllers\Transaction::$playstation is deprecated in APPPATH\Controllers\Transaction.php on line 17.
 1 SYSTEMPATH\CodeIgniter.php(891): App\Controllers\Transaction->__construct()
 2 SYSTEMPATH\CodeIgniter.php(485): CodeIgniter\CodeIgniter->createController()
 3 SYSTEMPATH\CodeIgniter.php(353): CodeIgniter\CodeIgniter->handleRequest(null, Object(Config\Cache), false)
 4 FCPATH\index.php(79): CodeIgniter\CodeIgniter->run()
WARNING - 2023-10-31 22:54:08 --> [DEPRECATED] Creation of dynamic property App\Controllers\Transaction::$transaction is deprecated in APPPATH\Controllers\Transaction.php on line 18.
 1 SYSTEMPATH\CodeIgniter.php(891): App\Controllers\Transaction->__construct()
 2 SYSTEMPATH\CodeIgniter.php(485): CodeIgniter\CodeIgniter->createController()
 3 SYSTEMPATH\CodeIgniter.php(353): CodeIgniter\CodeIgniter->handleRequest(null, Object(Config\Cache), false)
 4 FCPATH\index.php(79): CodeIgniter\CodeIgniter->run()
WARNING - 2023-10-31 22:54:08 --> [DEPRECATED] Creation of dynamic property App\Controllers\Transaction::$playstation is deprecated in APPPATH\Controllers\Transaction.php on line 17.
 1 SYSTEMPATH\CodeIgniter.php(891): App\Controllers\Transaction->__construct()
 2 SYSTEMPATH\CodeIgniter.php(485): CodeIgniter\CodeIgniter->createController()
 3 SYSTEMPATH\CodeIgniter.php(353): CodeIgniter\CodeIgniter->handleRequest(null, Object(Config\Cache), false)
 4 FCPATH\index.php(79): CodeIgniter\CodeIgniter->run()
WARNING - 2023-10-31 22:54:08 --> [DEPRECATED] Creation of dynamic property App\Controllers\Transaction::$transaction is deprecated in APPPATH\Controllers\Transaction.php on line 18.
 1 SYSTEMPATH\CodeIgniter.php(891): App\Controllers\Transaction->__construct()
 2 SYSTEMPATH\CodeIgniter.php(485): CodeIgniter\CodeIgniter->createController()
 3 SYSTEMPATH\CodeIgniter.php(353): CodeIgniter\CodeIgniter->handleRequest(null, Object(Config\Cache), false)
 4 FCPATH\index.php(79): CodeIgniter\CodeIgniter->run()
WARNING - 2023-10-31 22:54:34 --> [DEPRECATED] Creation of dynamic property App\Controllers\Transaction::$playstation is deprecated in APPPATH\Controllers\Transaction.php on line 17.
 1 SYSTEMPATH\CodeIgniter.php(891): App\Controllers\Transaction->__construct()
 2 SYSTEMPATH\CodeIgniter.php(485): CodeIgniter\CodeIgniter->createController()
 3 SYSTEMPATH\CodeIgniter.php(353): CodeIgniter\CodeIgniter->handleRequest(null, Object(Config\Cache), false)
 4 FCPATH\index.php(79): CodeIgniter\CodeIgniter->run()
WARNING - 2023-10-31 22:54:34 --> [DEPRECATED] Creation of dynamic property App\Controllers\Transaction::$transaction is deprecated in APPPATH\Controllers\Transaction.php on line 18.
 1 SYSTEMPATH\CodeIgniter.php(891): App\Controllers\Transaction->__construct()
 2 SYSTEMPATH\CodeIgniter.php(485): CodeIgniter\CodeIgniter->createController()
 3 SYSTEMPATH\CodeIgniter.php(353): CodeIgniter\CodeIgniter->handleRequest(null, Object(Config\Cache), false)
 4 FCPATH\index.php(79): CodeIgniter\CodeIgniter->run()
WARNING - 2023-10-31 22:54:34 --> [DEPRECATED] Creation of dynamic property App\Controllers\Transaction::$playstation is deprecated in APPPATH\Controllers\Transaction.php on line 17.
 1 SYSTEMPATH\CodeIgniter.php(891): App\Controllers\Transaction->__construct()
 2 SYSTEMPATH\CodeIgniter.php(485): CodeIgniter\CodeIgniter->createController()
 3 SYSTEMPATH\CodeIgniter.php(353): CodeIgniter\CodeIgniter->handleRequest(null, Object(Config\Cache), false)
 4 FCPATH\index.php(79): CodeIgniter\CodeIgniter->run()
WARNING - 2023-10-31 22:54:34 --> [DEPRECATED] Creation of dynamic property App\Controllers\Transaction::$transaction is deprecated in APPPATH\Controllers\Transaction.php on line 18.
 1 SYSTEMPATH\CodeIgniter.php(891): App\Controllers\Transaction->__construct()
 2 SYSTEMPATH\CodeIgniter.php(485): CodeIgniter\CodeIgniter->createController()
 3 SYSTEMPATH\CodeIgniter.php(353): CodeIgniter\CodeIgniter->handleRequest(null, Object(Config\Cache), false)
 4 FCPATH\index.php(79): CodeIgniter\CodeIgniter->run()
WARNING - 2023-10-31 22:54:40 --> [DEPRECATED] Creation of dynamic property App\Controllers\Transaction::$playstation is deprecated in APPPATH\Controllers\Transaction.php on line 17.
 1 SYSTEMPATH\CodeIgniter.php(891): App\Controllers\Transaction->__construct()
 2 SYSTEMPATH\CodeIgniter.php(485): CodeIgniter\CodeIgniter->createController()
 3 SYSTEMPATH\CodeIgniter.php(353): CodeIgniter\CodeIgniter->handleRequest(null, Object(Config\Cache), false)
 4 FCPATH\index.php(79): CodeIgniter\CodeIgniter->run()
WARNING - 2023-10-31 22:54:40 --> [DEPRECATED] Creation of dynamic property App\Controllers\Transaction::$transaction is deprecated in APPPATH\Controllers\Transaction.php on line 18.
 1 SYSTEMPATH\CodeIgniter.php(891): App\Controllers\Transaction->__construct()
 2 SYSTEMPATH\CodeIgniter.php(485): CodeIgniter\CodeIgniter->createController()
 3 SYSTEMPATH\CodeIgniter.php(353): CodeIgniter\CodeIgniter->handleRequest(null, Object(Config\Cache), false)
 4 FCPATH\index.php(79): CodeIgniter\CodeIgniter->run()
WARNING - 2023-10-31 22:54:41 --> [DEPRECATED] Creation of dynamic property App\Controllers\Transaction::$playstation is deprecated in APPPATH\Controllers\Transaction.php on line 17.
 1 SYSTEMPATH\CodeIgniter.php(891): App\Controllers\Transaction->__construct()
 2 SYSTEMPATH\CodeIgniter.php(485): CodeIgniter\CodeIgniter->createController()
 3 SYSTEMPATH\CodeIgniter.php(353): CodeIgniter\CodeIgniter->handleRequest(null, Object(Config\Cache), false)
 4 FCPATH\index.php(79): CodeIgniter\CodeIgniter->run()
WARNING - 2023-10-31 22:54:41 --> [DEPRECATED] Creation of dynamic property App\Controllers\Transaction::$transaction is deprecated in APPPATH\Controllers\Transaction.php on line 18.
 1 SYSTEMPATH\CodeIgniter.php(891): App\Controllers\Transaction->__construct()
 2 SYSTEMPATH\CodeIgniter.php(485): CodeIgniter\CodeIgniter->createController()
 3 SYSTEMPATH\CodeIgniter.php(353): CodeIgniter\CodeIgniter->handleRequest(null, Object(Config\Cache), false)
 4 FCPATH\index.php(79): CodeIgniter\CodeIgniter->run()
WARNING - 2023-10-31 22:54:48 --> [DEPRECATED] Creation of dynamic property App\Controllers\Transaction::$playstation is deprecated in APPPATH\Controllers\Transaction.php on line 17.
 1 SYSTEMPATH\CodeIgniter.php(891): App\Controllers\Transaction->__construct()
 2 SYSTEMPATH\CodeIgniter.php(485): CodeIgniter\CodeIgniter->createController()
 3 SYSTEMPATH\CodeIgniter.php(353): CodeIgniter\CodeIgniter->handleRequest(null, Object(Config\Cache), false)
 4 FCPATH\index.php(79): CodeIgniter\CodeIgniter->run()
WARNING - 2023-10-31 22:54:48 --> [DEPRECATED] Creation of dynamic property App\Controllers\Transaction::$transaction is deprecated in APPPATH\Controllers\Transaction.php on line 18.
 1 SYSTEMPATH\CodeIgniter.php(891): App\Controllers\Transaction->__construct()
 2 SYSTEMPATH\CodeIgniter.php(485): CodeIgniter\CodeIgniter->createController()
 3 SYSTEMPATH\CodeIgniter.php(353): CodeIgniter\CodeIgniter->handleRequest(null, Object(Config\Cache), false)
 4 FCPATH\index.php(79): CodeIgniter\CodeIgniter->run()
WARNING - 2023-10-31 22:54:48 --> [DEPRECATED] Creation of dynamic property App\Controllers\Transaction::$playstation is deprecated in APPPATH\Controllers\Transaction.php on line 17.
 1 SYSTEMPATH\CodeIgniter.php(891): App\Controllers\Transaction->__construct()
 2 SYSTEMPATH\CodeIgniter.php(485): CodeIgniter\CodeIgniter->createController()
 3 SYSTEMPATH\CodeIgniter.php(353): CodeIgniter\CodeIgniter->handleRequest(null, Object(Config\Cache), false)
 4 FCPATH\index.php(79): CodeIgniter\CodeIgniter->run()
WARNING - 2023-10-31 22:54:48 --> [DEPRECATED] Creation of dynamic property App\Controllers\Transaction::$transaction is deprecated in APPPATH\Controllers\Transaction.php on line 18.
 1 SYSTEMPATH\CodeIgniter.php(891): App\Controllers\Transaction->__construct()
 2 SYSTEMPATH\CodeIgniter.php(485): CodeIgniter\CodeIgniter->createController()
 3 SYSTEMPATH\CodeIgniter.php(353): CodeIgniter\CodeIgniter->handleRequest(null, Object(Config\Cache), false)
 4 FCPATH\index.php(79): CodeIgniter\CodeIgniter->run()
WARNING - 2023-10-31 22:57:04 --> [DEPRECATED] Creation of dynamic property App\Controllers\Transaction::$playstation is deprecated in APPPATH\Controllers\Transaction.php on line 17.
 1 SYSTEMPATH\CodeIgniter.php(891): App\Controllers\Transaction->__construct()
 2 SYSTEMPATH\CodeIgniter.php(485): CodeIgniter\CodeIgniter->createController()
 3 SYSTEMPATH\CodeIgniter.php(353): CodeIgniter\CodeIgniter->handleRequest(null, Object(Config\Cache), false)
 4 FCPATH\index.php(79): CodeIgniter\CodeIgniter->run()
WARNING - 2023-10-31 22:57:04 --> [DEPRECATED] Creation of dynamic property App\Controllers\Transaction::$transaction is deprecated in APPPATH\Controllers\Transaction.php on line 18.
 1 SYSTEMPATH\CodeIgniter.php(891): App\Controllers\Transaction->__construct()
 2 SYSTEMPATH\CodeIgniter.php(485): CodeIgniter\CodeIgniter->createController()
 3 SYSTEMPATH\CodeIgniter.php(353): CodeIgniter\CodeIgniter->handleRequest(null, Object(Config\Cache), false)
 4 FCPATH\index.php(79): CodeIgniter\CodeIgniter->run()
WARNING - 2023-10-31 22:57:05 --> [DEPRECATED] Creation of dynamic property App\Controllers\Transaction::$playstation is deprecated in APPPATH\Controllers\Transaction.php on line 17.
 1 SYSTEMPATH\CodeIgniter.php(891): App\Controllers\Transaction->__construct()
 2 SYSTEMPATH\CodeIgniter.php(485): CodeIgniter\CodeIgniter->createController()
 3 SYSTEMPATH\CodeIgniter.php(353): CodeIgniter\CodeIgniter->handleRequest(null, Object(Config\Cache), false)
 4 FCPATH\index.php(79): CodeIgniter\CodeIgniter->run()
WARNING - 2023-10-31 22:57:05 --> [DEPRECATED] Creation of dynamic property App\Controllers\Transaction::$transaction is deprecated in APPPATH\Controllers\Transaction.php on line 18.
 1 SYSTEMPATH\CodeIgniter.php(891): App\Controllers\Transaction->__construct()
 2 SYSTEMPATH\CodeIgniter.php(485): CodeIgniter\CodeIgniter->createController()
 3 SYSTEMPATH\CodeIgniter.php(353): CodeIgniter\CodeIgniter->handleRequest(null, Object(Config\Cache), false)
 4 FCPATH\index.php(79): CodeIgniter\CodeIgniter->run()
WARNING - 2023-10-31 22:59:03 --> [DEPRECATED] Creation of dynamic property App\Controllers\Transaction::$playstation is deprecated in APPPATH\Controllers\Transaction.php on line 17.
 1 SYSTEMPATH\CodeIgniter.php(891): App\Controllers\Transaction->__construct()
 2 SYSTEMPATH\CodeIgniter.php(485): CodeIgniter\CodeIgniter->createController()
 3 SYSTEMPATH\CodeIgniter.php(353): CodeIgniter\CodeIgniter->handleRequest(null, Object(Config\Cache), false)
 4 FCPATH\index.php(79): CodeIgniter\CodeIgniter->run()
WARNING - 2023-10-31 22:59:03 --> [DEPRECATED] Creation of dynamic property App\Controllers\Transaction::$transaction is deprecated in APPPATH\Controllers\Transaction.php on line 18.
 1 SYSTEMPATH\CodeIgniter.php(891): App\Controllers\Transaction->__construct()
 2 SYSTEMPATH\CodeIgniter.php(485): CodeIgniter\CodeIgniter->createController()
 3 SYSTEMPATH\CodeIgniter.php(353): CodeIgniter\CodeIgniter->handleRequest(null, Object(Config\Cache), false)
 4 FCPATH\index.php(79): CodeIgniter\CodeIgniter->run()
WARNING - 2023-10-31 22:59:04 --> [DEPRECATED] Creation of dynamic property App\Controllers\Transaction::$playstation is deprecated in APPPATH\Controllers\Transaction.php on line 17.
 1 SYSTEMPATH\CodeIgniter.php(891): App\Controllers\Transaction->__construct()
 2 SYSTEMPATH\CodeIgniter.php(485): CodeIgniter\CodeIgniter->createController()
 3 SYSTEMPATH\CodeIgniter.php(353): CodeIgniter\CodeIgniter->handleRequest(null, Object(Config\Cache), false)
 4 FCPATH\index.php(79): CodeIgniter\CodeIgniter->run()
WARNING - 2023-10-31 22:59:04 --> [DEPRECATED] Creation of dynamic property App\Controllers\Transaction::$transaction is deprecated in APPPATH\Controllers\Transaction.php on line 18.
 1 SYSTEMPATH\CodeIgniter.php(891): App\Controllers\Transaction->__construct()
 2 SYSTEMPATH\CodeIgniter.php(485): CodeIgniter\CodeIgniter->createController()
 3 SYSTEMPATH\CodeIgniter.php(353): CodeIgniter\CodeIgniter->handleRequest(null, Object(Config\Cache), false)
 4 FCPATH\index.php(79): CodeIgniter\CodeIgniter->run()
