WARNING - 2024-02-05 20:16:18 --> [DEPRECATED] Creation of dynamic property App\Controllers\HomeUser::$playstation is deprecated in APPPATH\Controllers\HomeUser.php on line 21.
 1 SYSTEMPATH\CodeIgniter.php(891): App\Controllers\HomeUser->__construct()
 2 SYSTEMPATH\CodeIgniter.php(485): CodeIgniter\CodeIgniter->createController()
 3 SYSTEMPATH\CodeIgniter.php(353): CodeIgniter\CodeIgniter->handleRequest(null, Object(Config\Cache), false)
 4 FCPATH\index.php(79): CodeIgniter\CodeIgniter->run()
WARNING - 2024-02-05 20:16:18 --> [DEPRECATED] Creation of dynamic property App\Controllers\HomeUser::$transaction is deprecated in APPPATH\Controllers\HomeUser.php on line 22.
 1 SYSTEMPATH\CodeIgniter.php(891): App\Controllers\HomeUser->__construct()
 2 SYSTEMPATH\CodeIgniter.php(485): CodeIgniter\CodeIgniter->createController()
 3 SYSTEMPATH\CodeIgniter.php(353): CodeIgniter\CodeIgniter->handleRequest(null, Object(Config\Cache), false)
 4 FCPATH\index.php(79): CodeIgniter\CodeIgniter->run()
WARNING - 2024-02-05 20:16:18 --> [DEPRECATED] Creation of dynamic property App\Controllers\HomeUser::$history is deprecated in APPPATH\Controllers\HomeUser.php on line 23.
 1 SYSTEMPATH\CodeIgniter.php(891): App\Controllers\HomeUser->__construct()
 2 SYSTEMPATH\CodeIgniter.php(485): CodeIgniter\CodeIgniter->createController()
 3 SYSTEMPATH\CodeIgniter.php(353): CodeIgniter\CodeIgniter->handleRequest(null, Object(Config\Cache), false)
 4 FCPATH\index.php(79): CodeIgniter\CodeIgniter->run()
WARNING - 2024-02-05 20:16:18 --> [DEPRECATED] Creation of dynamic property App\Controllers\HomeUser::$guest is deprecated in APPPATH\Controllers\HomeUser.php on line 24.
 1 SYSTEMPATH\CodeIgniter.php(891): App\Controllers\HomeUser->__construct()
 2 SYSTEMPATH\CodeIgniter.php(485): CodeIgniter\CodeIgniter->createController()
 3 SYSTEMPATH\CodeIgniter.php(353): CodeIgniter\CodeIgniter->handleRequest(null, Object(Config\Cache), false)
 4 FCPATH\index.php(79): CodeIgniter\CodeIgniter->run()
WARNING - 2024-02-05 20:16:18 --> [DEPRECATED] Creation of dynamic property App\Controllers\HomeUser::$temp is deprecated in APPPATH\Controllers\HomeUser.php on line 25.
 1 SYSTEMPATH\CodeIgniter.php(891): App\Controllers\HomeUser->__construct()
 2 SYSTEMPATH\CodeIgniter.php(485): CodeIgniter\CodeIgniter->createController()
 3 SYSTEMPATH\CodeIgniter.php(353): CodeIgniter\CodeIgniter->handleRequest(null, Object(Config\Cache), false)
 4 FCPATH\index.php(79): CodeIgniter\CodeIgniter->run()
WARNING - 2024-02-05 20:16:18 --> [DEPRECATED] Creation of dynamic property App\Controllers\HomeUser::$bank is deprecated in APPPATH\Controllers\HomeUser.php on line 26.
 1 SYSTEMPATH\CodeIgniter.php(891): App\Controllers\HomeUser->__construct()
 2 SYSTEMPATH\CodeIgniter.php(485): CodeIgniter\CodeIgniter->createController()
 3 SYSTEMPATH\CodeIgniter.php(353): CodeIgniter\CodeIgniter->handleRequest(null, Object(Config\Cache), false)
 4 FCPATH\index.php(79): CodeIgniter\CodeIgniter->run()
INFO - 2024-02-05 20:16:19 --> Session: Class initialized using 'CodeIgniter\Session\Handlers\FileHandler' driver.
WARNING - 2024-02-05 20:16:23 --> [DEPRECATED] Creation of dynamic property App\Controllers\Transaction::$playstation is deprecated in APPPATH\Controllers\Transaction.php on line 19.
 1 SYSTEMPATH\CodeIgniter.php(891): App\Controllers\Transaction->__construct()
 2 SYSTEMPATH\CodeIgniter.php(485): CodeIgniter\CodeIgniter->createController()
 3 SYSTEMPATH\CodeIgniter.php(353): CodeIgniter\CodeIgniter->handleRequest(null, Object(Config\Cache), false)
 4 FCPATH\index.php(79): CodeIgniter\CodeIgniter->run()
WARNING - 2024-02-05 20:16:23 --> [DEPRECATED] Creation of dynamic property App\Controllers\Transaction::$transaction is deprecated in APPPATH\Controllers\Transaction.php on line 20.
 1 SYSTEMPATH\CodeIgniter.php(891): App\Controllers\Transaction->__construct()
 2 SYSTEMPATH\CodeIgniter.php(485): CodeIgniter\CodeIgniter->createController()
 3 SYSTEMPATH\CodeIgniter.php(353): CodeIgniter\CodeIgniter->handleRequest(null, Object(Config\Cache), false)
 4 FCPATH\index.php(79): CodeIgniter\CodeIgniter->run()
WARNING - 2024-02-05 20:16:23 --> [DEPRECATED] Creation of dynamic property App\Controllers\Transaction::$history is deprecated in APPPATH\Controllers\Transaction.php on line 21.
 1 SYSTEMPATH\CodeIgniter.php(891): App\Controllers\Transaction->__construct()
 2 SYSTEMPATH\CodeIgniter.php(485): CodeIgniter\CodeIgniter->createController()
 3 SYSTEMPATH\CodeIgniter.php(353): CodeIgniter\CodeIgniter->handleRequest(null, Object(Config\Cache), false)
 4 FCPATH\index.php(79): CodeIgniter\CodeIgniter->run()
WARNING - 2024-02-05 20:16:23 --> [DEPRECATED] Creation of dynamic property App\Controllers\Transaction::$guest is deprecated in APPPATH\Controllers\Transaction.php on line 22.
 1 SYSTEMPATH\CodeIgniter.php(891): App\Controllers\Transaction->__construct()
 2 SYSTEMPATH\CodeIgniter.php(485): CodeIgniter\CodeIgniter->createController()
 3 SYSTEMPATH\CodeIgniter.php(353): CodeIgniter\CodeIgniter->handleRequest(null, Object(Config\Cache), false)
 4 FCPATH\index.php(79): CodeIgniter\CodeIgniter->run()
WARNING - 2024-02-05 20:16:23 --> [DEPRECATED] Creation of dynamic property App\Controllers\Transaction::$playstation is deprecated in APPPATH\Controllers\Transaction.php on line 19.
 1 SYSTEMPATH\CodeIgniter.php(891): App\Controllers\Transaction->__construct()
 2 SYSTEMPATH\CodeIgniter.php(485): CodeIgniter\CodeIgniter->createController()
 3 SYSTEMPATH\CodeIgniter.php(353): CodeIgniter\CodeIgniter->handleRequest(null, Object(Config\Cache), false)
 4 FCPATH\index.php(79): CodeIgniter\CodeIgniter->run()
WARNING - 2024-02-05 20:16:23 --> [DEPRECATED] Creation of dynamic property App\Controllers\Transaction::$transaction is deprecated in APPPATH\Controllers\Transaction.php on line 20.
 1 SYSTEMPATH\CodeIgniter.php(891): App\Controllers\Transaction->__construct()
 2 SYSTEMPATH\CodeIgniter.php(485): CodeIgniter\CodeIgniter->createController()
 3 SYSTEMPATH\CodeIgniter.php(353): CodeIgniter\CodeIgniter->handleRequest(null, Object(Config\Cache), false)
 4 FCPATH\index.php(79): CodeIgniter\CodeIgniter->run()
WARNING - 2024-02-05 20:16:23 --> [DEPRECATED] Creation of dynamic property App\Controllers\Transaction::$history is deprecated in APPPATH\Controllers\Transaction.php on line 21.
 1 SYSTEMPATH\CodeIgniter.php(891): App\Controllers\Transaction->__construct()
 2 SYSTEMPATH\CodeIgniter.php(485): CodeIgniter\CodeIgniter->createController()
 3 SYSTEMPATH\CodeIgniter.php(353): CodeIgniter\CodeIgniter->handleRequest(null, Object(Config\Cache), false)
 4 FCPATH\index.php(79): CodeIgniter\CodeIgniter->run()
WARNING - 2024-02-05 20:16:23 --> [DEPRECATED] Creation of dynamic property App\Controllers\HomeUser::$playstation is deprecated in APPPATH\Controllers\HomeUser.php on line 21.
 1 SYSTEMPATH\CodeIgniter.php(891): App\Controllers\HomeUser->__construct()
 2 SYSTEMPATH\CodeIgniter.php(485): CodeIgniter\CodeIgniter->createController()
 3 SYSTEMPATH\CodeIgniter.php(353): CodeIgniter\CodeIgniter->handleRequest(null, Object(Config\Cache), false)
 4 FCPATH\index.php(79): CodeIgniter\CodeIgniter->run()
WARNING - 2024-02-05 20:16:23 --> [DEPRECATED] Creation of dynamic property App\Controllers\HomeUser::$transaction is deprecated in APPPATH\Controllers\HomeUser.php on line 22.
 1 SYSTEMPATH\CodeIgniter.php(891): App\Controllers\HomeUser->__construct()
 2 SYSTEMPATH\CodeIgniter.php(485): CodeIgniter\CodeIgniter->createController()
 3 SYSTEMPATH\CodeIgniter.php(353): CodeIgniter\CodeIgniter->handleRequest(null, Object(Config\Cache), false)
 4 FCPATH\index.php(79): CodeIgniter\CodeIgniter->run()
WARNING - 2024-02-05 20:16:23 --> [DEPRECATED] Creation of dynamic property App\Controllers\HomeUser::$history is deprecated in APPPATH\Controllers\HomeUser.php on line 23.
 1 SYSTEMPATH\CodeIgniter.php(891): App\Controllers\HomeUser->__construct()
 2 SYSTEMPATH\CodeIgniter.php(485): CodeIgniter\CodeIgniter->createController()
 3 SYSTEMPATH\CodeIgniter.php(353): CodeIgniter\CodeIgniter->handleRequest(null, Object(Config\Cache), false)
 4 FCPATH\index.php(79): CodeIgniter\CodeIgniter->run()
WARNING - 2024-02-05 20:16:23 --> [DEPRECATED] Creation of dynamic property App\Controllers\HomeUser::$guest is deprecated in APPPATH\Controllers\HomeUser.php on line 24.
 1 SYSTEMPATH\CodeIgniter.php(891): App\Controllers\HomeUser->__construct()
 2 SYSTEMPATH\CodeIgniter.php(485): CodeIgniter\CodeIgniter->createController()
 3 SYSTEMPATH\CodeIgniter.php(353): CodeIgniter\CodeIgniter->handleRequest(null, Object(Config\Cache), false)
 4 FCPATH\index.php(79): CodeIgniter\CodeIgniter->run()
WARNING - 2024-02-05 20:16:23 --> [DEPRECATED] Creation of dynamic property App\Controllers\Transaction::$guest is deprecated in APPPATH\Controllers\Transaction.php on line 22.
 1 SYSTEMPATH\CodeIgniter.php(891): App\Controllers\Transaction->__construct()
 2 SYSTEMPATH\CodeIgniter.php(485): CodeIgniter\CodeIgniter->createController()
 3 SYSTEMPATH\CodeIgniter.php(353): CodeIgniter\CodeIgniter->handleRequest(null, Object(Config\Cache), false)
 4 FCPATH\index.php(79): CodeIgniter\CodeIgniter->run()
WARNING - 2024-02-05 20:16:23 --> [DEPRECATED] Creation of dynamic property App\Controllers\HomeUser::$temp is deprecated in APPPATH\Controllers\HomeUser.php on line 25.
 1 SYSTEMPATH\CodeIgniter.php(891): App\Controllers\HomeUser->__construct()
 2 SYSTEMPATH\CodeIgniter.php(485): CodeIgniter\CodeIgniter->createController()
 3 SYSTEMPATH\CodeIgniter.php(353): CodeIgniter\CodeIgniter->handleRequest(null, Object(Config\Cache), false)
 4 FCPATH\index.php(79): CodeIgniter\CodeIgniter->run()
WARNING - 2024-02-05 20:16:23 --> [DEPRECATED] Creation of dynamic property App\Controllers\HomeUser::$bank is deprecated in APPPATH\Controllers\HomeUser.php on line 26.
 1 SYSTEMPATH\CodeIgniter.php(891): App\Controllers\HomeUser->__construct()
 2 SYSTEMPATH\CodeIgniter.php(485): CodeIgniter\CodeIgniter->createController()
 3 SYSTEMPATH\CodeIgniter.php(353): CodeIgniter\CodeIgniter->handleRequest(null, Object(Config\Cache), false)
 4 FCPATH\index.php(79): CodeIgniter\CodeIgniter->run()
INFO - 2024-02-05 20:16:25 --> Session: Class initialized using 'CodeIgniter\Session\Handlers\FileHandler' driver.
INFO - 2024-02-05 20:16:25 --> Session: Class initialized using 'CodeIgniter\Session\Handlers\FileHandler' driver.
WARNING - 2024-02-05 20:17:46 --> [DEPRECATED] Creation of dynamic property App\Controllers\HomeUser::$playstation is deprecated in APPPATH\Controllers\HomeUser.php on line 21.
 1 SYSTEMPATH\CodeIgniter.php(891): App\Controllers\HomeUser->__construct()
 2 SYSTEMPATH\CodeIgniter.php(485): CodeIgniter\CodeIgniter->createController()
 3 SYSTEMPATH\CodeIgniter.php(353): CodeIgniter\CodeIgniter->handleRequest(null, Object(Config\Cache), false)
 4 FCPATH\index.php(79): CodeIgniter\CodeIgniter->run()
WARNING - 2024-02-05 20:17:46 --> [DEPRECATED] Creation of dynamic property App\Controllers\HomeUser::$transaction is deprecated in APPPATH\Controllers\HomeUser.php on line 22.
 1 SYSTEMPATH\CodeIgniter.php(891): App\Controllers\HomeUser->__construct()
 2 SYSTEMPATH\CodeIgniter.php(485): CodeIgniter\CodeIgniter->createController()
 3 SYSTEMPATH\CodeIgniter.php(353): CodeIgniter\CodeIgniter->handleRequest(null, Object(Config\Cache), false)
 4 FCPATH\index.php(79): CodeIgniter\CodeIgniter->run()
WARNING - 2024-02-05 20:17:46 --> [DEPRECATED] Creation of dynamic property App\Controllers\HomeUser::$history is deprecated in APPPATH\Controllers\HomeUser.php on line 23.
 1 SYSTEMPATH\CodeIgniter.php(891): App\Controllers\HomeUser->__construct()
 2 SYSTEMPATH\CodeIgniter.php(485): CodeIgniter\CodeIgniter->createController()
 3 SYSTEMPATH\CodeIgniter.php(353): CodeIgniter\CodeIgniter->handleRequest(null, Object(Config\Cache), false)
 4 FCPATH\index.php(79): CodeIgniter\CodeIgniter->run()
WARNING - 2024-02-05 20:17:46 --> [DEPRECATED] Creation of dynamic property App\Controllers\HomeUser::$guest is deprecated in APPPATH\Controllers\HomeUser.php on line 24.
 1 SYSTEMPATH\CodeIgniter.php(891): App\Controllers\HomeUser->__construct()
 2 SYSTEMPATH\CodeIgniter.php(485): CodeIgniter\CodeIgniter->createController()
 3 SYSTEMPATH\CodeIgniter.php(353): CodeIgniter\CodeIgniter->handleRequest(null, Object(Config\Cache), false)
 4 FCPATH\index.php(79): CodeIgniter\CodeIgniter->run()
WARNING - 2024-02-05 20:17:46 --> [DEPRECATED] Creation of dynamic property App\Controllers\HomeUser::$temp is deprecated in APPPATH\Controllers\HomeUser.php on line 25.
 1 SYSTEMPATH\CodeIgniter.php(891): App\Controllers\HomeUser->__construct()
 2 SYSTEMPATH\CodeIgniter.php(485): CodeIgniter\CodeIgniter->createController()
 3 SYSTEMPATH\CodeIgniter.php(353): CodeIgniter\CodeIgniter->handleRequest(null, Object(Config\Cache), false)
 4 FCPATH\index.php(79): CodeIgniter\CodeIgniter->run()
WARNING - 2024-02-05 20:17:46 --> [DEPRECATED] Creation of dynamic property App\Controllers\HomeUser::$bank is deprecated in APPPATH\Controllers\HomeUser.php on line 26.
 1 SYSTEMPATH\CodeIgniter.php(891): App\Controllers\HomeUser->__construct()
 2 SYSTEMPATH\CodeIgniter.php(485): CodeIgniter\CodeIgniter->createController()
 3 SYSTEMPATH\CodeIgniter.php(353): CodeIgniter\CodeIgniter->handleRequest(null, Object(Config\Cache), false)
 4 FCPATH\index.php(79): CodeIgniter\CodeIgniter->run()
INFO - 2024-02-05 20:17:46 --> Session: Class initialized using 'CodeIgniter\Session\Handlers\FileHandler' driver.
WARNING - 2024-02-05 20:17:46 --> [DEPRECATED] Creation of dynamic property App\Controllers\Transaction::$playstation is deprecated in APPPATH\Controllers\Transaction.php on line 19.
 1 SYSTEMPATH\CodeIgniter.php(891): App\Controllers\Transaction->__construct()
 2 SYSTEMPATH\CodeIgniter.php(485): CodeIgniter\CodeIgniter->createController()
 3 SYSTEMPATH\CodeIgniter.php(353): CodeIgniter\CodeIgniter->handleRequest(null, Object(Config\Cache), false)
 4 FCPATH\index.php(79): CodeIgniter\CodeIgniter->run()
WARNING - 2024-02-05 20:17:46 --> [DEPRECATED] Creation of dynamic property App\Controllers\Transaction::$transaction is deprecated in APPPATH\Controllers\Transaction.php on line 20.
 1 SYSTEMPATH\CodeIgniter.php(891): App\Controllers\Transaction->__construct()
 2 SYSTEMPATH\CodeIgniter.php(485): CodeIgniter\CodeIgniter->createController()
 3 SYSTEMPATH\CodeIgniter.php(353): CodeIgniter\CodeIgniter->handleRequest(null, Object(Config\Cache), false)
 4 FCPATH\index.php(79): CodeIgniter\CodeIgniter->run()
WARNING - 2024-02-05 20:17:46 --> [DEPRECATED] Creation of dynamic property App\Controllers\Transaction::$history is deprecated in APPPATH\Controllers\Transaction.php on line 21.
 1 SYSTEMPATH\CodeIgniter.php(891): App\Controllers\Transaction->__construct()
 2 SYSTEMPATH\CodeIgniter.php(485): CodeIgniter\CodeIgniter->createController()
 3 SYSTEMPATH\CodeIgniter.php(353): CodeIgniter\CodeIgniter->handleRequest(null, Object(Config\Cache), false)
 4 FCPATH\index.php(79): CodeIgniter\CodeIgniter->run()
WARNING - 2024-02-05 20:17:46 --> [DEPRECATED] Creation of dynamic property App\Controllers\Transaction::$guest is deprecated in APPPATH\Controllers\Transaction.php on line 22.
 1 SYSTEMPATH\CodeIgniter.php(891): App\Controllers\Transaction->__construct()
 2 SYSTEMPATH\CodeIgniter.php(485): CodeIgniter\CodeIgniter->createController()
 3 SYSTEMPATH\CodeIgniter.php(353): CodeIgniter\CodeIgniter->handleRequest(null, Object(Config\Cache), false)
 4 FCPATH\index.php(79): CodeIgniter\CodeIgniter->run()
WARNING - 2024-02-05 20:17:47 --> [DEPRECATED] Creation of dynamic property App\Controllers\Transaction::$playstation is deprecated in APPPATH\Controllers\Transaction.php on line 19.
 1 SYSTEMPATH\CodeIgniter.php(891): App\Controllers\Transaction->__construct()
 2 SYSTEMPATH\CodeIgniter.php(485): CodeIgniter\CodeIgniter->createController()
 3 SYSTEMPATH\CodeIgniter.php(353): CodeIgniter\CodeIgniter->handleRequest(null, Object(Config\Cache), false)
 4 FCPATH\index.php(79): CodeIgniter\CodeIgniter->run()
WARNING - 2024-02-05 20:17:47 --> [DEPRECATED] Creation of dynamic property App\Controllers\Transaction::$transaction is deprecated in APPPATH\Controllers\Transaction.php on line 20.
 1 SYSTEMPATH\CodeIgniter.php(891): App\Controllers\Transaction->__construct()
 2 SYSTEMPATH\CodeIgniter.php(485): CodeIgniter\CodeIgniter->createController()
 3 SYSTEMPATH\CodeIgniter.php(353): CodeIgniter\CodeIgniter->handleRequest(null, Object(Config\Cache), false)
 4 FCPATH\index.php(79): CodeIgniter\CodeIgniter->run()
WARNING - 2024-02-05 20:17:47 --> [DEPRECATED] Creation of dynamic property App\Controllers\Transaction::$history is deprecated in APPPATH\Controllers\Transaction.php on line 21.
 1 SYSTEMPATH\CodeIgniter.php(891): App\Controllers\Transaction->__construct()
 2 SYSTEMPATH\CodeIgniter.php(485): CodeIgniter\CodeIgniter->createController()
 3 SYSTEMPATH\CodeIgniter.php(353): CodeIgniter\CodeIgniter->handleRequest(null, Object(Config\Cache), false)
 4 FCPATH\index.php(79): CodeIgniter\CodeIgniter->run()
WARNING - 2024-02-05 20:17:47 --> [DEPRECATED] Creation of dynamic property App\Controllers\Transaction::$guest is deprecated in APPPATH\Controllers\Transaction.php on line 22.
 1 SYSTEMPATH\CodeIgniter.php(891): App\Controllers\Transaction->__construct()
 2 SYSTEMPATH\CodeIgniter.php(485): CodeIgniter\CodeIgniter->createController()
 3 SYSTEMPATH\CodeIgniter.php(353): CodeIgniter\CodeIgniter->handleRequest(null, Object(Config\Cache), false)
 4 FCPATH\index.php(79): CodeIgniter\CodeIgniter->run()
INFO - 2024-02-05 20:17:47 --> Session: Class initialized using 'CodeIgniter\Session\Handlers\FileHandler' driver.
WARNING - 2024-02-05 20:17:47 --> [DEPRECATED] Creation of dynamic property App\Controllers\HomeUser::$playstation is deprecated in APPPATH\Controllers\HomeUser.php on line 21.
 1 SYSTEMPATH\CodeIgniter.php(891): App\Controllers\HomeUser->__construct()
 2 SYSTEMPATH\CodeIgniter.php(485): CodeIgniter\CodeIgniter->createController()
 3 SYSTEMPATH\CodeIgniter.php(353): CodeIgniter\CodeIgniter->handleRequest(null, Object(Config\Cache), false)
 4 FCPATH\index.php(79): CodeIgniter\CodeIgniter->run()
WARNING - 2024-02-05 20:17:47 --> [DEPRECATED] Creation of dynamic property App\Controllers\HomeUser::$transaction is deprecated in APPPATH\Controllers\HomeUser.php on line 22.
 1 SYSTEMPATH\CodeIgniter.php(891): App\Controllers\HomeUser->__construct()
 2 SYSTEMPATH\CodeIgniter.php(485): CodeIgniter\CodeIgniter->createController()
 3 SYSTEMPATH\CodeIgniter.php(353): CodeIgniter\CodeIgniter->handleRequest(null, Object(Config\Cache), false)
 4 FCPATH\index.php(79): CodeIgniter\CodeIgniter->run()
WARNING - 2024-02-05 20:17:47 --> [DEPRECATED] Creation of dynamic property App\Controllers\HomeUser::$history is deprecated in APPPATH\Controllers\HomeUser.php on line 23.
 1 SYSTEMPATH\CodeIgniter.php(891): App\Controllers\HomeUser->__construct()
 2 SYSTEMPATH\CodeIgniter.php(485): CodeIgniter\CodeIgniter->createController()
 3 SYSTEMPATH\CodeIgniter.php(353): CodeIgniter\CodeIgniter->handleRequest(null, Object(Config\Cache), false)
 4 FCPATH\index.php(79): CodeIgniter\CodeIgniter->run()
WARNING - 2024-02-05 20:17:47 --> [DEPRECATED] Creation of dynamic property App\Controllers\HomeUser::$guest is deprecated in APPPATH\Controllers\HomeUser.php on line 24.
 1 SYSTEMPATH\CodeIgniter.php(891): App\Controllers\HomeUser->__construct()
 2 SYSTEMPATH\CodeIgniter.php(485): CodeIgniter\CodeIgniter->createController()
 3 SYSTEMPATH\CodeIgniter.php(353): CodeIgniter\CodeIgniter->handleRequest(null, Object(Config\Cache), false)
 4 FCPATH\index.php(79): CodeIgniter\CodeIgniter->run()
WARNING - 2024-02-05 20:17:47 --> [DEPRECATED] Creation of dynamic property App\Controllers\HomeUser::$temp is deprecated in APPPATH\Controllers\HomeUser.php on line 25.
 1 SYSTEMPATH\CodeIgniter.php(891): App\Controllers\HomeUser->__construct()
 2 SYSTEMPATH\CodeIgniter.php(485): CodeIgniter\CodeIgniter->createController()
 3 SYSTEMPATH\CodeIgniter.php(353): CodeIgniter\CodeIgniter->handleRequest(null, Object(Config\Cache), false)
 4 FCPATH\index.php(79): CodeIgniter\CodeIgniter->run()
WARNING - 2024-02-05 20:17:47 --> [DEPRECATED] Creation of dynamic property App\Controllers\HomeUser::$bank is deprecated in APPPATH\Controllers\HomeUser.php on line 26.
 1 SYSTEMPATH\CodeIgniter.php(891): App\Controllers\HomeUser->__construct()
 2 SYSTEMPATH\CodeIgniter.php(485): CodeIgniter\CodeIgniter->createController()
 3 SYSTEMPATH\CodeIgniter.php(353): CodeIgniter\CodeIgniter->handleRequest(null, Object(Config\Cache), false)
 4 FCPATH\index.php(79): CodeIgniter\CodeIgniter->run()
INFO - 2024-02-05 20:17:47 --> Session: Class initialized using 'CodeIgniter\Session\Handlers\FileHandler' driver.
WARNING - 2024-02-05 13:18:24 --> [DEPRECATED] Creation of dynamic property App\Controllers\Login::$login is deprecated in APPPATH\Controllers\Login.php on line 25.
 1 SYSTEMPATH\CodeIgniter.php(891): App\Controllers\Login->__construct()
 2 SYSTEMPATH\CodeIgniter.php(485): CodeIgniter\CodeIgniter->createController()
 3 SYSTEMPATH\CodeIgniter.php(353): CodeIgniter\CodeIgniter->handleRequest(null, Object(Config\Cache), false)
 4 FCPATH\index.php(79): CodeIgniter\CodeIgniter->run()
INFO - 2024-02-05 13:18:24 --> Session: Class initialized using 'CodeIgniter\Session\Handlers\FileHandler' driver.
WARNING - 2024-02-05 13:18:32 --> [DEPRECATED] Creation of dynamic property App\Controllers\Login::$login is deprecated in APPPATH\Controllers\Login.php on line 25.
 1 SYSTEMPATH\CodeIgniter.php(891): App\Controllers\Login->__construct()
 2 SYSTEMPATH\CodeIgniter.php(485): CodeIgniter\CodeIgniter->createController()
 3 SYSTEMPATH\CodeIgniter.php(353): CodeIgniter\CodeIgniter->handleRequest(null, Object(Config\Cache), false)
 4 FCPATH\index.php(79): CodeIgniter\CodeIgniter->run()
INFO - 2024-02-05 13:18:32 --> Session: Class initialized using 'CodeIgniter\Session\Handlers\FileHandler' driver.
WARNING - 2024-02-05 20:18:34 --> [DEPRECATED] Creation of dynamic property App\Controllers\HomeUser::$playstation is deprecated in APPPATH\Controllers\HomeUser.php on line 21.
 1 SYSTEMPATH\CodeIgniter.php(891): App\Controllers\HomeUser->__construct()
 2 SYSTEMPATH\CodeIgniter.php(485): CodeIgniter\CodeIgniter->createController()
 3 SYSTEMPATH\CodeIgniter.php(353): CodeIgniter\CodeIgniter->handleRequest(null, Object(Config\Cache), false)
 4 FCPATH\index.php(79): CodeIgniter\CodeIgniter->run()
WARNING - 2024-02-05 20:18:34 --> [DEPRECATED] Creation of dynamic property App\Controllers\HomeUser::$transaction is deprecated in APPPATH\Controllers\HomeUser.php on line 22.
 1 SYSTEMPATH\CodeIgniter.php(891): App\Controllers\HomeUser->__construct()
 2 SYSTEMPATH\CodeIgniter.php(485): CodeIgniter\CodeIgniter->createController()
 3 SYSTEMPATH\CodeIgniter.php(353): CodeIgniter\CodeIgniter->handleRequest(null, Object(Config\Cache), false)
 4 FCPATH\index.php(79): CodeIgniter\CodeIgniter->run()
WARNING - 2024-02-05 20:18:34 --> [DEPRECATED] Creation of dynamic property App\Controllers\HomeUser::$history is deprecated in APPPATH\Controllers\HomeUser.php on line 23.
 1 SYSTEMPATH\CodeIgniter.php(891): App\Controllers\HomeUser->__construct()
 2 SYSTEMPATH\CodeIgniter.php(485): CodeIgniter\CodeIgniter->createController()
 3 SYSTEMPATH\CodeIgniter.php(353): CodeIgniter\CodeIgniter->handleRequest(null, Object(Config\Cache), false)
 4 FCPATH\index.php(79): CodeIgniter\CodeIgniter->run()
WARNING - 2024-02-05 20:18:34 --> [DEPRECATED] Creation of dynamic property App\Controllers\HomeUser::$guest is deprecated in APPPATH\Controllers\HomeUser.php on line 24.
 1 SYSTEMPATH\CodeIgniter.php(891): App\Controllers\HomeUser->__construct()
 2 SYSTEMPATH\CodeIgniter.php(485): CodeIgniter\CodeIgniter->createController()
 3 SYSTEMPATH\CodeIgniter.php(353): CodeIgniter\CodeIgniter->handleRequest(null, Object(Config\Cache), false)
 4 FCPATH\index.php(79): CodeIgniter\CodeIgniter->run()
WARNING - 2024-02-05 20:18:34 --> [DEPRECATED] Creation of dynamic property App\Controllers\HomeUser::$temp is deprecated in APPPATH\Controllers\HomeUser.php on line 25.
 1 SYSTEMPATH\CodeIgniter.php(891): App\Controllers\HomeUser->__construct()
 2 SYSTEMPATH\CodeIgniter.php(485): CodeIgniter\CodeIgniter->createController()
 3 SYSTEMPATH\CodeIgniter.php(353): CodeIgniter\CodeIgniter->handleRequest(null, Object(Config\Cache), false)
 4 FCPATH\index.php(79): CodeIgniter\CodeIgniter->run()
WARNING - 2024-02-05 20:18:34 --> [DEPRECATED] Creation of dynamic property App\Controllers\HomeUser::$bank is deprecated in APPPATH\Controllers\HomeUser.php on line 26.
 1 SYSTEMPATH\CodeIgniter.php(891): App\Controllers\HomeUser->__construct()
 2 SYSTEMPATH\CodeIgniter.php(485): CodeIgniter\CodeIgniter->createController()
 3 SYSTEMPATH\CodeIgniter.php(353): CodeIgniter\CodeIgniter->handleRequest(null, Object(Config\Cache), false)
 4 FCPATH\index.php(79): CodeIgniter\CodeIgniter->run()
INFO - 2024-02-05 20:18:34 --> Session: Class initialized using 'CodeIgniter\Session\Handlers\FileHandler' driver.
WARNING - 2024-02-05 20:18:35 --> [DEPRECATED] Creation of dynamic property App\Controllers\Transaction::$playstation is deprecated in APPPATH\Controllers\Transaction.php on line 19.
 1 SYSTEMPATH\CodeIgniter.php(891): App\Controllers\Transaction->__construct()
 2 SYSTEMPATH\CodeIgniter.php(485): CodeIgniter\CodeIgniter->createController()
 3 SYSTEMPATH\CodeIgniter.php(353): CodeIgniter\CodeIgniter->handleRequest(null, Object(Config\Cache), false)
 4 FCPATH\index.php(79): CodeIgniter\CodeIgniter->run()
WARNING - 2024-02-05 20:18:35 --> [DEPRECATED] Creation of dynamic property App\Controllers\Transaction::$transaction is deprecated in APPPATH\Controllers\Transaction.php on line 20.
 1 SYSTEMPATH\CodeIgniter.php(891): App\Controllers\Transaction->__construct()
 2 SYSTEMPATH\CodeIgniter.php(485): CodeIgniter\CodeIgniter->createController()
 3 SYSTEMPATH\CodeIgniter.php(353): CodeIgniter\CodeIgniter->handleRequest(null, Object(Config\Cache), false)
 4 FCPATH\index.php(79): CodeIgniter\CodeIgniter->run()
WARNING - 2024-02-05 20:18:35 --> [DEPRECATED] Creation of dynamic property App\Controllers\Transaction::$history is deprecated in APPPATH\Controllers\Transaction.php on line 21.
 1 SYSTEMPATH\CodeIgniter.php(891): App\Controllers\Transaction->__construct()
 2 SYSTEMPATH\CodeIgniter.php(485): CodeIgniter\CodeIgniter->createController()
 3 SYSTEMPATH\CodeIgniter.php(353): CodeIgniter\CodeIgniter->handleRequest(null, Object(Config\Cache), false)
 4 FCPATH\index.php(79): CodeIgniter\CodeIgniter->run()
WARNING - 2024-02-05 20:18:35 --> [DEPRECATED] Creation of dynamic property App\Controllers\HomeUser::$playstation is deprecated in APPPATH\Controllers\HomeUser.php on line 21.
 1 SYSTEMPATH\CodeIgniter.php(891): App\Controllers\HomeUser->__construct()
 2 SYSTEMPATH\CodeIgniter.php(485): CodeIgniter\CodeIgniter->createController()
 3 SYSTEMPATH\CodeIgniter.php(353): CodeIgniter\CodeIgniter->handleRequest(null, Object(Config\Cache), false)
 4 FCPATH\index.php(79): CodeIgniter\CodeIgniter->run()
WARNING - 2024-02-05 20:18:35 --> [DEPRECATED] Creation of dynamic property App\Controllers\Transaction::$guest is deprecated in APPPATH\Controllers\Transaction.php on line 22.
 1 SYSTEMPATH\CodeIgniter.php(891): App\Controllers\Transaction->__construct()
 2 SYSTEMPATH\CodeIgniter.php(485): CodeIgniter\CodeIgniter->createController()
 3 SYSTEMPATH\CodeIgniter.php(353): CodeIgniter\CodeIgniter->handleRequest(null, Object(Config\Cache), false)
 4 FCPATH\index.php(79): CodeIgniter\CodeIgniter->run()
WARNING - 2024-02-05 20:18:35 --> [DEPRECATED] Creation of dynamic property App\Controllers\HomeUser::$transaction is deprecated in APPPATH\Controllers\HomeUser.php on line 22.
 1 SYSTEMPATH\CodeIgniter.php(891): App\Controllers\HomeUser->__construct()
 2 SYSTEMPATH\CodeIgniter.php(485): CodeIgniter\CodeIgniter->createController()
 3 SYSTEMPATH\CodeIgniter.php(353): CodeIgniter\CodeIgniter->handleRequest(null, Object(Config\Cache), false)
 4 FCPATH\index.php(79): CodeIgniter\CodeIgniter->run()
WARNING - 2024-02-05 20:18:35 --> [DEPRECATED] Creation of dynamic property App\Controllers\HomeUser::$history is deprecated in APPPATH\Controllers\HomeUser.php on line 23.
 1 SYSTEMPATH\CodeIgniter.php(891): App\Controllers\HomeUser->__construct()
 2 SYSTEMPATH\CodeIgniter.php(485): CodeIgniter\CodeIgniter->createController()
 3 SYSTEMPATH\CodeIgniter.php(353): CodeIgniter\CodeIgniter->handleRequest(null, Object(Config\Cache), false)
 4 FCPATH\index.php(79): CodeIgniter\CodeIgniter->run()
WARNING - 2024-02-05 20:18:35 --> [DEPRECATED] Creation of dynamic property App\Controllers\HomeUser::$guest is deprecated in APPPATH\Controllers\HomeUser.php on line 24.
 1 SYSTEMPATH\CodeIgniter.php(891): App\Controllers\HomeUser->__construct()
 2 SYSTEMPATH\CodeIgniter.php(485): CodeIgniter\CodeIgniter->createController()
 3 SYSTEMPATH\CodeIgniter.php(353): CodeIgniter\CodeIgniter->handleRequest(null, Object(Config\Cache), false)
 4 FCPATH\index.php(79): CodeIgniter\CodeIgniter->run()
WARNING - 2024-02-05 20:18:35 --> [DEPRECATED] Creation of dynamic property App\Controllers\HomeUser::$temp is deprecated in APPPATH\Controllers\HomeUser.php on line 25.
 1 SYSTEMPATH\CodeIgniter.php(891): App\Controllers\HomeUser->__construct()
 2 SYSTEMPATH\CodeIgniter.php(485): CodeIgniter\CodeIgniter->createController()
 3 SYSTEMPATH\CodeIgniter.php(353): CodeIgniter\CodeIgniter->handleRequest(null, Object(Config\Cache), false)
 4 FCPATH\index.php(79): CodeIgniter\CodeIgniter->run()
WARNING - 2024-02-05 20:18:35 --> [DEPRECATED] Creation of dynamic property App\Controllers\HomeUser::$bank is deprecated in APPPATH\Controllers\HomeUser.php on line 26.
 1 SYSTEMPATH\CodeIgniter.php(891): App\Controllers\HomeUser->__construct()
 2 SYSTEMPATH\CodeIgniter.php(485): CodeIgniter\CodeIgniter->createController()
 3 SYSTEMPATH\CodeIgniter.php(353): CodeIgniter\CodeIgniter->handleRequest(null, Object(Config\Cache), false)
 4 FCPATH\index.php(79): CodeIgniter\CodeIgniter->run()
INFO - 2024-02-05 20:18:35 --> Session: Class initialized using 'CodeIgniter\Session\Handlers\FileHandler' driver.
WARNING - 2024-02-05 20:18:35 --> [DEPRECATED] Creation of dynamic property App\Controllers\Transaction::$playstation is deprecated in APPPATH\Controllers\Transaction.php on line 19.
 1 SYSTEMPATH\CodeIgniter.php(891): App\Controllers\Transaction->__construct()
 2 SYSTEMPATH\CodeIgniter.php(485): CodeIgniter\CodeIgniter->createController()
 3 SYSTEMPATH\CodeIgniter.php(353): CodeIgniter\CodeIgniter->handleRequest(null, Object(Config\Cache), false)
 4 FCPATH\index.php(79): CodeIgniter\CodeIgniter->run()
WARNING - 2024-02-05 20:18:35 --> [DEPRECATED] Creation of dynamic property App\Controllers\Transaction::$transaction is deprecated in APPPATH\Controllers\Transaction.php on line 20.
 1 SYSTEMPATH\CodeIgniter.php(891): App\Controllers\Transaction->__construct()
 2 SYSTEMPATH\CodeIgniter.php(485): CodeIgniter\CodeIgniter->createController()
 3 SYSTEMPATH\CodeIgniter.php(353): CodeIgniter\CodeIgniter->handleRequest(null, Object(Config\Cache), false)
 4 FCPATH\index.php(79): CodeIgniter\CodeIgniter->run()
WARNING - 2024-02-05 20:18:35 --> [DEPRECATED] Creation of dynamic property App\Controllers\Transaction::$history is deprecated in APPPATH\Controllers\Transaction.php on line 21.
 1 SYSTEMPATH\CodeIgniter.php(891): App\Controllers\Transaction->__construct()
 2 SYSTEMPATH\CodeIgniter.php(485): CodeIgniter\CodeIgniter->createController()
 3 SYSTEMPATH\CodeIgniter.php(353): CodeIgniter\CodeIgniter->handleRequest(null, Object(Config\Cache), false)
 4 FCPATH\index.php(79): CodeIgniter\CodeIgniter->run()
WARNING - 2024-02-05 20:18:35 --> [DEPRECATED] Creation of dynamic property App\Controllers\Transaction::$guest is deprecated in APPPATH\Controllers\Transaction.php on line 22.
 1 SYSTEMPATH\CodeIgniter.php(891): App\Controllers\Transaction->__construct()
 2 SYSTEMPATH\CodeIgniter.php(485): CodeIgniter\CodeIgniter->createController()
 3 SYSTEMPATH\CodeIgniter.php(353): CodeIgniter\CodeIgniter->handleRequest(null, Object(Config\Cache), false)
 4 FCPATH\index.php(79): CodeIgniter\CodeIgniter->run()
INFO - 2024-02-05 20:18:35 --> Session: Class initialized using 'CodeIgniter\Session\Handlers\FileHandler' driver.
WARNING - 2024-02-05 20:18:41 --> [DEPRECATED] Creation of dynamic property App\Controllers\HomeUser::$playstation is deprecated in APPPATH\Controllers\HomeUser.php on line 21.
 1 SYSTEMPATH\CodeIgniter.php(891): App\Controllers\HomeUser->__construct()
 2 SYSTEMPATH\CodeIgniter.php(485): CodeIgniter\CodeIgniter->createController()
 3 SYSTEMPATH\CodeIgniter.php(353): CodeIgniter\CodeIgniter->handleRequest(null, Object(Config\Cache), false)
 4 FCPATH\index.php(79): CodeIgniter\CodeIgniter->run()
WARNING - 2024-02-05 20:18:41 --> [DEPRECATED] Creation of dynamic property App\Controllers\HomeUser::$transaction is deprecated in APPPATH\Controllers\HomeUser.php on line 22.
 1 SYSTEMPATH\CodeIgniter.php(891): App\Controllers\HomeUser->__construct()
 2 SYSTEMPATH\CodeIgniter.php(485): CodeIgniter\CodeIgniter->createController()
 3 SYSTEMPATH\CodeIgniter.php(353): CodeIgniter\CodeIgniter->handleRequest(null, Object(Config\Cache), false)
 4 FCPATH\index.php(79): CodeIgniter\CodeIgniter->run()
WARNING - 2024-02-05 20:18:41 --> [DEPRECATED] Creation of dynamic property App\Controllers\HomeUser::$history is deprecated in APPPATH\Controllers\HomeUser.php on line 23.
 1 SYSTEMPATH\CodeIgniter.php(891): App\Controllers\HomeUser->__construct()
 2 SYSTEMPATH\CodeIgniter.php(485): CodeIgniter\CodeIgniter->createController()
 3 SYSTEMPATH\CodeIgniter.php(353): CodeIgniter\CodeIgniter->handleRequest(null, Object(Config\Cache), false)
 4 FCPATH\index.php(79): CodeIgniter\CodeIgniter->run()
WARNING - 2024-02-05 20:18:41 --> [DEPRECATED] Creation of dynamic property App\Controllers\HomeUser::$guest is deprecated in APPPATH\Controllers\HomeUser.php on line 24.
 1 SYSTEMPATH\CodeIgniter.php(891): App\Controllers\HomeUser->__construct()
 2 SYSTEMPATH\CodeIgniter.php(485): CodeIgniter\CodeIgniter->createController()
 3 SYSTEMPATH\CodeIgniter.php(353): CodeIgniter\CodeIgniter->handleRequest(null, Object(Config\Cache), false)
 4 FCPATH\index.php(79): CodeIgniter\CodeIgniter->run()
WARNING - 2024-02-05 20:18:41 --> [DEPRECATED] Creation of dynamic property App\Controllers\HomeUser::$temp is deprecated in APPPATH\Controllers\HomeUser.php on line 25.
 1 SYSTEMPATH\CodeIgniter.php(891): App\Controllers\HomeUser->__construct()
 2 SYSTEMPATH\CodeIgniter.php(485): CodeIgniter\CodeIgniter->createController()
 3 SYSTEMPATH\CodeIgniter.php(353): CodeIgniter\CodeIgniter->handleRequest(null, Object(Config\Cache), false)
 4 FCPATH\index.php(79): CodeIgniter\CodeIgniter->run()
WARNING - 2024-02-05 20:18:41 --> [DEPRECATED] Creation of dynamic property App\Controllers\HomeUser::$bank is deprecated in APPPATH\Controllers\HomeUser.php on line 26.
 1 SYSTEMPATH\CodeIgniter.php(891): App\Controllers\HomeUser->__construct()
 2 SYSTEMPATH\CodeIgniter.php(485): CodeIgniter\CodeIgniter->createController()
 3 SYSTEMPATH\CodeIgniter.php(353): CodeIgniter\CodeIgniter->handleRequest(null, Object(Config\Cache), false)
 4 FCPATH\index.php(79): CodeIgniter\CodeIgniter->run()
INFO - 2024-02-05 20:18:41 --> Session: Class initialized using 'CodeIgniter\Session\Handlers\FileHandler' driver.
WARNING - 2024-02-05 20:18:53 --> [DEPRECATED] Creation of dynamic property App\Controllers\HomeUser::$playstation is deprecated in APPPATH\Controllers\HomeUser.php on line 21.
 1 SYSTEMPATH\CodeIgniter.php(891): App\Controllers\HomeUser->__construct()
 2 SYSTEMPATH\CodeIgniter.php(485): CodeIgniter\CodeIgniter->createController()
 3 SYSTEMPATH\CodeIgniter.php(353): CodeIgniter\CodeIgniter->handleRequest(null, Object(Config\Cache), false)
 4 FCPATH\index.php(79): CodeIgniter\CodeIgniter->run()
WARNING - 2024-02-05 20:18:53 --> [DEPRECATED] Creation of dynamic property App\Controllers\HomeUser::$transaction is deprecated in APPPATH\Controllers\HomeUser.php on line 22.
 1 SYSTEMPATH\CodeIgniter.php(891): App\Controllers\HomeUser->__construct()
 2 SYSTEMPATH\CodeIgniter.php(485): CodeIgniter\CodeIgniter->createController()
 3 SYSTEMPATH\CodeIgniter.php(353): CodeIgniter\CodeIgniter->handleRequest(null, Object(Config\Cache), false)
 4 FCPATH\index.php(79): CodeIgniter\CodeIgniter->run()
WARNING - 2024-02-05 20:18:53 --> [DEPRECATED] Creation of dynamic property App\Controllers\HomeUser::$history is deprecated in APPPATH\Controllers\HomeUser.php on line 23.
 1 SYSTEMPATH\CodeIgniter.php(891): App\Controllers\HomeUser->__construct()
 2 SYSTEMPATH\CodeIgniter.php(485): CodeIgniter\CodeIgniter->createController()
 3 SYSTEMPATH\CodeIgniter.php(353): CodeIgniter\CodeIgniter->handleRequest(null, Object(Config\Cache), false)
 4 FCPATH\index.php(79): CodeIgniter\CodeIgniter->run()
WARNING - 2024-02-05 20:18:53 --> [DEPRECATED] Creation of dynamic property App\Controllers\HomeUser::$guest is deprecated in APPPATH\Controllers\HomeUser.php on line 24.
 1 SYSTEMPATH\CodeIgniter.php(891): App\Controllers\HomeUser->__construct()
 2 SYSTEMPATH\CodeIgniter.php(485): CodeIgniter\CodeIgniter->createController()
 3 SYSTEMPATH\CodeIgniter.php(353): CodeIgniter\CodeIgniter->handleRequest(null, Object(Config\Cache), false)
 4 FCPATH\index.php(79): CodeIgniter\CodeIgniter->run()
WARNING - 2024-02-05 20:18:53 --> [DEPRECATED] Creation of dynamic property App\Controllers\HomeUser::$temp is deprecated in APPPATH\Controllers\HomeUser.php on line 25.
 1 SYSTEMPATH\CodeIgniter.php(891): App\Controllers\HomeUser->__construct()
 2 SYSTEMPATH\CodeIgniter.php(485): CodeIgniter\CodeIgniter->createController()
 3 SYSTEMPATH\CodeIgniter.php(353): CodeIgniter\CodeIgniter->handleRequest(null, Object(Config\Cache), false)
 4 FCPATH\index.php(79): CodeIgniter\CodeIgniter->run()
WARNING - 2024-02-05 20:18:53 --> [DEPRECATED] Creation of dynamic property App\Controllers\HomeUser::$bank is deprecated in APPPATH\Controllers\HomeUser.php on line 26.
 1 SYSTEMPATH\CodeIgniter.php(891): App\Controllers\HomeUser->__construct()
 2 SYSTEMPATH\CodeIgniter.php(485): CodeIgniter\CodeIgniter->createController()
 3 SYSTEMPATH\CodeIgniter.php(353): CodeIgniter\CodeIgniter->handleRequest(null, Object(Config\Cache), false)
 4 FCPATH\index.php(79): CodeIgniter\CodeIgniter->run()
INFO - 2024-02-05 20:18:53 --> Session: Class initialized using 'CodeIgniter\Session\Handlers\FileHandler' driver.
WARNING - 2024-02-05 20:18:53 --> [DEPRECATED] Creation of dynamic property App\Controllers\HomeUser::$playstation is deprecated in APPPATH\Controllers\HomeUser.php on line 21.
 1 SYSTEMPATH\CodeIgniter.php(891): App\Controllers\HomeUser->__construct()
 2 SYSTEMPATH\CodeIgniter.php(485): CodeIgniter\CodeIgniter->createController()
 3 SYSTEMPATH\CodeIgniter.php(353): CodeIgniter\CodeIgniter->handleRequest(null, Object(Config\Cache), false)
 4 FCPATH\index.php(79): CodeIgniter\CodeIgniter->run()
WARNING - 2024-02-05 20:18:53 --> [DEPRECATED] Creation of dynamic property App\Controllers\HomeUser::$transaction is deprecated in APPPATH\Controllers\HomeUser.php on line 22.
 1 SYSTEMPATH\CodeIgniter.php(891): App\Controllers\HomeUser->__construct()
 2 SYSTEMPATH\CodeIgniter.php(485): CodeIgniter\CodeIgniter->createController()
 3 SYSTEMPATH\CodeIgniter.php(353): CodeIgniter\CodeIgniter->handleRequest(null, Object(Config\Cache), false)
 4 FCPATH\index.php(79): CodeIgniter\CodeIgniter->run()
WARNING - 2024-02-05 20:18:53 --> [DEPRECATED] Creation of dynamic property App\Controllers\HomeUser::$history is deprecated in APPPATH\Controllers\HomeUser.php on line 23.
 1 SYSTEMPATH\CodeIgniter.php(891): App\Controllers\HomeUser->__construct()
 2 SYSTEMPATH\CodeIgniter.php(485): CodeIgniter\CodeIgniter->createController()
 3 SYSTEMPATH\CodeIgniter.php(353): CodeIgniter\CodeIgniter->handleRequest(null, Object(Config\Cache), false)
 4 FCPATH\index.php(79): CodeIgniter\CodeIgniter->run()
WARNING - 2024-02-05 20:18:53 --> [DEPRECATED] Creation of dynamic property App\Controllers\HomeUser::$guest is deprecated in APPPATH\Controllers\HomeUser.php on line 24.
 1 SYSTEMPATH\CodeIgniter.php(891): App\Controllers\HomeUser->__construct()
 2 SYSTEMPATH\CodeIgniter.php(485): CodeIgniter\CodeIgniter->createController()
 3 SYSTEMPATH\CodeIgniter.php(353): CodeIgniter\CodeIgniter->handleRequest(null, Object(Config\Cache), false)
 4 FCPATH\index.php(79): CodeIgniter\CodeIgniter->run()
WARNING - 2024-02-05 20:18:53 --> [DEPRECATED] Creation of dynamic property App\Controllers\HomeUser::$temp is deprecated in APPPATH\Controllers\HomeUser.php on line 25.
 1 SYSTEMPATH\CodeIgniter.php(891): App\Controllers\HomeUser->__construct()
 2 SYSTEMPATH\CodeIgniter.php(485): CodeIgniter\CodeIgniter->createController()
 3 SYSTEMPATH\CodeIgniter.php(353): CodeIgniter\CodeIgniter->handleRequest(null, Object(Config\Cache), false)
 4 FCPATH\index.php(79): CodeIgniter\CodeIgniter->run()
WARNING - 2024-02-05 20:18:53 --> [DEPRECATED] Creation of dynamic property App\Controllers\HomeUser::$bank is deprecated in APPPATH\Controllers\HomeUser.php on line 26.
 1 SYSTEMPATH\CodeIgniter.php(891): App\Controllers\HomeUser->__construct()
 2 SYSTEMPATH\CodeIgniter.php(485): CodeIgniter\CodeIgniter->createController()
 3 SYSTEMPATH\CodeIgniter.php(353): CodeIgniter\CodeIgniter->handleRequest(null, Object(Config\Cache), false)
 4 FCPATH\index.php(79): CodeIgniter\CodeIgniter->run()
INFO - 2024-02-05 20:18:53 --> Session: Class initialized using 'CodeIgniter\Session\Handlers\FileHandler' driver.
WARNING - 2024-02-05 20:18:59 --> [DEPRECATED] Creation of dynamic property App\Controllers\HomeUser::$playstation is deprecated in APPPATH\Controllers\HomeUser.php on line 21.
 1 SYSTEMPATH\CodeIgniter.php(891): App\Controllers\HomeUser->__construct()
 2 SYSTEMPATH\CodeIgniter.php(485): CodeIgniter\CodeIgniter->createController()
 3 SYSTEMPATH\CodeIgniter.php(353): CodeIgniter\CodeIgniter->handleRequest(null, Object(Config\Cache), false)
 4 FCPATH\index.php(79): CodeIgniter\CodeIgniter->run()
WARNING - 2024-02-05 20:18:59 --> [DEPRECATED] Creation of dynamic property App\Controllers\HomeUser::$transaction is deprecated in APPPATH\Controllers\HomeUser.php on line 22.
 1 SYSTEMPATH\CodeIgniter.php(891): App\Controllers\HomeUser->__construct()
 2 SYSTEMPATH\CodeIgniter.php(485): CodeIgniter\CodeIgniter->createController()
 3 SYSTEMPATH\CodeIgniter.php(353): CodeIgniter\CodeIgniter->handleRequest(null, Object(Config\Cache), false)
 4 FCPATH\index.php(79): CodeIgniter\CodeIgniter->run()
WARNING - 2024-02-05 20:18:59 --> [DEPRECATED] Creation of dynamic property App\Controllers\HomeUser::$history is deprecated in APPPATH\Controllers\HomeUser.php on line 23.
 1 SYSTEMPATH\CodeIgniter.php(891): App\Controllers\HomeUser->__construct()
 2 SYSTEMPATH\CodeIgniter.php(485): CodeIgniter\CodeIgniter->createController()
 3 SYSTEMPATH\CodeIgniter.php(353): CodeIgniter\CodeIgniter->handleRequest(null, Object(Config\Cache), false)
 4 FCPATH\index.php(79): CodeIgniter\CodeIgniter->run()
WARNING - 2024-02-05 20:18:59 --> [DEPRECATED] Creation of dynamic property App\Controllers\HomeUser::$guest is deprecated in APPPATH\Controllers\HomeUser.php on line 24.
 1 SYSTEMPATH\CodeIgniter.php(891): App\Controllers\HomeUser->__construct()
 2 SYSTEMPATH\CodeIgniter.php(485): CodeIgniter\CodeIgniter->createController()
 3 SYSTEMPATH\CodeIgniter.php(353): CodeIgniter\CodeIgniter->handleRequest(null, Object(Config\Cache), false)
 4 FCPATH\index.php(79): CodeIgniter\CodeIgniter->run()
WARNING - 2024-02-05 20:18:59 --> [DEPRECATED] Creation of dynamic property App\Controllers\HomeUser::$temp is deprecated in APPPATH\Controllers\HomeUser.php on line 25.
 1 SYSTEMPATH\CodeIgniter.php(891): App\Controllers\HomeUser->__construct()
 2 SYSTEMPATH\CodeIgniter.php(485): CodeIgniter\CodeIgniter->createController()
 3 SYSTEMPATH\CodeIgniter.php(353): CodeIgniter\CodeIgniter->handleRequest(null, Object(Config\Cache), false)
 4 FCPATH\index.php(79): CodeIgniter\CodeIgniter->run()
WARNING - 2024-02-05 20:18:59 --> [DEPRECATED] Creation of dynamic property App\Controllers\HomeUser::$bank is deprecated in APPPATH\Controllers\HomeUser.php on line 26.
 1 SYSTEMPATH\CodeIgniter.php(891): App\Controllers\HomeUser->__construct()
 2 SYSTEMPATH\CodeIgniter.php(485): CodeIgniter\CodeIgniter->createController()
 3 SYSTEMPATH\CodeIgniter.php(353): CodeIgniter\CodeIgniter->handleRequest(null, Object(Config\Cache), false)
 4 FCPATH\index.php(79): CodeIgniter\CodeIgniter->run()
INFO - 2024-02-05 20:18:59 --> Session: Class initialized using 'CodeIgniter\Session\Handlers\FileHandler' driver.
WARNING - 2024-02-05 20:19:11 --> [DEPRECATED] Creation of dynamic property App\Controllers\HomeUser::$playstation is deprecated in APPPATH\Controllers\HomeUser.php on line 21.
 1 SYSTEMPATH\CodeIgniter.php(891): App\Controllers\HomeUser->__construct()
 2 SYSTEMPATH\CodeIgniter.php(485): CodeIgniter\CodeIgniter->createController()
 3 SYSTEMPATH\CodeIgniter.php(353): CodeIgniter\CodeIgniter->handleRequest(null, Object(Config\Cache), false)
 4 FCPATH\index.php(79): CodeIgniter\CodeIgniter->run()
WARNING - 2024-02-05 20:19:11 --> [DEPRECATED] Creation of dynamic property App\Controllers\HomeUser::$transaction is deprecated in APPPATH\Controllers\HomeUser.php on line 22.
 1 SYSTEMPATH\CodeIgniter.php(891): App\Controllers\HomeUser->__construct()
 2 SYSTEMPATH\CodeIgniter.php(485): CodeIgniter\CodeIgniter->createController()
 3 SYSTEMPATH\CodeIgniter.php(353): CodeIgniter\CodeIgniter->handleRequest(null, Object(Config\Cache), false)
 4 FCPATH\index.php(79): CodeIgniter\CodeIgniter->run()
WARNING - 2024-02-05 20:19:11 --> [DEPRECATED] Creation of dynamic property App\Controllers\HomeUser::$history is deprecated in APPPATH\Controllers\HomeUser.php on line 23.
 1 SYSTEMPATH\CodeIgniter.php(891): App\Controllers\HomeUser->__construct()
 2 SYSTEMPATH\CodeIgniter.php(485): CodeIgniter\CodeIgniter->createController()
 3 SYSTEMPATH\CodeIgniter.php(353): CodeIgniter\CodeIgniter->handleRequest(null, Object(Config\Cache), false)
 4 FCPATH\index.php(79): CodeIgniter\CodeIgniter->run()
WARNING - 2024-02-05 20:19:11 --> [DEPRECATED] Creation of dynamic property App\Controllers\HomeUser::$guest is deprecated in APPPATH\Controllers\HomeUser.php on line 24.
 1 SYSTEMPATH\CodeIgniter.php(891): App\Controllers\HomeUser->__construct()
 2 SYSTEMPATH\CodeIgniter.php(485): CodeIgniter\CodeIgniter->createController()
 3 SYSTEMPATH\CodeIgniter.php(353): CodeIgniter\CodeIgniter->handleRequest(null, Object(Config\Cache), false)
 4 FCPATH\index.php(79): CodeIgniter\CodeIgniter->run()
WARNING - 2024-02-05 20:19:11 --> [DEPRECATED] Creation of dynamic property App\Controllers\HomeUser::$temp is deprecated in APPPATH\Controllers\HomeUser.php on line 25.
 1 SYSTEMPATH\CodeIgniter.php(891): App\Controllers\HomeUser->__construct()
 2 SYSTEMPATH\CodeIgniter.php(485): CodeIgniter\CodeIgniter->createController()
 3 SYSTEMPATH\CodeIgniter.php(353): CodeIgniter\CodeIgniter->handleRequest(null, Object(Config\Cache), false)
 4 FCPATH\index.php(79): CodeIgniter\CodeIgniter->run()
WARNING - 2024-02-05 13:19:11 --> [DEPRECATED] Creation of dynamic property App\Controllers\HistoryController::$playstation is deprecated in APPPATH\Controllers\HistoryController.php on line 17.
 1 SYSTEMPATH\CodeIgniter.php(891): App\Controllers\HistoryController->__construct()
 2 SYSTEMPATH\CodeIgniter.php(485): CodeIgniter\CodeIgniter->createController()
 3 SYSTEMPATH\CodeIgniter.php(353): CodeIgniter\CodeIgniter->handleRequest(null, Object(Config\Cache), false)
 4 FCPATH\index.php(79): CodeIgniter\CodeIgniter->run()
WARNING - 2024-02-05 20:19:11 --> [DEPRECATED] Creation of dynamic property App\Controllers\HomeUser::$bank is deprecated in APPPATH\Controllers\HomeUser.php on line 26.
 1 SYSTEMPATH\CodeIgniter.php(891): App\Controllers\HomeUser->__construct()
 2 SYSTEMPATH\CodeIgniter.php(485): CodeIgniter\CodeIgniter->createController()
 3 SYSTEMPATH\CodeIgniter.php(353): CodeIgniter\CodeIgniter->handleRequest(null, Object(Config\Cache), false)
 4 FCPATH\index.php(79): CodeIgniter\CodeIgniter->run()
WARNING - 2024-02-05 13:19:11 --> [DEPRECATED] Creation of dynamic property App\Controllers\HistoryController::$transaction is deprecated in APPPATH\Controllers\HistoryController.php on line 18.
 1 SYSTEMPATH\CodeIgniter.php(891): App\Controllers\HistoryController->__construct()
 2 SYSTEMPATH\CodeIgniter.php(485): CodeIgniter\CodeIgniter->createController()
 3 SYSTEMPATH\CodeIgniter.php(353): CodeIgniter\CodeIgniter->handleRequest(null, Object(Config\Cache), false)
 4 FCPATH\index.php(79): CodeIgniter\CodeIgniter->run()
INFO - 2024-02-05 20:19:11 --> Session: Class initialized using 'CodeIgniter\Session\Handlers\FileHandler' driver.
INFO - 2024-02-05 13:19:11 --> Session: Class initialized using 'CodeIgniter\Session\Handlers\FileHandler' driver.
WARNING - 2024-02-05 21:48:24 --> [DEPRECATED] Creation of dynamic property App\Controllers\HomeUser::$playstation is deprecated in APPPATH\Controllers\HomeUser.php on line 21.
 1 SYSTEMPATH\CodeIgniter.php(891): App\Controllers\HomeUser->__construct()
 2 SYSTEMPATH\CodeIgniter.php(485): CodeIgniter\CodeIgniter->createController()
 3 SYSTEMPATH\CodeIgniter.php(353): CodeIgniter\CodeIgniter->handleRequest(null, Object(Config\Cache), false)
 4 FCPATH\index.php(79): CodeIgniter\CodeIgniter->run()
WARNING - 2024-02-05 21:48:24 --> [DEPRECATED] Creation of dynamic property App\Controllers\HomeUser::$transaction is deprecated in APPPATH\Controllers\HomeUser.php on line 22.
 1 SYSTEMPATH\CodeIgniter.php(891): App\Controllers\HomeUser->__construct()
 2 SYSTEMPATH\CodeIgniter.php(485): CodeIgniter\CodeIgniter->createController()
 3 SYSTEMPATH\CodeIgniter.php(353): CodeIgniter\CodeIgniter->handleRequest(null, Object(Config\Cache), false)
 4 FCPATH\index.php(79): CodeIgniter\CodeIgniter->run()
WARNING - 2024-02-05 21:48:24 --> [DEPRECATED] Creation of dynamic property App\Controllers\HomeUser::$history is deprecated in APPPATH\Controllers\HomeUser.php on line 23.
 1 SYSTEMPATH\CodeIgniter.php(891): App\Controllers\HomeUser->__construct()
 2 SYSTEMPATH\CodeIgniter.php(485): CodeIgniter\CodeIgniter->createController()
 3 SYSTEMPATH\CodeIgniter.php(353): CodeIgniter\CodeIgniter->handleRequest(null, Object(Config\Cache), false)
 4 FCPATH\index.php(79): CodeIgniter\CodeIgniter->run()
WARNING - 2024-02-05 21:48:24 --> [DEPRECATED] Creation of dynamic property App\Controllers\HomeUser::$guest is deprecated in APPPATH\Controllers\HomeUser.php on line 24.
 1 SYSTEMPATH\CodeIgniter.php(891): App\Controllers\HomeUser->__construct()
 2 SYSTEMPATH\CodeIgniter.php(485): CodeIgniter\CodeIgniter->createController()
 3 SYSTEMPATH\CodeIgniter.php(353): CodeIgniter\CodeIgniter->handleRequest(null, Object(Config\Cache), false)
 4 FCPATH\index.php(79): CodeIgniter\CodeIgniter->run()
WARNING - 2024-02-05 21:48:24 --> [DEPRECATED] Creation of dynamic property App\Controllers\HomeUser::$temp is deprecated in APPPATH\Controllers\HomeUser.php on line 25.
 1 SYSTEMPATH\CodeIgniter.php(891): App\Controllers\HomeUser->__construct()
 2 SYSTEMPATH\CodeIgniter.php(485): CodeIgniter\CodeIgniter->createController()
 3 SYSTEMPATH\CodeIgniter.php(353): CodeIgniter\CodeIgniter->handleRequest(null, Object(Config\Cache), false)
 4 FCPATH\index.php(79): CodeIgniter\CodeIgniter->run()
WARNING - 2024-02-05 21:48:24 --> [DEPRECATED] Creation of dynamic property App\Controllers\HomeUser::$bank is deprecated in APPPATH\Controllers\HomeUser.php on line 26.
 1 SYSTEMPATH\CodeIgniter.php(891): App\Controllers\HomeUser->__construct()
 2 SYSTEMPATH\CodeIgniter.php(485): CodeIgniter\CodeIgniter->createController()
 3 SYSTEMPATH\CodeIgniter.php(353): CodeIgniter\CodeIgniter->handleRequest(null, Object(Config\Cache), false)
 4 FCPATH\index.php(79): CodeIgniter\CodeIgniter->run()
INFO - 2024-02-05 21:48:24 --> Session: Class initialized using 'CodeIgniter\Session\Handlers\FileHandler' driver.
WARNING - 2024-02-05 14:48:25 --> [DEPRECATED] Creation of dynamic property App\Controllers\HistoryController::$playstation is deprecated in APPPATH\Controllers\HistoryController.php on line 17.
 1 SYSTEMPATH\CodeIgniter.php(891): App\Controllers\HistoryController->__construct()
 2 SYSTEMPATH\CodeIgniter.php(485): CodeIgniter\CodeIgniter->createController()
 3 SYSTEMPATH\CodeIgniter.php(353): CodeIgniter\CodeIgniter->handleRequest(null, Object(Config\Cache), false)
 4 FCPATH\index.php(79): CodeIgniter\CodeIgniter->run()
WARNING - 2024-02-05 14:48:25 --> [DEPRECATED] Creation of dynamic property App\Controllers\HistoryController::$transaction is deprecated in APPPATH\Controllers\HistoryController.php on line 18.
 1 SYSTEMPATH\CodeIgniter.php(891): App\Controllers\HistoryController->__construct()
 2 SYSTEMPATH\CodeIgniter.php(485): CodeIgniter\CodeIgniter->createController()
 3 SYSTEMPATH\CodeIgniter.php(353): CodeIgniter\CodeIgniter->handleRequest(null, Object(Config\Cache), false)
 4 FCPATH\index.php(79): CodeIgniter\CodeIgniter->run()
INFO - 2024-02-05 14:48:25 --> Session: Class initialized using 'CodeIgniter\Session\Handlers\FileHandler' driver.
WARNING - 2024-02-05 21:48:26 --> [DEPRECATED] Creation of dynamic property App\Controllers\HomeUser::$playstation is deprecated in APPPATH\Controllers\HomeUser.php on line 21.
 1 SYSTEMPATH\CodeIgniter.php(891): App\Controllers\HomeUser->__construct()
 2 SYSTEMPATH\CodeIgniter.php(485): CodeIgniter\CodeIgniter->createController()
 3 SYSTEMPATH\CodeIgniter.php(353): CodeIgniter\CodeIgniter->handleRequest(null, Object(Config\Cache), false)
 4 FCPATH\index.php(79): CodeIgniter\CodeIgniter->run()
WARNING - 2024-02-05 21:48:26 --> [DEPRECATED] Creation of dynamic property App\Controllers\HomeUser::$transaction is deprecated in APPPATH\Controllers\HomeUser.php on line 22.
 1 SYSTEMPATH\CodeIgniter.php(891): App\Controllers\HomeUser->__construct()
 2 SYSTEMPATH\CodeIgniter.php(485): CodeIgniter\CodeIgniter->createController()
 3 SYSTEMPATH\CodeIgniter.php(353): CodeIgniter\CodeIgniter->handleRequest(null, Object(Config\Cache), false)
 4 FCPATH\index.php(79): CodeIgniter\CodeIgniter->run()
WARNING - 2024-02-05 21:48:26 --> [DEPRECATED] Creation of dynamic property App\Controllers\HomeUser::$history is deprecated in APPPATH\Controllers\HomeUser.php on line 23.
 1 SYSTEMPATH\CodeIgniter.php(891): App\Controllers\HomeUser->__construct()
 2 SYSTEMPATH\CodeIgniter.php(485): CodeIgniter\CodeIgniter->createController()
 3 SYSTEMPATH\CodeIgniter.php(353): CodeIgniter\CodeIgniter->handleRequest(null, Object(Config\Cache), false)
 4 FCPATH\index.php(79): CodeIgniter\CodeIgniter->run()
WARNING - 2024-02-05 21:48:26 --> [DEPRECATED] Creation of dynamic property App\Controllers\HomeUser::$guest is deprecated in APPPATH\Controllers\HomeUser.php on line 24.
 1 SYSTEMPATH\CodeIgniter.php(891): App\Controllers\HomeUser->__construct()
 2 SYSTEMPATH\CodeIgniter.php(485): CodeIgniter\CodeIgniter->createController()
 3 SYSTEMPATH\CodeIgniter.php(353): CodeIgniter\CodeIgniter->handleRequest(null, Object(Config\Cache), false)
 4 FCPATH\index.php(79): CodeIgniter\CodeIgniter->run()
WARNING - 2024-02-05 21:48:26 --> [DEPRECATED] Creation of dynamic property App\Controllers\HomeUser::$temp is deprecated in APPPATH\Controllers\HomeUser.php on line 25.
 1 SYSTEMPATH\CodeIgniter.php(891): App\Controllers\HomeUser->__construct()
 2 SYSTEMPATH\CodeIgniter.php(485): CodeIgniter\CodeIgniter->createController()
 3 SYSTEMPATH\CodeIgniter.php(353): CodeIgniter\CodeIgniter->handleRequest(null, Object(Config\Cache), false)
 4 FCPATH\index.php(79): CodeIgniter\CodeIgniter->run()
WARNING - 2024-02-05 21:48:26 --> [DEPRECATED] Creation of dynamic property App\Controllers\HomeUser::$bank is deprecated in APPPATH\Controllers\HomeUser.php on line 26.
 1 SYSTEMPATH\CodeIgniter.php(891): App\Controllers\HomeUser->__construct()
 2 SYSTEMPATH\CodeIgniter.php(485): CodeIgniter\CodeIgniter->createController()
 3 SYSTEMPATH\CodeIgniter.php(353): CodeIgniter\CodeIgniter->handleRequest(null, Object(Config\Cache), false)
 4 FCPATH\index.php(79): CodeIgniter\CodeIgniter->run()
INFO - 2024-02-05 21:48:26 --> Session: Class initialized using 'CodeIgniter\Session\Handlers\FileHandler' driver.
WARNING - 2024-02-05 21:55:03 --> [DEPRECATED] Creation of dynamic property App\Controllers\HomeUser::$playstation is deprecated in APPPATH\Controllers\HomeUser.php on line 21.
 1 SYSTEMPATH\CodeIgniter.php(891): App\Controllers\HomeUser->__construct()
 2 SYSTEMPATH\CodeIgniter.php(485): CodeIgniter\CodeIgniter->createController()
 3 SYSTEMPATH\CodeIgniter.php(353): CodeIgniter\CodeIgniter->handleRequest(null, Object(Config\Cache), false)
 4 FCPATH\index.php(79): CodeIgniter\CodeIgniter->run()
WARNING - 2024-02-05 21:55:03 --> [DEPRECATED] Creation of dynamic property App\Controllers\HomeUser::$transaction is deprecated in APPPATH\Controllers\HomeUser.php on line 22.
 1 SYSTEMPATH\CodeIgniter.php(891): App\Controllers\HomeUser->__construct()
 2 SYSTEMPATH\CodeIgniter.php(485): CodeIgniter\CodeIgniter->createController()
 3 SYSTEMPATH\CodeIgniter.php(353): CodeIgniter\CodeIgniter->handleRequest(null, Object(Config\Cache), false)
 4 FCPATH\index.php(79): CodeIgniter\CodeIgniter->run()
WARNING - 2024-02-05 21:55:03 --> [DEPRECATED] Creation of dynamic property App\Controllers\HomeUser::$history is deprecated in APPPATH\Controllers\HomeUser.php on line 23.
 1 SYSTEMPATH\CodeIgniter.php(891): App\Controllers\HomeUser->__construct()
 2 SYSTEMPATH\CodeIgniter.php(485): CodeIgniter\CodeIgniter->createController()
 3 SYSTEMPATH\CodeIgniter.php(353): CodeIgniter\CodeIgniter->handleRequest(null, Object(Config\Cache), false)
 4 FCPATH\index.php(79): CodeIgniter\CodeIgniter->run()
WARNING - 2024-02-05 21:55:03 --> [DEPRECATED] Creation of dynamic property App\Controllers\HomeUser::$guest is deprecated in APPPATH\Controllers\HomeUser.php on line 24.
 1 SYSTEMPATH\CodeIgniter.php(891): App\Controllers\HomeUser->__construct()
 2 SYSTEMPATH\CodeIgniter.php(485): CodeIgniter\CodeIgniter->createController()
 3 SYSTEMPATH\CodeIgniter.php(353): CodeIgniter\CodeIgniter->handleRequest(null, Object(Config\Cache), false)
 4 FCPATH\index.php(79): CodeIgniter\CodeIgniter->run()
WARNING - 2024-02-05 21:55:03 --> [DEPRECATED] Creation of dynamic property App\Controllers\HomeUser::$temp is deprecated in APPPATH\Controllers\HomeUser.php on line 25.
 1 SYSTEMPATH\CodeIgniter.php(891): App\Controllers\HomeUser->__construct()
 2 SYSTEMPATH\CodeIgniter.php(485): CodeIgniter\CodeIgniter->createController()
 3 SYSTEMPATH\CodeIgniter.php(353): CodeIgniter\CodeIgniter->handleRequest(null, Object(Config\Cache), false)
 4 FCPATH\index.php(79): CodeIgniter\CodeIgniter->run()
WARNING - 2024-02-05 21:55:03 --> [DEPRECATED] Creation of dynamic property App\Controllers\HomeUser::$bank is deprecated in APPPATH\Controllers\HomeUser.php on line 26.
 1 SYSTEMPATH\CodeIgniter.php(891): App\Controllers\HomeUser->__construct()
 2 SYSTEMPATH\CodeIgniter.php(485): CodeIgniter\CodeIgniter->createController()
 3 SYSTEMPATH\CodeIgniter.php(353): CodeIgniter\CodeIgniter->handleRequest(null, Object(Config\Cache), false)
 4 FCPATH\index.php(79): CodeIgniter\CodeIgniter->run()
INFO - 2024-02-05 21:55:03 --> Session: Class initialized using 'CodeIgniter\Session\Handlers\FileHandler' driver.
WARNING - 2024-02-05 21:55:04 --> [DEPRECATED] Creation of dynamic property App\Controllers\HomeUser::$playstation is deprecated in APPPATH\Controllers\HomeUser.php on line 21.
 1 SYSTEMPATH\CodeIgniter.php(891): App\Controllers\HomeUser->__construct()
 2 SYSTEMPATH\CodeIgniter.php(485): CodeIgniter\CodeIgniter->createController()
 3 SYSTEMPATH\CodeIgniter.php(353): CodeIgniter\CodeIgniter->handleRequest(null, Object(Config\Cache), false)
 4 FCPATH\index.php(79): CodeIgniter\CodeIgniter->run()
WARNING - 2024-02-05 21:55:04 --> [DEPRECATED] Creation of dynamic property App\Controllers\HomeUser::$transaction is deprecated in APPPATH\Controllers\HomeUser.php on line 22.
 1 SYSTEMPATH\CodeIgniter.php(891): App\Controllers\HomeUser->__construct()
 2 SYSTEMPATH\CodeIgniter.php(485): CodeIgniter\CodeIgniter->createController()
 3 SYSTEMPATH\CodeIgniter.php(353): CodeIgniter\CodeIgniter->handleRequest(null, Object(Config\Cache), false)
 4 FCPATH\index.php(79): CodeIgniter\CodeIgniter->run()
WARNING - 2024-02-05 21:55:04 --> [DEPRECATED] Creation of dynamic property App\Controllers\HomeUser::$history is deprecated in APPPATH\Controllers\HomeUser.php on line 23.
 1 SYSTEMPATH\CodeIgniter.php(891): App\Controllers\HomeUser->__construct()
 2 SYSTEMPATH\CodeIgniter.php(485): CodeIgniter\CodeIgniter->createController()
 3 SYSTEMPATH\CodeIgniter.php(353): CodeIgniter\CodeIgniter->handleRequest(null, Object(Config\Cache), false)
 4 FCPATH\index.php(79): CodeIgniter\CodeIgniter->run()
WARNING - 2024-02-05 21:55:04 --> [DEPRECATED] Creation of dynamic property App\Controllers\HomeUser::$guest is deprecated in APPPATH\Controllers\HomeUser.php on line 24.
 1 SYSTEMPATH\CodeIgniter.php(891): App\Controllers\HomeUser->__construct()
 2 SYSTEMPATH\CodeIgniter.php(485): CodeIgniter\CodeIgniter->createController()
 3 SYSTEMPATH\CodeIgniter.php(353): CodeIgniter\CodeIgniter->handleRequest(null, Object(Config\Cache), false)
 4 FCPATH\index.php(79): CodeIgniter\CodeIgniter->run()
WARNING - 2024-02-05 21:55:04 --> [DEPRECATED] Creation of dynamic property App\Controllers\HomeUser::$temp is deprecated in APPPATH\Controllers\HomeUser.php on line 25.
 1 SYSTEMPATH\CodeIgniter.php(891): App\Controllers\HomeUser->__construct()
 2 SYSTEMPATH\CodeIgniter.php(485): CodeIgniter\CodeIgniter->createController()
 3 SYSTEMPATH\CodeIgniter.php(353): CodeIgniter\CodeIgniter->handleRequest(null, Object(Config\Cache), false)
 4 FCPATH\index.php(79): CodeIgniter\CodeIgniter->run()
WARNING - 2024-02-05 21:55:04 --> [DEPRECATED] Creation of dynamic property App\Controllers\HomeUser::$bank is deprecated in APPPATH\Controllers\HomeUser.php on line 26.
 1 SYSTEMPATH\CodeIgniter.php(891): App\Controllers\HomeUser->__construct()
 2 SYSTEMPATH\CodeIgniter.php(485): CodeIgniter\CodeIgniter->createController()
 3 SYSTEMPATH\CodeIgniter.php(353): CodeIgniter\CodeIgniter->handleRequest(null, Object(Config\Cache), false)
 4 FCPATH\index.php(79): CodeIgniter\CodeIgniter->run()
INFO - 2024-02-05 21:55:04 --> Session: Class initialized using 'CodeIgniter\Session\Handlers\FileHandler' driver.
WARNING - 2024-02-05 14:55:04 --> [DEPRECATED] Creation of dynamic property App\Controllers\HistoryController::$playstation is deprecated in APPPATH\Controllers\HistoryController.php on line 17.
 1 SYSTEMPATH\CodeIgniter.php(891): App\Controllers\HistoryController->__construct()
 2 SYSTEMPATH\CodeIgniter.php(485): CodeIgniter\CodeIgniter->createController()
 3 SYSTEMPATH\CodeIgniter.php(353): CodeIgniter\CodeIgniter->handleRequest(null, Object(Config\Cache), false)
 4 FCPATH\index.php(79): CodeIgniter\CodeIgniter->run()
WARNING - 2024-02-05 14:55:04 --> [DEPRECATED] Creation of dynamic property App\Controllers\HistoryController::$transaction is deprecated in APPPATH\Controllers\HistoryController.php on line 18.
 1 SYSTEMPATH\CodeIgniter.php(891): App\Controllers\HistoryController->__construct()
 2 SYSTEMPATH\CodeIgniter.php(485): CodeIgniter\CodeIgniter->createController()
 3 SYSTEMPATH\CodeIgniter.php(353): CodeIgniter\CodeIgniter->handleRequest(null, Object(Config\Cache), false)
 4 FCPATH\index.php(79): CodeIgniter\CodeIgniter->run()
INFO - 2024-02-05 14:55:04 --> Session: Class initialized using 'CodeIgniter\Session\Handlers\FileHandler' driver.
WARNING - 2024-02-05 21:55:46 --> [DEPRECATED] Creation of dynamic property App\Controllers\HomeUser::$playstation is deprecated in APPPATH\Controllers\HomeUser.php on line 21.
 1 SYSTEMPATH\CodeIgniter.php(891): App\Controllers\HomeUser->__construct()
 2 SYSTEMPATH\CodeIgniter.php(485): CodeIgniter\CodeIgniter->createController()
 3 SYSTEMPATH\CodeIgniter.php(353): CodeIgniter\CodeIgniter->handleRequest(null, Object(Config\Cache), false)
 4 FCPATH\index.php(79): CodeIgniter\CodeIgniter->run()
WARNING - 2024-02-05 21:55:46 --> [DEPRECATED] Creation of dynamic property App\Controllers\HomeUser::$transaction is deprecated in APPPATH\Controllers\HomeUser.php on line 22.
 1 SYSTEMPATH\CodeIgniter.php(891): App\Controllers\HomeUser->__construct()
 2 SYSTEMPATH\CodeIgniter.php(485): CodeIgniter\CodeIgniter->createController()
 3 SYSTEMPATH\CodeIgniter.php(353): CodeIgniter\CodeIgniter->handleRequest(null, Object(Config\Cache), false)
 4 FCPATH\index.php(79): CodeIgniter\CodeIgniter->run()
WARNING - 2024-02-05 21:55:46 --> [DEPRECATED] Creation of dynamic property App\Controllers\HomeUser::$history is deprecated in APPPATH\Controllers\HomeUser.php on line 23.
 1 SYSTEMPATH\CodeIgniter.php(891): App\Controllers\HomeUser->__construct()
 2 SYSTEMPATH\CodeIgniter.php(485): CodeIgniter\CodeIgniter->createController()
 3 SYSTEMPATH\CodeIgniter.php(353): CodeIgniter\CodeIgniter->handleRequest(null, Object(Config\Cache), false)
 4 FCPATH\index.php(79): CodeIgniter\CodeIgniter->run()
WARNING - 2024-02-05 21:55:46 --> [DEPRECATED] Creation of dynamic property App\Controllers\HomeUser::$guest is deprecated in APPPATH\Controllers\HomeUser.php on line 24.
 1 SYSTEMPATH\CodeIgniter.php(891): App\Controllers\HomeUser->__construct()
 2 SYSTEMPATH\CodeIgniter.php(485): CodeIgniter\CodeIgniter->createController()
 3 SYSTEMPATH\CodeIgniter.php(353): CodeIgniter\CodeIgniter->handleRequest(null, Object(Config\Cache), false)
 4 FCPATH\index.php(79): CodeIgniter\CodeIgniter->run()
WARNING - 2024-02-05 21:55:46 --> [DEPRECATED] Creation of dynamic property App\Controllers\HomeUser::$temp is deprecated in APPPATH\Controllers\HomeUser.php on line 25.
 1 SYSTEMPATH\CodeIgniter.php(891): App\Controllers\HomeUser->__construct()
 2 SYSTEMPATH\CodeIgniter.php(485): CodeIgniter\CodeIgniter->createController()
 3 SYSTEMPATH\CodeIgniter.php(353): CodeIgniter\CodeIgniter->handleRequest(null, Object(Config\Cache), false)
 4 FCPATH\index.php(79): CodeIgniter\CodeIgniter->run()
WARNING - 2024-02-05 21:55:46 --> [DEPRECATED] Creation of dynamic property App\Controllers\HomeUser::$bank is deprecated in APPPATH\Controllers\HomeUser.php on line 26.
 1 SYSTEMPATH\CodeIgniter.php(891): App\Controllers\HomeUser->__construct()
 2 SYSTEMPATH\CodeIgniter.php(485): CodeIgniter\CodeIgniter->createController()
 3 SYSTEMPATH\CodeIgniter.php(353): CodeIgniter\CodeIgniter->handleRequest(null, Object(Config\Cache), false)
 4 FCPATH\index.php(79): CodeIgniter\CodeIgniter->run()
INFO - 2024-02-05 21:55:46 --> Session: Class initialized using 'CodeIgniter\Session\Handlers\FileHandler' driver.
WARNING - 2024-02-05 21:55:47 --> [DEPRECATED] Creation of dynamic property App\Controllers\HomeUser::$playstation is deprecated in APPPATH\Controllers\HomeUser.php on line 21.
 1 SYSTEMPATH\CodeIgniter.php(891): App\Controllers\HomeUser->__construct()
 2 SYSTEMPATH\CodeIgniter.php(485): CodeIgniter\CodeIgniter->createController()
 3 SYSTEMPATH\CodeIgniter.php(353): CodeIgniter\CodeIgniter->handleRequest(null, Object(Config\Cache), false)
 4 FCPATH\index.php(79): CodeIgniter\CodeIgniter->run()
WARNING - 2024-02-05 21:55:47 --> [DEPRECATED] Creation of dynamic property App\Controllers\HomeUser::$transaction is deprecated in APPPATH\Controllers\HomeUser.php on line 22.
 1 SYSTEMPATH\CodeIgniter.php(891): App\Controllers\HomeUser->__construct()
 2 SYSTEMPATH\CodeIgniter.php(485): CodeIgniter\CodeIgniter->createController()
 3 SYSTEMPATH\CodeIgniter.php(353): CodeIgniter\CodeIgniter->handleRequest(null, Object(Config\Cache), false)
 4 FCPATH\index.php(79): CodeIgniter\CodeIgniter->run()
WARNING - 2024-02-05 21:55:47 --> [DEPRECATED] Creation of dynamic property App\Controllers\HomeUser::$history is deprecated in APPPATH\Controllers\HomeUser.php on line 23.
 1 SYSTEMPATH\CodeIgniter.php(891): App\Controllers\HomeUser->__construct()
 2 SYSTEMPATH\CodeIgniter.php(485): CodeIgniter\CodeIgniter->createController()
 3 SYSTEMPATH\CodeIgniter.php(353): CodeIgniter\CodeIgniter->handleRequest(null, Object(Config\Cache), false)
 4 FCPATH\index.php(79): CodeIgniter\CodeIgniter->run()
WARNING - 2024-02-05 21:55:47 --> [DEPRECATED] Creation of dynamic property App\Controllers\HomeUser::$guest is deprecated in APPPATH\Controllers\HomeUser.php on line 24.
 1 SYSTEMPATH\CodeIgniter.php(891): App\Controllers\HomeUser->__construct()
 2 SYSTEMPATH\CodeIgniter.php(485): CodeIgniter\CodeIgniter->createController()
 3 SYSTEMPATH\CodeIgniter.php(353): CodeIgniter\CodeIgniter->handleRequest(null, Object(Config\Cache), false)
 4 FCPATH\index.php(79): CodeIgniter\CodeIgniter->run()
WARNING - 2024-02-05 21:55:47 --> [DEPRECATED] Creation of dynamic property App\Controllers\HomeUser::$temp is deprecated in APPPATH\Controllers\HomeUser.php on line 25.
 1 SYSTEMPATH\CodeIgniter.php(891): App\Controllers\HomeUser->__construct()
 2 SYSTEMPATH\CodeIgniter.php(485): CodeIgniter\CodeIgniter->createController()
 3 SYSTEMPATH\CodeIgniter.php(353): CodeIgniter\CodeIgniter->handleRequest(null, Object(Config\Cache), false)
 4 FCPATH\index.php(79): CodeIgniter\CodeIgniter->run()
WARNING - 2024-02-05 21:55:47 --> [DEPRECATED] Creation of dynamic property App\Controllers\HomeUser::$bank is deprecated in APPPATH\Controllers\HomeUser.php on line 26.
 1 SYSTEMPATH\CodeIgniter.php(891): App\Controllers\HomeUser->__construct()
 2 SYSTEMPATH\CodeIgniter.php(485): CodeIgniter\CodeIgniter->createController()
 3 SYSTEMPATH\CodeIgniter.php(353): CodeIgniter\CodeIgniter->handleRequest(null, Object(Config\Cache), false)
 4 FCPATH\index.php(79): CodeIgniter\CodeIgniter->run()
WARNING - 2024-02-05 14:55:47 --> [DEPRECATED] Creation of dynamic property App\Controllers\HistoryController::$playstation is deprecated in APPPATH\Controllers\HistoryController.php on line 17.
 1 SYSTEMPATH\CodeIgniter.php(891): App\Controllers\HistoryController->__construct()
 2 SYSTEMPATH\CodeIgniter.php(485): CodeIgniter\CodeIgniter->createController()
 3 SYSTEMPATH\CodeIgniter.php(353): CodeIgniter\CodeIgniter->handleRequest(null, Object(Config\Cache), false)
 4 FCPATH\index.php(79): CodeIgniter\CodeIgniter->run()
WARNING - 2024-02-05 14:55:47 --> [DEPRECATED] Creation of dynamic property App\Controllers\HistoryController::$transaction is deprecated in APPPATH\Controllers\HistoryController.php on line 18.
 1 SYSTEMPATH\CodeIgniter.php(891): App\Controllers\HistoryController->__construct()
 2 SYSTEMPATH\CodeIgniter.php(485): CodeIgniter\CodeIgniter->createController()
 3 SYSTEMPATH\CodeIgniter.php(353): CodeIgniter\CodeIgniter->handleRequest(null, Object(Config\Cache), false)
 4 FCPATH\index.php(79): CodeIgniter\CodeIgniter->run()
INFO - 2024-02-05 21:55:47 --> Session: Class initialized using 'CodeIgniter\Session\Handlers\FileHandler' driver.
INFO - 2024-02-05 14:55:47 --> Session: Class initialized using 'CodeIgniter\Session\Handlers\FileHandler' driver.
WARNING - 2024-02-05 21:56:34 --> [DEPRECATED] Creation of dynamic property App\Controllers\HomeUser::$playstation is deprecated in APPPATH\Controllers\HomeUser.php on line 21.
 1 SYSTEMPATH\CodeIgniter.php(891): App\Controllers\HomeUser->__construct()
 2 SYSTEMPATH\CodeIgniter.php(485): CodeIgniter\CodeIgniter->createController()
 3 SYSTEMPATH\CodeIgniter.php(353): CodeIgniter\CodeIgniter->handleRequest(null, Object(Config\Cache), false)
 4 FCPATH\index.php(79): CodeIgniter\CodeIgniter->run()
WARNING - 2024-02-05 21:56:34 --> [DEPRECATED] Creation of dynamic property App\Controllers\HomeUser::$transaction is deprecated in APPPATH\Controllers\HomeUser.php on line 22.
 1 SYSTEMPATH\CodeIgniter.php(891): App\Controllers\HomeUser->__construct()
 2 SYSTEMPATH\CodeIgniter.php(485): CodeIgniter\CodeIgniter->createController()
 3 SYSTEMPATH\CodeIgniter.php(353): CodeIgniter\CodeIgniter->handleRequest(null, Object(Config\Cache), false)
 4 FCPATH\index.php(79): CodeIgniter\CodeIgniter->run()
WARNING - 2024-02-05 21:56:34 --> [DEPRECATED] Creation of dynamic property App\Controllers\HomeUser::$history is deprecated in APPPATH\Controllers\HomeUser.php on line 23.
 1 SYSTEMPATH\CodeIgniter.php(891): App\Controllers\HomeUser->__construct()
 2 SYSTEMPATH\CodeIgniter.php(485): CodeIgniter\CodeIgniter->createController()
 3 SYSTEMPATH\CodeIgniter.php(353): CodeIgniter\CodeIgniter->handleRequest(null, Object(Config\Cache), false)
 4 FCPATH\index.php(79): CodeIgniter\CodeIgniter->run()
WARNING - 2024-02-05 21:56:34 --> [DEPRECATED] Creation of dynamic property App\Controllers\HomeUser::$guest is deprecated in APPPATH\Controllers\HomeUser.php on line 24.
 1 SYSTEMPATH\CodeIgniter.php(891): App\Controllers\HomeUser->__construct()
 2 SYSTEMPATH\CodeIgniter.php(485): CodeIgniter\CodeIgniter->createController()
 3 SYSTEMPATH\CodeIgniter.php(353): CodeIgniter\CodeIgniter->handleRequest(null, Object(Config\Cache), false)
 4 FCPATH\index.php(79): CodeIgniter\CodeIgniter->run()
WARNING - 2024-02-05 21:56:34 --> [DEPRECATED] Creation of dynamic property App\Controllers\HomeUser::$temp is deprecated in APPPATH\Controllers\HomeUser.php on line 25.
 1 SYSTEMPATH\CodeIgniter.php(891): App\Controllers\HomeUser->__construct()
 2 SYSTEMPATH\CodeIgniter.php(485): CodeIgniter\CodeIgniter->createController()
 3 SYSTEMPATH\CodeIgniter.php(353): CodeIgniter\CodeIgniter->handleRequest(null, Object(Config\Cache), false)
 4 FCPATH\index.php(79): CodeIgniter\CodeIgniter->run()
WARNING - 2024-02-05 21:56:34 --> [DEPRECATED] Creation of dynamic property App\Controllers\HomeUser::$bank is deprecated in APPPATH\Controllers\HomeUser.php on line 26.
 1 SYSTEMPATH\CodeIgniter.php(891): App\Controllers\HomeUser->__construct()
 2 SYSTEMPATH\CodeIgniter.php(485): CodeIgniter\CodeIgniter->createController()
 3 SYSTEMPATH\CodeIgniter.php(353): CodeIgniter\CodeIgniter->handleRequest(null, Object(Config\Cache), false)
 4 FCPATH\index.php(79): CodeIgniter\CodeIgniter->run()
INFO - 2024-02-05 21:56:34 --> Session: Class initialized using 'CodeIgniter\Session\Handlers\FileHandler' driver.
WARNING - 2024-02-05 21:56:34 --> [DEPRECATED] Creation of dynamic property App\Controllers\HomeUser::$playstation is deprecated in APPPATH\Controllers\HomeUser.php on line 21.
 1 SYSTEMPATH\CodeIgniter.php(891): App\Controllers\HomeUser->__construct()
 2 SYSTEMPATH\CodeIgniter.php(485): CodeIgniter\CodeIgniter->createController()
 3 SYSTEMPATH\CodeIgniter.php(353): CodeIgniter\CodeIgniter->handleRequest(null, Object(Config\Cache), false)
 4 FCPATH\index.php(79): CodeIgniter\CodeIgniter->run()
WARNING - 2024-02-05 21:56:34 --> [DEPRECATED] Creation of dynamic property App\Controllers\HomeUser::$transaction is deprecated in APPPATH\Controllers\HomeUser.php on line 22.
 1 SYSTEMPATH\CodeIgniter.php(891): App\Controllers\HomeUser->__construct()
 2 SYSTEMPATH\CodeIgniter.php(485): CodeIgniter\CodeIgniter->createController()
 3 SYSTEMPATH\CodeIgniter.php(353): CodeIgniter\CodeIgniter->handleRequest(null, Object(Config\Cache), false)
 4 FCPATH\index.php(79): CodeIgniter\CodeIgniter->run()
WARNING - 2024-02-05 21:56:34 --> [DEPRECATED] Creation of dynamic property App\Controllers\HomeUser::$history is deprecated in APPPATH\Controllers\HomeUser.php on line 23.
 1 SYSTEMPATH\CodeIgniter.php(891): App\Controllers\HomeUser->__construct()
 2 SYSTEMPATH\CodeIgniter.php(485): CodeIgniter\CodeIgniter->createController()
 3 SYSTEMPATH\CodeIgniter.php(353): CodeIgniter\CodeIgniter->handleRequest(null, Object(Config\Cache), false)
 4 FCPATH\index.php(79): CodeIgniter\CodeIgniter->run()
WARNING - 2024-02-05 21:56:34 --> [DEPRECATED] Creation of dynamic property App\Controllers\HomeUser::$guest is deprecated in APPPATH\Controllers\HomeUser.php on line 24.
 1 SYSTEMPATH\CodeIgniter.php(891): App\Controllers\HomeUser->__construct()
 2 SYSTEMPATH\CodeIgniter.php(485): CodeIgniter\CodeIgniter->createController()
 3 SYSTEMPATH\CodeIgniter.php(353): CodeIgniter\CodeIgniter->handleRequest(null, Object(Config\Cache), false)
 4 FCPATH\index.php(79): CodeIgniter\CodeIgniter->run()
WARNING - 2024-02-05 21:56:34 --> [DEPRECATED] Creation of dynamic property App\Controllers\HomeUser::$temp is deprecated in APPPATH\Controllers\HomeUser.php on line 25.
 1 SYSTEMPATH\CodeIgniter.php(891): App\Controllers\HomeUser->__construct()
 2 SYSTEMPATH\CodeIgniter.php(485): CodeIgniter\CodeIgniter->createController()
 3 SYSTEMPATH\CodeIgniter.php(353): CodeIgniter\CodeIgniter->handleRequest(null, Object(Config\Cache), false)
 4 FCPATH\index.php(79): CodeIgniter\CodeIgniter->run()
WARNING - 2024-02-05 21:56:34 --> [DEPRECATED] Creation of dynamic property App\Controllers\HomeUser::$bank is deprecated in APPPATH\Controllers\HomeUser.php on line 26.
 1 SYSTEMPATH\CodeIgniter.php(891): App\Controllers\HomeUser->__construct()
 2 SYSTEMPATH\CodeIgniter.php(485): CodeIgniter\CodeIgniter->createController()
 3 SYSTEMPATH\CodeIgniter.php(353): CodeIgniter\CodeIgniter->handleRequest(null, Object(Config\Cache), false)
 4 FCPATH\index.php(79): CodeIgniter\CodeIgniter->run()
INFO - 2024-02-05 21:56:35 --> Session: Class initialized using 'CodeIgniter\Session\Handlers\FileHandler' driver.
WARNING - 2024-02-05 21:56:35 --> [DEPRECATED] Creation of dynamic property App\Controllers\Transaction::$playstation is deprecated in APPPATH\Controllers\Transaction.php on line 19.
 1 SYSTEMPATH\CodeIgniter.php(891): App\Controllers\Transaction->__construct()
 2 SYSTEMPATH\CodeIgniter.php(485): CodeIgniter\CodeIgniter->createController()
 3 SYSTEMPATH\CodeIgniter.php(353): CodeIgniter\CodeIgniter->handleRequest(null, Object(Config\Cache), false)
 4 FCPATH\index.php(79): CodeIgniter\CodeIgniter->run()
WARNING - 2024-02-05 21:56:35 --> [DEPRECATED] Creation of dynamic property App\Controllers\Transaction::$transaction is deprecated in APPPATH\Controllers\Transaction.php on line 20.
 1 SYSTEMPATH\CodeIgniter.php(891): App\Controllers\Transaction->__construct()
 2 SYSTEMPATH\CodeIgniter.php(485): CodeIgniter\CodeIgniter->createController()
 3 SYSTEMPATH\CodeIgniter.php(353): CodeIgniter\CodeIgniter->handleRequest(null, Object(Config\Cache), false)
 4 FCPATH\index.php(79): CodeIgniter\CodeIgniter->run()
WARNING - 2024-02-05 21:56:35 --> [DEPRECATED] Creation of dynamic property App\Controllers\Transaction::$history is deprecated in APPPATH\Controllers\Transaction.php on line 21.
 1 SYSTEMPATH\CodeIgniter.php(891): App\Controllers\Transaction->__construct()
 2 SYSTEMPATH\CodeIgniter.php(485): CodeIgniter\CodeIgniter->createController()
 3 SYSTEMPATH\CodeIgniter.php(353): CodeIgniter\CodeIgniter->handleRequest(null, Object(Config\Cache), false)
 4 FCPATH\index.php(79): CodeIgniter\CodeIgniter->run()
WARNING - 2024-02-05 21:56:35 --> [DEPRECATED] Creation of dynamic property App\Controllers\Transaction::$guest is deprecated in APPPATH\Controllers\Transaction.php on line 22.
 1 SYSTEMPATH\CodeIgniter.php(891): App\Controllers\Transaction->__construct()
 2 SYSTEMPATH\CodeIgniter.php(485): CodeIgniter\CodeIgniter->createController()
 3 SYSTEMPATH\CodeIgniter.php(353): CodeIgniter\CodeIgniter->handleRequest(null, Object(Config\Cache), false)
 4 FCPATH\index.php(79): CodeIgniter\CodeIgniter->run()
WARNING - 2024-02-05 21:56:36 --> [DEPRECATED] Creation of dynamic property App\Controllers\Transaction::$playstation is deprecated in APPPATH\Controllers\Transaction.php on line 19.
 1 SYSTEMPATH\CodeIgniter.php(891): App\Controllers\Transaction->__construct()
 2 SYSTEMPATH\CodeIgniter.php(485): CodeIgniter\CodeIgniter->createController()
 3 SYSTEMPATH\CodeIgniter.php(353): CodeIgniter\CodeIgniter->handleRequest(null, Object(Config\Cache), false)
 4 FCPATH\index.php(79): CodeIgniter\CodeIgniter->run()
WARNING - 2024-02-05 21:56:36 --> [DEPRECATED] Creation of dynamic property App\Controllers\Transaction::$transaction is deprecated in APPPATH\Controllers\Transaction.php on line 20.
 1 SYSTEMPATH\CodeIgniter.php(891): App\Controllers\Transaction->__construct()
 2 SYSTEMPATH\CodeIgniter.php(485): CodeIgniter\CodeIgniter->createController()
 3 SYSTEMPATH\CodeIgniter.php(353): CodeIgniter\CodeIgniter->handleRequest(null, Object(Config\Cache), false)
 4 FCPATH\index.php(79): CodeIgniter\CodeIgniter->run()
WARNING - 2024-02-05 21:56:36 --> [DEPRECATED] Creation of dynamic property App\Controllers\Transaction::$history is deprecated in APPPATH\Controllers\Transaction.php on line 21.
 1 SYSTEMPATH\CodeIgniter.php(891): App\Controllers\Transaction->__construct()
 2 SYSTEMPATH\CodeIgniter.php(485): CodeIgniter\CodeIgniter->createController()
 3 SYSTEMPATH\CodeIgniter.php(353): CodeIgniter\CodeIgniter->handleRequest(null, Object(Config\Cache), false)
 4 FCPATH\index.php(79): CodeIgniter\CodeIgniter->run()
WARNING - 2024-02-05 21:56:36 --> [DEPRECATED] Creation of dynamic property App\Controllers\Transaction::$guest is deprecated in APPPATH\Controllers\Transaction.php on line 22.
 1 SYSTEMPATH\CodeIgniter.php(891): App\Controllers\Transaction->__construct()
 2 SYSTEMPATH\CodeIgniter.php(485): CodeIgniter\CodeIgniter->createController()
 3 SYSTEMPATH\CodeIgniter.php(353): CodeIgniter\CodeIgniter->handleRequest(null, Object(Config\Cache), false)
 4 FCPATH\index.php(79): CodeIgniter\CodeIgniter->run()
INFO - 2024-02-05 21:56:36 --> Session: Class initialized using 'CodeIgniter\Session\Handlers\FileHandler' driver.
WARNING - 2024-02-05 21:56:36 --> [DEPRECATED] Creation of dynamic property App\Controllers\HomeUser::$playstation is deprecated in APPPATH\Controllers\HomeUser.php on line 21.
 1 SYSTEMPATH\CodeIgniter.php(891): App\Controllers\HomeUser->__construct()
 2 SYSTEMPATH\CodeIgniter.php(485): CodeIgniter\CodeIgniter->createController()
 3 SYSTEMPATH\CodeIgniter.php(353): CodeIgniter\CodeIgniter->handleRequest(null, Object(Config\Cache), false)
 4 FCPATH\index.php(79): CodeIgniter\CodeIgniter->run()
WARNING - 2024-02-05 21:56:36 --> [DEPRECATED] Creation of dynamic property App\Controllers\HomeUser::$transaction is deprecated in APPPATH\Controllers\HomeUser.php on line 22.
 1 SYSTEMPATH\CodeIgniter.php(891): App\Controllers\HomeUser->__construct()
 2 SYSTEMPATH\CodeIgniter.php(485): CodeIgniter\CodeIgniter->createController()
 3 SYSTEMPATH\CodeIgniter.php(353): CodeIgniter\CodeIgniter->handleRequest(null, Object(Config\Cache), false)
 4 FCPATH\index.php(79): CodeIgniter\CodeIgniter->run()
WARNING - 2024-02-05 21:56:36 --> [DEPRECATED] Creation of dynamic property App\Controllers\HomeUser::$history is deprecated in APPPATH\Controllers\HomeUser.php on line 23.
 1 SYSTEMPATH\CodeIgniter.php(891): App\Controllers\HomeUser->__construct()
 2 SYSTEMPATH\CodeIgniter.php(485): CodeIgniter\CodeIgniter->createController()
 3 SYSTEMPATH\CodeIgniter.php(353): CodeIgniter\CodeIgniter->handleRequest(null, Object(Config\Cache), false)
 4 FCPATH\index.php(79): CodeIgniter\CodeIgniter->run()
WARNING - 2024-02-05 21:56:36 --> [DEPRECATED] Creation of dynamic property App\Controllers\HomeUser::$guest is deprecated in APPPATH\Controllers\HomeUser.php on line 24.
 1 SYSTEMPATH\CodeIgniter.php(891): App\Controllers\HomeUser->__construct()
 2 SYSTEMPATH\CodeIgniter.php(485): CodeIgniter\CodeIgniter->createController()
 3 SYSTEMPATH\CodeIgniter.php(353): CodeIgniter\CodeIgniter->handleRequest(null, Object(Config\Cache), false)
 4 FCPATH\index.php(79): CodeIgniter\CodeIgniter->run()
WARNING - 2024-02-05 21:56:36 --> [DEPRECATED] Creation of dynamic property App\Controllers\HomeUser::$temp is deprecated in APPPATH\Controllers\HomeUser.php on line 25.
 1 SYSTEMPATH\CodeIgniter.php(891): App\Controllers\HomeUser->__construct()
 2 SYSTEMPATH\CodeIgniter.php(485): CodeIgniter\CodeIgniter->createController()
 3 SYSTEMPATH\CodeIgniter.php(353): CodeIgniter\CodeIgniter->handleRequest(null, Object(Config\Cache), false)
 4 FCPATH\index.php(79): CodeIgniter\CodeIgniter->run()
WARNING - 2024-02-05 21:56:36 --> [DEPRECATED] Creation of dynamic property App\Controllers\HomeUser::$bank is deprecated in APPPATH\Controllers\HomeUser.php on line 26.
 1 SYSTEMPATH\CodeIgniter.php(891): App\Controllers\HomeUser->__construct()
 2 SYSTEMPATH\CodeIgniter.php(485): CodeIgniter\CodeIgniter->createController()
 3 SYSTEMPATH\CodeIgniter.php(353): CodeIgniter\CodeIgniter->handleRequest(null, Object(Config\Cache), false)
 4 FCPATH\index.php(79): CodeIgniter\CodeIgniter->run()
INFO - 2024-02-05 21:56:36 --> Session: Class initialized using 'CodeIgniter\Session\Handlers\FileHandler' driver.
WARNING - 2024-02-05 14:56:37 --> [DEPRECATED] Creation of dynamic property App\Controllers\Login::$login is deprecated in APPPATH\Controllers\Login.php on line 25.
 1 SYSTEMPATH\CodeIgniter.php(891): App\Controllers\Login->__construct()
 2 SYSTEMPATH\CodeIgniter.php(485): CodeIgniter\CodeIgniter->createController()
 3 SYSTEMPATH\CodeIgniter.php(353): CodeIgniter\CodeIgniter->handleRequest(null, Object(Config\Cache), false)
 4 FCPATH\index.php(79): CodeIgniter\CodeIgniter->run()
INFO - 2024-02-05 14:56:37 --> Session: Class initialized using 'CodeIgniter\Session\Handlers\FileHandler' driver.
WARNING - 2024-02-05 14:56:47 --> [DEPRECATED] Creation of dynamic property App\Controllers\Login::$login is deprecated in APPPATH\Controllers\Login.php on line 25.
 1 SYSTEMPATH\CodeIgniter.php(891): App\Controllers\Login->__construct()
 2 SYSTEMPATH\CodeIgniter.php(485): CodeIgniter\CodeIgniter->createController()
 3 SYSTEMPATH\CodeIgniter.php(353): CodeIgniter\CodeIgniter->handleRequest(null, Object(Config\Cache), false)
 4 FCPATH\index.php(79): CodeIgniter\CodeIgniter->run()
INFO - 2024-02-05 14:56:47 --> Session: Class initialized using 'CodeIgniter\Session\Handlers\FileHandler' driver.
WARNING - 2024-02-05 21:56:49 --> [DEPRECATED] Creation of dynamic property App\Controllers\Home::$playstation is deprecated in APPPATH\Controllers\Home.php on line 16.
 1 SYSTEMPATH\CodeIgniter.php(891): App\Controllers\Home->__construct()
 2 SYSTEMPATH\CodeIgniter.php(485): CodeIgniter\CodeIgniter->createController()
 3 SYSTEMPATH\CodeIgniter.php(353): CodeIgniter\CodeIgniter->handleRequest(null, Object(Config\Cache), false)
 4 FCPATH\index.php(79): CodeIgniter\CodeIgniter->run()
WARNING - 2024-02-05 21:56:49 --> [DEPRECATED] Creation of dynamic property App\Controllers\Home::$transaction is deprecated in APPPATH\Controllers\Home.php on line 17.
 1 SYSTEMPATH\CodeIgniter.php(891): App\Controllers\Home->__construct()
 2 SYSTEMPATH\CodeIgniter.php(485): CodeIgniter\CodeIgniter->createController()
 3 SYSTEMPATH\CodeIgniter.php(353): CodeIgniter\CodeIgniter->handleRequest(null, Object(Config\Cache), false)
 4 FCPATH\index.php(79): CodeIgniter\CodeIgniter->run()
INFO - 2024-02-05 21:56:49 --> Session: Class initialized using 'CodeIgniter\Session\Handlers\FileHandler' driver.
WARNING - 2024-02-05 21:56:51 --> [DEPRECATED] Creation of dynamic property App\Controllers\Home::$playstation is deprecated in APPPATH\Controllers\Home.php on line 16.
 1 SYSTEMPATH\CodeIgniter.php(891): App\Controllers\Home->__construct()
 2 SYSTEMPATH\CodeIgniter.php(485): CodeIgniter\CodeIgniter->createController()
 3 SYSTEMPATH\CodeIgniter.php(353): CodeIgniter\CodeIgniter->handleRequest(null, Object(Config\Cache), false)
 4 FCPATH\index.php(79): CodeIgniter\CodeIgniter->run()
WARNING - 2024-02-05 21:56:51 --> [DEPRECATED] Creation of dynamic property App\Controllers\Home::$transaction is deprecated in APPPATH\Controllers\Home.php on line 17.
 1 SYSTEMPATH\CodeIgniter.php(891): App\Controllers\Home->__construct()
 2 SYSTEMPATH\CodeIgniter.php(485): CodeIgniter\CodeIgniter->createController()
 3 SYSTEMPATH\CodeIgniter.php(353): CodeIgniter\CodeIgniter->handleRequest(null, Object(Config\Cache), false)
 4 FCPATH\index.php(79): CodeIgniter\CodeIgniter->run()
WARNING - 2024-02-05 21:56:51 --> [DEPRECATED] Creation of dynamic property App\Controllers\Home::$playstation is deprecated in APPPATH\Controllers\Home.php on line 16.
 1 SYSTEMPATH\CodeIgniter.php(891): App\Controllers\Home->__construct()
 2 SYSTEMPATH\CodeIgniter.php(485): CodeIgniter\CodeIgniter->createController()
 3 SYSTEMPATH\CodeIgniter.php(353): CodeIgniter\CodeIgniter->handleRequest(null, Object(Config\Cache), false)
 4 FCPATH\index.php(79): CodeIgniter\CodeIgniter->run()
WARNING - 2024-02-05 21:56:51 --> [DEPRECATED] Creation of dynamic property App\Controllers\Home::$transaction is deprecated in APPPATH\Controllers\Home.php on line 17.
 1 SYSTEMPATH\CodeIgniter.php(891): App\Controllers\Home->__construct()
 2 SYSTEMPATH\CodeIgniter.php(485): CodeIgniter\CodeIgniter->createController()
 3 SYSTEMPATH\CodeIgniter.php(353): CodeIgniter\CodeIgniter->handleRequest(null, Object(Config\Cache), false)
 4 FCPATH\index.php(79): CodeIgniter\CodeIgniter->run()
