WARNING - 2023-11-04 22:55:06 --> [DEPRECATED] Creation of dynamic property App\Controllers\Transaction::$playstation is deprecated in APPPATH\Controllers\Transaction.php on line 17.
 1 SYSTEMPATH\CodeIgniter.php(891): App\Controllers\Transaction->__construct()
 2 SYSTEMPATH\CodeIgniter.php(485): CodeIgniter\CodeIgniter->createController()
 3 SYSTEMPATH\CodeIgniter.php(353): CodeIgniter\CodeIgniter->handleRequest(null, Object(Config\Cache), false)
 4 FCPATH\index.php(79): CodeIgniter\CodeIgniter->run()
WARNING - 2023-11-04 22:55:06 --> [DEPRECATED] Creation of dynamic property App\Controllers\Transaction::$transaction is deprecated in APPPATH\Controllers\Transaction.php on line 18.
 1 SYSTEMPATH\CodeIgniter.php(891): App\Controllers\Transaction->__construct()
 2 SYSTEMPATH\CodeIgniter.php(485): CodeIgniter\CodeIgniter->createController()
 3 SYSTEMPATH\CodeIgniter.php(353): CodeIgniter\CodeIgniter->handleRequest(null, Object(Config\Cache), false)
 4 FCPATH\index.php(79): CodeIgniter\CodeIgniter->run()
WARNING - 2023-11-04 22:55:10 --> [DEPRECATED] Creation of dynamic property App\Controllers\Transaction::$playstation is deprecated in APPPATH\Controllers\Transaction.php on line 17.
 1 SYSTEMPATH\CodeIgniter.php(891): App\Controllers\Transaction->__construct()
 2 SYSTEMPATH\CodeIgniter.php(485): CodeIgniter\CodeIgniter->createController()
 3 SYSTEMPATH\CodeIgniter.php(353): CodeIgniter\CodeIgniter->handleRequest(null, Object(Config\Cache), false)
 4 FCPATH\index.php(79): CodeIgniter\CodeIgniter->run()
WARNING - 2023-11-04 22:55:10 --> [DEPRECATED] Creation of dynamic property App\Controllers\Transaction::$transaction is deprecated in APPPATH\Controllers\Transaction.php on line 18.
 1 SYSTEMPATH\CodeIgniter.php(891): App\Controllers\Transaction->__construct()
 2 SYSTEMPATH\CodeIgniter.php(485): CodeIgniter\CodeIgniter->createController()
 3 SYSTEMPATH\CodeIgniter.php(353): CodeIgniter\CodeIgniter->handleRequest(null, Object(Config\Cache), false)
 4 FCPATH\index.php(79): CodeIgniter\CodeIgniter->run()
INFO - 2023-11-04 22:55:10 --> Session: Class initialized using 'CodeIgniter\Session\Handlers\FileHandler' driver.
WARNING - 2023-11-04 22:55:13 --> [DEPRECATED] Creation of dynamic property App\Controllers\Transaction::$playstation is deprecated in APPPATH\Controllers\Transaction.php on line 17.
 1 SYSTEMPATH\CodeIgniter.php(891): App\Controllers\Transaction->__construct()
 2 SYSTEMPATH\CodeIgniter.php(485): CodeIgniter\CodeIgniter->createController()
 3 SYSTEMPATH\CodeIgniter.php(353): CodeIgniter\CodeIgniter->handleRequest(null, Object(Config\Cache), false)
 4 FCPATH\index.php(79): CodeIgniter\CodeIgniter->run()
WARNING - 2023-11-04 22:55:13 --> [DEPRECATED] Creation of dynamic property App\Controllers\Transaction::$transaction is deprecated in APPPATH\Controllers\Transaction.php on line 18.
 1 SYSTEMPATH\CodeIgniter.php(891): App\Controllers\Transaction->__construct()
 2 SYSTEMPATH\CodeIgniter.php(485): CodeIgniter\CodeIgniter->createController()
 3 SYSTEMPATH\CodeIgniter.php(353): CodeIgniter\CodeIgniter->handleRequest(null, Object(Config\Cache), false)
 4 FCPATH\index.php(79): CodeIgniter\CodeIgniter->run()
INFO - 2023-11-04 22:55:13 --> Session: Class initialized using 'CodeIgniter\Session\Handlers\FileHandler' driver.
WARNING - 2023-11-04 22:55:16 --> [DEPRECATED] Creation of dynamic property App\Controllers\Transaction::$playstation is deprecated in APPPATH\Controllers\Transaction.php on line 17.
 1 SYSTEMPATH\CodeIgniter.php(891): App\Controllers\Transaction->__construct()
 2 SYSTEMPATH\CodeIgniter.php(485): CodeIgniter\CodeIgniter->createController()
 3 SYSTEMPATH\CodeIgniter.php(353): CodeIgniter\CodeIgniter->handleRequest(null, Object(Config\Cache), false)
 4 FCPATH\index.php(79): CodeIgniter\CodeIgniter->run()
WARNING - 2023-11-04 22:55:16 --> [DEPRECATED] Creation of dynamic property App\Controllers\Transaction::$transaction is deprecated in APPPATH\Controllers\Transaction.php on line 18.
 1 SYSTEMPATH\CodeIgniter.php(891): App\Controllers\Transaction->__construct()
 2 SYSTEMPATH\CodeIgniter.php(485): CodeIgniter\CodeIgniter->createController()
 3 SYSTEMPATH\CodeIgniter.php(353): CodeIgniter\CodeIgniter->handleRequest(null, Object(Config\Cache), false)
 4 FCPATH\index.php(79): CodeIgniter\CodeIgniter->run()
INFO - 2023-11-04 22:55:16 --> Session: Class initialized using 'CodeIgniter\Session\Handlers\FileHandler' driver.
WARNING - 2023-11-04 22:55:20 --> [DEPRECATED] Creation of dynamic property App\Controllers\Transaction::$playstation is deprecated in APPPATH\Controllers\Transaction.php on line 17.
 1 SYSTEMPATH\CodeIgniter.php(891): App\Controllers\Transaction->__construct()
 2 SYSTEMPATH\CodeIgniter.php(485): CodeIgniter\CodeIgniter->createController()
 3 SYSTEMPATH\CodeIgniter.php(353): CodeIgniter\CodeIgniter->handleRequest(null, Object(Config\Cache), false)
 4 FCPATH\index.php(79): CodeIgniter\CodeIgniter->run()
WARNING - 2023-11-04 22:55:20 --> [DEPRECATED] Creation of dynamic property App\Controllers\Transaction::$transaction is deprecated in APPPATH\Controllers\Transaction.php on line 18.
 1 SYSTEMPATH\CodeIgniter.php(891): App\Controllers\Transaction->__construct()
 2 SYSTEMPATH\CodeIgniter.php(485): CodeIgniter\CodeIgniter->createController()
 3 SYSTEMPATH\CodeIgniter.php(353): CodeIgniter\CodeIgniter->handleRequest(null, Object(Config\Cache), false)
 4 FCPATH\index.php(79): CodeIgniter\CodeIgniter->run()
WARNING - 2023-11-04 22:55:21 --> [DEPRECATED] Creation of dynamic property App\Controllers\Transaction::$playstation is deprecated in APPPATH\Controllers\Transaction.php on line 17.
 1 SYSTEMPATH\CodeIgniter.php(891): App\Controllers\Transaction->__construct()
 2 SYSTEMPATH\CodeIgniter.php(485): CodeIgniter\CodeIgniter->createController()
 3 SYSTEMPATH\CodeIgniter.php(353): CodeIgniter\CodeIgniter->handleRequest(null, Object(Config\Cache), false)
 4 FCPATH\index.php(79): CodeIgniter\CodeIgniter->run()
WARNING - 2023-11-04 22:55:21 --> [DEPRECATED] Creation of dynamic property App\Controllers\Transaction::$transaction is deprecated in APPPATH\Controllers\Transaction.php on line 18.
 1 SYSTEMPATH\CodeIgniter.php(891): App\Controllers\Transaction->__construct()
 2 SYSTEMPATH\CodeIgniter.php(485): CodeIgniter\CodeIgniter->createController()
 3 SYSTEMPATH\CodeIgniter.php(353): CodeIgniter\CodeIgniter->handleRequest(null, Object(Config\Cache), false)
 4 FCPATH\index.php(79): CodeIgniter\CodeIgniter->run()
INFO - 2023-11-04 22:55:21 --> Session: Class initialized using 'CodeIgniter\Session\Handlers\FileHandler' driver.
WARNING - 2023-11-04 22:56:22 --> [DEPRECATED] Creation of dynamic property App\Controllers\Transaction::$playstation is deprecated in APPPATH\Controllers\Transaction.php on line 17.
 1 SYSTEMPATH\CodeIgniter.php(891): App\Controllers\Transaction->__construct()
 2 SYSTEMPATH\CodeIgniter.php(485): CodeIgniter\CodeIgniter->createController()
 3 SYSTEMPATH\CodeIgniter.php(353): CodeIgniter\CodeIgniter->handleRequest(null, Object(Config\Cache), false)
 4 FCPATH\index.php(79): CodeIgniter\CodeIgniter->run()
WARNING - 2023-11-04 22:56:22 --> [DEPRECATED] Creation of dynamic property App\Controllers\Transaction::$transaction is deprecated in APPPATH\Controllers\Transaction.php on line 18.
 1 SYSTEMPATH\CodeIgniter.php(891): App\Controllers\Transaction->__construct()
 2 SYSTEMPATH\CodeIgniter.php(485): CodeIgniter\CodeIgniter->createController()
 3 SYSTEMPATH\CodeIgniter.php(353): CodeIgniter\CodeIgniter->handleRequest(null, Object(Config\Cache), false)
 4 FCPATH\index.php(79): CodeIgniter\CodeIgniter->run()
WARNING - 2023-11-04 22:56:23 --> [DEPRECATED] Creation of dynamic property App\Controllers\Transaction::$playstation is deprecated in APPPATH\Controllers\Transaction.php on line 17.
 1 SYSTEMPATH\CodeIgniter.php(891): App\Controllers\Transaction->__construct()
 2 SYSTEMPATH\CodeIgniter.php(485): CodeIgniter\CodeIgniter->createController()
 3 SYSTEMPATH\CodeIgniter.php(353): CodeIgniter\CodeIgniter->handleRequest(null, Object(Config\Cache), false)
 4 FCPATH\index.php(79): CodeIgniter\CodeIgniter->run()
WARNING - 2023-11-04 22:56:23 --> [DEPRECATED] Creation of dynamic property App\Controllers\Transaction::$transaction is deprecated in APPPATH\Controllers\Transaction.php on line 18.
 1 SYSTEMPATH\CodeIgniter.php(891): App\Controllers\Transaction->__construct()
 2 SYSTEMPATH\CodeIgniter.php(485): CodeIgniter\CodeIgniter->createController()
 3 SYSTEMPATH\CodeIgniter.php(353): CodeIgniter\CodeIgniter->handleRequest(null, Object(Config\Cache), false)
 4 FCPATH\index.php(79): CodeIgniter\CodeIgniter->run()
INFO - 2023-11-04 22:56:23 --> Session: Class initialized using 'CodeIgniter\Session\Handlers\FileHandler' driver.
WARNING - 2023-11-04 23:18:34 --> [DEPRECATED] Creation of dynamic property App\Controllers\Transaction::$playstation is deprecated in APPPATH\Controllers\Transaction.php on line 17.
 1 SYSTEMPATH\CodeIgniter.php(891): App\Controllers\Transaction->__construct()
 2 SYSTEMPATH\CodeIgniter.php(485): CodeIgniter\CodeIgniter->createController()
 3 SYSTEMPATH\CodeIgniter.php(353): CodeIgniter\CodeIgniter->handleRequest(null, Object(Config\Cache), false)
 4 FCPATH\index.php(79): CodeIgniter\CodeIgniter->run()
WARNING - 2023-11-04 23:18:34 --> [DEPRECATED] Creation of dynamic property App\Controllers\Transaction::$transaction is deprecated in APPPATH\Controllers\Transaction.php on line 18.
 1 SYSTEMPATH\CodeIgniter.php(891): App\Controllers\Transaction->__construct()
 2 SYSTEMPATH\CodeIgniter.php(485): CodeIgniter\CodeIgniter->createController()
 3 SYSTEMPATH\CodeIgniter.php(353): CodeIgniter\CodeIgniter->handleRequest(null, Object(Config\Cache), false)
 4 FCPATH\index.php(79): CodeIgniter\CodeIgniter->run()
INFO - 2023-11-04 23:18:34 --> Session: Class initialized using 'CodeIgniter\Session\Handlers\FileHandler' driver.
WARNING - 2023-11-04 23:21:17 --> [DEPRECATED] Creation of dynamic property App\Controllers\Transaction::$playstation is deprecated in APPPATH\Controllers\Transaction.php on line 17.
 1 SYSTEMPATH\CodeIgniter.php(891): App\Controllers\Transaction->__construct()
 2 SYSTEMPATH\CodeIgniter.php(485): CodeIgniter\CodeIgniter->createController()
 3 SYSTEMPATH\CodeIgniter.php(353): CodeIgniter\CodeIgniter->handleRequest(null, Object(Config\Cache), false)
 4 FCPATH\index.php(79): CodeIgniter\CodeIgniter->run()
WARNING - 2023-11-04 23:21:17 --> [DEPRECATED] Creation of dynamic property App\Controllers\Transaction::$transaction is deprecated in APPPATH\Controllers\Transaction.php on line 18.
 1 SYSTEMPATH\CodeIgniter.php(891): App\Controllers\Transaction->__construct()
 2 SYSTEMPATH\CodeIgniter.php(485): CodeIgniter\CodeIgniter->createController()
 3 SYSTEMPATH\CodeIgniter.php(353): CodeIgniter\CodeIgniter->handleRequest(null, Object(Config\Cache), false)
 4 FCPATH\index.php(79): CodeIgniter\CodeIgniter->run()
INFO - 2023-11-04 23:21:17 --> Session: Class initialized using 'CodeIgniter\Session\Handlers\FileHandler' driver.
WARNING - 2023-11-04 23:21:22 --> [DEPRECATED] Creation of dynamic property App\Controllers\Transaction::$playstation is deprecated in APPPATH\Controllers\Transaction.php on line 17.
 1 SYSTEMPATH\CodeIgniter.php(891): App\Controllers\Transaction->__construct()
 2 SYSTEMPATH\CodeIgniter.php(485): CodeIgniter\CodeIgniter->createController()
 3 SYSTEMPATH\CodeIgniter.php(353): CodeIgniter\CodeIgniter->handleRequest(null, Object(Config\Cache), false)
 4 FCPATH\index.php(79): CodeIgniter\CodeIgniter->run()
WARNING - 2023-11-04 23:21:22 --> [DEPRECATED] Creation of dynamic property App\Controllers\Transaction::$transaction is deprecated in APPPATH\Controllers\Transaction.php on line 18.
 1 SYSTEMPATH\CodeIgniter.php(891): App\Controllers\Transaction->__construct()
 2 SYSTEMPATH\CodeIgniter.php(485): CodeIgniter\CodeIgniter->createController()
 3 SYSTEMPATH\CodeIgniter.php(353): CodeIgniter\CodeIgniter->handleRequest(null, Object(Config\Cache), false)
 4 FCPATH\index.php(79): CodeIgniter\CodeIgniter->run()
INFO - 2023-11-04 23:21:22 --> Session: Class initialized using 'CodeIgniter\Session\Handlers\FileHandler' driver.
WARNING - 2023-11-04 23:21:24 --> [DEPRECATED] Creation of dynamic property App\Controllers\Transaction::$playstation is deprecated in APPPATH\Controllers\Transaction.php on line 17.
 1 SYSTEMPATH\CodeIgniter.php(891): App\Controllers\Transaction->__construct()
 2 SYSTEMPATH\CodeIgniter.php(485): CodeIgniter\CodeIgniter->createController()
 3 SYSTEMPATH\CodeIgniter.php(353): CodeIgniter\CodeIgniter->handleRequest(null, Object(Config\Cache), false)
 4 FCPATH\index.php(79): CodeIgniter\CodeIgniter->run()
WARNING - 2023-11-04 23:21:24 --> [DEPRECATED] Creation of dynamic property App\Controllers\Transaction::$transaction is deprecated in APPPATH\Controllers\Transaction.php on line 18.
 1 SYSTEMPATH\CodeIgniter.php(891): App\Controllers\Transaction->__construct()
 2 SYSTEMPATH\CodeIgniter.php(485): CodeIgniter\CodeIgniter->createController()
 3 SYSTEMPATH\CodeIgniter.php(353): CodeIgniter\CodeIgniter->handleRequest(null, Object(Config\Cache), false)
 4 FCPATH\index.php(79): CodeIgniter\CodeIgniter->run()
WARNING - 2023-11-04 23:21:25 --> [DEPRECATED] Creation of dynamic property App\Controllers\Transaction::$playstation is deprecated in APPPATH\Controllers\Transaction.php on line 17.
 1 SYSTEMPATH\CodeIgniter.php(891): App\Controllers\Transaction->__construct()
 2 SYSTEMPATH\CodeIgniter.php(485): CodeIgniter\CodeIgniter->createController()
 3 SYSTEMPATH\CodeIgniter.php(353): CodeIgniter\CodeIgniter->handleRequest(null, Object(Config\Cache), false)
 4 FCPATH\index.php(79): CodeIgniter\CodeIgniter->run()
WARNING - 2023-11-04 23:21:25 --> [DEPRECATED] Creation of dynamic property App\Controllers\Transaction::$transaction is deprecated in APPPATH\Controllers\Transaction.php on line 18.
 1 SYSTEMPATH\CodeIgniter.php(891): App\Controllers\Transaction->__construct()
 2 SYSTEMPATH\CodeIgniter.php(485): CodeIgniter\CodeIgniter->createController()
 3 SYSTEMPATH\CodeIgniter.php(353): CodeIgniter\CodeIgniter->handleRequest(null, Object(Config\Cache), false)
 4 FCPATH\index.php(79): CodeIgniter\CodeIgniter->run()
INFO - 2023-11-04 23:21:25 --> Session: Class initialized using 'CodeIgniter\Session\Handlers\FileHandler' driver.
WARNING - 2023-11-04 23:21:26 --> [DEPRECATED] Creation of dynamic property App\Controllers\Transaction::$playstation is deprecated in APPPATH\Controllers\Transaction.php on line 17.
 1 SYSTEMPATH\CodeIgniter.php(891): App\Controllers\Transaction->__construct()
 2 SYSTEMPATH\CodeIgniter.php(485): CodeIgniter\CodeIgniter->createController()
 3 SYSTEMPATH\CodeIgniter.php(353): CodeIgniter\CodeIgniter->handleRequest(null, Object(Config\Cache), false)
 4 FCPATH\index.php(79): CodeIgniter\CodeIgniter->run()
WARNING - 2023-11-04 23:21:26 --> [DEPRECATED] Creation of dynamic property App\Controllers\Transaction::$transaction is deprecated in APPPATH\Controllers\Transaction.php on line 18.
 1 SYSTEMPATH\CodeIgniter.php(891): App\Controllers\Transaction->__construct()
 2 SYSTEMPATH\CodeIgniter.php(485): CodeIgniter\CodeIgniter->createController()
 3 SYSTEMPATH\CodeIgniter.php(353): CodeIgniter\CodeIgniter->handleRequest(null, Object(Config\Cache), false)
 4 FCPATH\index.php(79): CodeIgniter\CodeIgniter->run()
INFO - 2023-11-04 23:21:26 --> Session: Class initialized using 'CodeIgniter\Session\Handlers\FileHandler' driver.
WARNING - 2023-11-04 23:21:29 --> [DEPRECATED] Creation of dynamic property App\Controllers\Transaction::$playstation is deprecated in APPPATH\Controllers\Transaction.php on line 17.
 1 SYSTEMPATH\CodeIgniter.php(891): App\Controllers\Transaction->__construct()
 2 SYSTEMPATH\CodeIgniter.php(485): CodeIgniter\CodeIgniter->createController()
 3 SYSTEMPATH\CodeIgniter.php(353): CodeIgniter\CodeIgniter->handleRequest(null, Object(Config\Cache), false)
 4 FCPATH\index.php(79): CodeIgniter\CodeIgniter->run()
WARNING - 2023-11-04 23:21:29 --> [DEPRECATED] Creation of dynamic property App\Controllers\Transaction::$transaction is deprecated in APPPATH\Controllers\Transaction.php on line 18.
 1 SYSTEMPATH\CodeIgniter.php(891): App\Controllers\Transaction->__construct()
 2 SYSTEMPATH\CodeIgniter.php(485): CodeIgniter\CodeIgniter->createController()
 3 SYSTEMPATH\CodeIgniter.php(353): CodeIgniter\CodeIgniter->handleRequest(null, Object(Config\Cache), false)
 4 FCPATH\index.php(79): CodeIgniter\CodeIgniter->run()
INFO - 2023-11-04 23:21:29 --> Session: Class initialized using 'CodeIgniter\Session\Handlers\FileHandler' driver.
WARNING - 2023-11-04 23:21:39 --> [DEPRECATED] Creation of dynamic property App\Controllers\Transaction::$playstation is deprecated in APPPATH\Controllers\Transaction.php on line 17.
 1 SYSTEMPATH\CodeIgniter.php(891): App\Controllers\Transaction->__construct()
 2 SYSTEMPATH\CodeIgniter.php(485): CodeIgniter\CodeIgniter->createController()
 3 SYSTEMPATH\CodeIgniter.php(353): CodeIgniter\CodeIgniter->handleRequest(null, Object(Config\Cache), false)
 4 FCPATH\index.php(79): CodeIgniter\CodeIgniter->run()
WARNING - 2023-11-04 23:21:39 --> [DEPRECATED] Creation of dynamic property App\Controllers\Transaction::$transaction is deprecated in APPPATH\Controllers\Transaction.php on line 18.
 1 SYSTEMPATH\CodeIgniter.php(891): App\Controllers\Transaction->__construct()
 2 SYSTEMPATH\CodeIgniter.php(485): CodeIgniter\CodeIgniter->createController()
 3 SYSTEMPATH\CodeIgniter.php(353): CodeIgniter\CodeIgniter->handleRequest(null, Object(Config\Cache), false)
 4 FCPATH\index.php(79): CodeIgniter\CodeIgniter->run()
INFO - 2023-11-04 23:21:39 --> Session: Class initialized using 'CodeIgniter\Session\Handlers\FileHandler' driver.
WARNING - 2023-11-04 23:21:41 --> [DEPRECATED] Creation of dynamic property App\Controllers\Transaction::$playstation is deprecated in APPPATH\Controllers\Transaction.php on line 17.
 1 SYSTEMPATH\CodeIgniter.php(891): App\Controllers\Transaction->__construct()
 2 SYSTEMPATH\CodeIgniter.php(485): CodeIgniter\CodeIgniter->createController()
 3 SYSTEMPATH\CodeIgniter.php(353): CodeIgniter\CodeIgniter->handleRequest(null, Object(Config\Cache), false)
 4 FCPATH\index.php(79): CodeIgniter\CodeIgniter->run()
WARNING - 2023-11-04 23:21:41 --> [DEPRECATED] Creation of dynamic property App\Controllers\Transaction::$transaction is deprecated in APPPATH\Controllers\Transaction.php on line 18.
 1 SYSTEMPATH\CodeIgniter.php(891): App\Controllers\Transaction->__construct()
 2 SYSTEMPATH\CodeIgniter.php(485): CodeIgniter\CodeIgniter->createController()
 3 SYSTEMPATH\CodeIgniter.php(353): CodeIgniter\CodeIgniter->handleRequest(null, Object(Config\Cache), false)
 4 FCPATH\index.php(79): CodeIgniter\CodeIgniter->run()
WARNING - 2023-11-04 23:21:42 --> [DEPRECATED] Creation of dynamic property App\Controllers\Transaction::$playstation is deprecated in APPPATH\Controllers\Transaction.php on line 17.
 1 SYSTEMPATH\CodeIgniter.php(891): App\Controllers\Transaction->__construct()
 2 SYSTEMPATH\CodeIgniter.php(485): CodeIgniter\CodeIgniter->createController()
 3 SYSTEMPATH\CodeIgniter.php(353): CodeIgniter\CodeIgniter->handleRequest(null, Object(Config\Cache), false)
 4 FCPATH\index.php(79): CodeIgniter\CodeIgniter->run()
WARNING - 2023-11-04 23:21:42 --> [DEPRECATED] Creation of dynamic property App\Controllers\Transaction::$transaction is deprecated in APPPATH\Controllers\Transaction.php on line 18.
 1 SYSTEMPATH\CodeIgniter.php(891): App\Controllers\Transaction->__construct()
 2 SYSTEMPATH\CodeIgniter.php(485): CodeIgniter\CodeIgniter->createController()
 3 SYSTEMPATH\CodeIgniter.php(353): CodeIgniter\CodeIgniter->handleRequest(null, Object(Config\Cache), false)
 4 FCPATH\index.php(79): CodeIgniter\CodeIgniter->run()
INFO - 2023-11-04 23:21:42 --> Session: Class initialized using 'CodeIgniter\Session\Handlers\FileHandler' driver.
WARNING - 2023-11-04 23:21:43 --> [DEPRECATED] Creation of dynamic property App\Controllers\Transaction::$playstation is deprecated in APPPATH\Controllers\Transaction.php on line 17.
 1 SYSTEMPATH\CodeIgniter.php(891): App\Controllers\Transaction->__construct()
 2 SYSTEMPATH\CodeIgniter.php(485): CodeIgniter\CodeIgniter->createController()
 3 SYSTEMPATH\CodeIgniter.php(353): CodeIgniter\CodeIgniter->handleRequest(null, Object(Config\Cache), false)
 4 FCPATH\index.php(79): CodeIgniter\CodeIgniter->run()
WARNING - 2023-11-04 23:21:43 --> [DEPRECATED] Creation of dynamic property App\Controllers\Transaction::$transaction is deprecated in APPPATH\Controllers\Transaction.php on line 18.
 1 SYSTEMPATH\CodeIgniter.php(891): App\Controllers\Transaction->__construct()
 2 SYSTEMPATH\CodeIgniter.php(485): CodeIgniter\CodeIgniter->createController()
 3 SYSTEMPATH\CodeIgniter.php(353): CodeIgniter\CodeIgniter->handleRequest(null, Object(Config\Cache), false)
 4 FCPATH\index.php(79): CodeIgniter\CodeIgniter->run()
INFO - 2023-11-04 23:21:43 --> Session: Class initialized using 'CodeIgniter\Session\Handlers\FileHandler' driver.
WARNING - 2023-11-04 23:48:04 --> [DEPRECATED] Creation of dynamic property App\Controllers\Transaction::$playstation is deprecated in APPPATH\Controllers\Transaction.php on line 17.
 1 SYSTEMPATH\CodeIgniter.php(891): App\Controllers\Transaction->__construct()
 2 SYSTEMPATH\CodeIgniter.php(485): CodeIgniter\CodeIgniter->createController()
 3 SYSTEMPATH\CodeIgniter.php(353): CodeIgniter\CodeIgniter->handleRequest(null, Object(Config\Cache), false)
 4 FCPATH\index.php(79): CodeIgniter\CodeIgniter->run()
WARNING - 2023-11-04 23:48:04 --> [DEPRECATED] Creation of dynamic property App\Controllers\Transaction::$transaction is deprecated in APPPATH\Controllers\Transaction.php on line 18.
 1 SYSTEMPATH\CodeIgniter.php(891): App\Controllers\Transaction->__construct()
 2 SYSTEMPATH\CodeIgniter.php(485): CodeIgniter\CodeIgniter->createController()
 3 SYSTEMPATH\CodeIgniter.php(353): CodeIgniter\CodeIgniter->handleRequest(null, Object(Config\Cache), false)
 4 FCPATH\index.php(79): CodeIgniter\CodeIgniter->run()
INFO - 2023-11-04 23:48:04 --> Session: Class initialized using 'CodeIgniter\Session\Handlers\FileHandler' driver.
WARNING - 2023-11-04 23:48:06 --> [DEPRECATED] Creation of dynamic property App\Controllers\Transaction::$playstation is deprecated in APPPATH\Controllers\Transaction.php on line 17.
 1 SYSTEMPATH\CodeIgniter.php(891): App\Controllers\Transaction->__construct()
 2 SYSTEMPATH\CodeIgniter.php(485): CodeIgniter\CodeIgniter->createController()
 3 SYSTEMPATH\CodeIgniter.php(353): CodeIgniter\CodeIgniter->handleRequest(null, Object(Config\Cache), false)
 4 FCPATH\index.php(79): CodeIgniter\CodeIgniter->run()
WARNING - 2023-11-04 23:48:06 --> [DEPRECATED] Creation of dynamic property App\Controllers\Transaction::$transaction is deprecated in APPPATH\Controllers\Transaction.php on line 18.
 1 SYSTEMPATH\CodeIgniter.php(891): App\Controllers\Transaction->__construct()
 2 SYSTEMPATH\CodeIgniter.php(485): CodeIgniter\CodeIgniter->createController()
 3 SYSTEMPATH\CodeIgniter.php(353): CodeIgniter\CodeIgniter->handleRequest(null, Object(Config\Cache), false)
 4 FCPATH\index.php(79): CodeIgniter\CodeIgniter->run()
WARNING - 2023-11-04 23:48:07 --> [DEPRECATED] Creation of dynamic property App\Controllers\Transaction::$playstation is deprecated in APPPATH\Controllers\Transaction.php on line 17.
 1 SYSTEMPATH\CodeIgniter.php(891): App\Controllers\Transaction->__construct()
 2 SYSTEMPATH\CodeIgniter.php(485): CodeIgniter\CodeIgniter->createController()
 3 SYSTEMPATH\CodeIgniter.php(353): CodeIgniter\CodeIgniter->handleRequest(null, Object(Config\Cache), false)
 4 FCPATH\index.php(79): CodeIgniter\CodeIgniter->run()
WARNING - 2023-11-04 23:48:07 --> [DEPRECATED] Creation of dynamic property App\Controllers\Transaction::$transaction is deprecated in APPPATH\Controllers\Transaction.php on line 18.
 1 SYSTEMPATH\CodeIgniter.php(891): App\Controllers\Transaction->__construct()
 2 SYSTEMPATH\CodeIgniter.php(485): CodeIgniter\CodeIgniter->createController()
 3 SYSTEMPATH\CodeIgniter.php(353): CodeIgniter\CodeIgniter->handleRequest(null, Object(Config\Cache), false)
 4 FCPATH\index.php(79): CodeIgniter\CodeIgniter->run()
INFO - 2023-11-04 23:48:07 --> Session: Class initialized using 'CodeIgniter\Session\Handlers\FileHandler' driver.
WARNING - 2023-11-04 23:48:08 --> [DEPRECATED] Creation of dynamic property App\Controllers\Transaction::$playstation is deprecated in APPPATH\Controllers\Transaction.php on line 17.
 1 SYSTEMPATH\CodeIgniter.php(891): App\Controllers\Transaction->__construct()
 2 SYSTEMPATH\CodeIgniter.php(485): CodeIgniter\CodeIgniter->createController()
 3 SYSTEMPATH\CodeIgniter.php(353): CodeIgniter\CodeIgniter->handleRequest(null, Object(Config\Cache), false)
 4 FCPATH\index.php(79): CodeIgniter\CodeIgniter->run()
WARNING - 2023-11-04 23:48:08 --> [DEPRECATED] Creation of dynamic property App\Controllers\Transaction::$transaction is deprecated in APPPATH\Controllers\Transaction.php on line 18.
 1 SYSTEMPATH\CodeIgniter.php(891): App\Controllers\Transaction->__construct()
 2 SYSTEMPATH\CodeIgniter.php(485): CodeIgniter\CodeIgniter->createController()
 3 SYSTEMPATH\CodeIgniter.php(353): CodeIgniter\CodeIgniter->handleRequest(null, Object(Config\Cache), false)
 4 FCPATH\index.php(79): CodeIgniter\CodeIgniter->run()
INFO - 2023-11-04 23:48:08 --> Session: Class initialized using 'CodeIgniter\Session\Handlers\FileHandler' driver.
WARNING - 2023-11-04 23:48:10 --> [DEPRECATED] Creation of dynamic property App\Controllers\Transaction::$playstation is deprecated in APPPATH\Controllers\Transaction.php on line 17.
 1 SYSTEMPATH\CodeIgniter.php(891): App\Controllers\Transaction->__construct()
 2 SYSTEMPATH\CodeIgniter.php(485): CodeIgniter\CodeIgniter->createController()
 3 SYSTEMPATH\CodeIgniter.php(353): CodeIgniter\CodeIgniter->handleRequest(null, Object(Config\Cache), false)
 4 FCPATH\index.php(79): CodeIgniter\CodeIgniter->run()
WARNING - 2023-11-04 23:48:10 --> [DEPRECATED] Creation of dynamic property App\Controllers\Transaction::$transaction is deprecated in APPPATH\Controllers\Transaction.php on line 18.
 1 SYSTEMPATH\CodeIgniter.php(891): App\Controllers\Transaction->__construct()
 2 SYSTEMPATH\CodeIgniter.php(485): CodeIgniter\CodeIgniter->createController()
 3 SYSTEMPATH\CodeIgniter.php(353): CodeIgniter\CodeIgniter->handleRequest(null, Object(Config\Cache), false)
 4 FCPATH\index.php(79): CodeIgniter\CodeIgniter->run()
INFO - 2023-11-04 23:48:10 --> Session: Class initialized using 'CodeIgniter\Session\Handlers\FileHandler' driver.
WARNING - 2023-11-04 23:48:23 --> [DEPRECATED] Creation of dynamic property App\Controllers\Transaction::$playstation is deprecated in APPPATH\Controllers\Transaction.php on line 17.
 1 SYSTEMPATH\CodeIgniter.php(891): App\Controllers\Transaction->__construct()
 2 SYSTEMPATH\CodeIgniter.php(485): CodeIgniter\CodeIgniter->createController()
 3 SYSTEMPATH\CodeIgniter.php(353): CodeIgniter\CodeIgniter->handleRequest(null, Object(Config\Cache), false)
 4 FCPATH\index.php(79): CodeIgniter\CodeIgniter->run()
WARNING - 2023-11-04 23:48:23 --> [DEPRECATED] Creation of dynamic property App\Controllers\Transaction::$transaction is deprecated in APPPATH\Controllers\Transaction.php on line 18.
 1 SYSTEMPATH\CodeIgniter.php(891): App\Controllers\Transaction->__construct()
 2 SYSTEMPATH\CodeIgniter.php(485): CodeIgniter\CodeIgniter->createController()
 3 SYSTEMPATH\CodeIgniter.php(353): CodeIgniter\CodeIgniter->handleRequest(null, Object(Config\Cache), false)
 4 FCPATH\index.php(79): CodeIgniter\CodeIgniter->run()
INFO - 2023-11-04 23:48:23 --> Session: Class initialized using 'CodeIgniter\Session\Handlers\FileHandler' driver.
WARNING - 2023-11-04 23:48:49 --> [DEPRECATED] Creation of dynamic property App\Controllers\Transaction::$playstation is deprecated in APPPATH\Controllers\Transaction.php on line 17.
 1 SYSTEMPATH\CodeIgniter.php(891): App\Controllers\Transaction->__construct()
 2 SYSTEMPATH\CodeIgniter.php(485): CodeIgniter\CodeIgniter->createController()
 3 SYSTEMPATH\CodeIgniter.php(353): CodeIgniter\CodeIgniter->handleRequest(null, Object(Config\Cache), false)
 4 FCPATH\index.php(79): CodeIgniter\CodeIgniter->run()
WARNING - 2023-11-04 23:48:49 --> [DEPRECATED] Creation of dynamic property App\Controllers\Transaction::$transaction is deprecated in APPPATH\Controllers\Transaction.php on line 18.
 1 SYSTEMPATH\CodeIgniter.php(891): App\Controllers\Transaction->__construct()
 2 SYSTEMPATH\CodeIgniter.php(485): CodeIgniter\CodeIgniter->createController()
 3 SYSTEMPATH\CodeIgniter.php(353): CodeIgniter\CodeIgniter->handleRequest(null, Object(Config\Cache), false)
 4 FCPATH\index.php(79): CodeIgniter\CodeIgniter->run()
INFO - 2023-11-04 23:48:49 --> Session: Class initialized using 'CodeIgniter\Session\Handlers\FileHandler' driver.
WARNING - 2023-11-04 23:48:51 --> [DEPRECATED] Creation of dynamic property App\Controllers\Transaction::$playstation is deprecated in APPPATH\Controllers\Transaction.php on line 17.
 1 SYSTEMPATH\CodeIgniter.php(891): App\Controllers\Transaction->__construct()
 2 SYSTEMPATH\CodeIgniter.php(485): CodeIgniter\CodeIgniter->createController()
 3 SYSTEMPATH\CodeIgniter.php(353): CodeIgniter\CodeIgniter->handleRequest(null, Object(Config\Cache), false)
 4 FCPATH\index.php(79): CodeIgniter\CodeIgniter->run()
WARNING - 2023-11-04 23:48:51 --> [DEPRECATED] Creation of dynamic property App\Controllers\Transaction::$transaction is deprecated in APPPATH\Controllers\Transaction.php on line 18.
 1 SYSTEMPATH\CodeIgniter.php(891): App\Controllers\Transaction->__construct()
 2 SYSTEMPATH\CodeIgniter.php(485): CodeIgniter\CodeIgniter->createController()
 3 SYSTEMPATH\CodeIgniter.php(353): CodeIgniter\CodeIgniter->handleRequest(null, Object(Config\Cache), false)
 4 FCPATH\index.php(79): CodeIgniter\CodeIgniter->run()
INFO - 2023-11-04 23:48:51 --> Session: Class initialized using 'CodeIgniter\Session\Handlers\FileHandler' driver.
WARNING - 2023-11-04 23:48:53 --> [DEPRECATED] Creation of dynamic property App\Controllers\Transaction::$playstation is deprecated in APPPATH\Controllers\Transaction.php on line 17.
 1 SYSTEMPATH\CodeIgniter.php(891): App\Controllers\Transaction->__construct()
 2 SYSTEMPATH\CodeIgniter.php(485): CodeIgniter\CodeIgniter->createController()
 3 SYSTEMPATH\CodeIgniter.php(353): CodeIgniter\CodeIgniter->handleRequest(null, Object(Config\Cache), false)
 4 FCPATH\index.php(79): CodeIgniter\CodeIgniter->run()
WARNING - 2023-11-04 23:48:53 --> [DEPRECATED] Creation of dynamic property App\Controllers\Transaction::$transaction is deprecated in APPPATH\Controllers\Transaction.php on line 18.
 1 SYSTEMPATH\CodeIgniter.php(891): App\Controllers\Transaction->__construct()
 2 SYSTEMPATH\CodeIgniter.php(485): CodeIgniter\CodeIgniter->createController()
 3 SYSTEMPATH\CodeIgniter.php(353): CodeIgniter\CodeIgniter->handleRequest(null, Object(Config\Cache), false)
 4 FCPATH\index.php(79): CodeIgniter\CodeIgniter->run()
INFO - 2023-11-04 23:48:53 --> Session: Class initialized using 'CodeIgniter\Session\Handlers\FileHandler' driver.
WARNING - 2023-11-04 23:48:55 --> [DEPRECATED] Creation of dynamic property App\Controllers\Transaction::$playstation is deprecated in APPPATH\Controllers\Transaction.php on line 17.
 1 SYSTEMPATH\CodeIgniter.php(891): App\Controllers\Transaction->__construct()
 2 SYSTEMPATH\CodeIgniter.php(485): CodeIgniter\CodeIgniter->createController()
 3 SYSTEMPATH\CodeIgniter.php(353): CodeIgniter\CodeIgniter->handleRequest(null, Object(Config\Cache), false)
 4 FCPATH\index.php(79): CodeIgniter\CodeIgniter->run()
WARNING - 2023-11-04 23:48:55 --> [DEPRECATED] Creation of dynamic property App\Controllers\Transaction::$transaction is deprecated in APPPATH\Controllers\Transaction.php on line 18.
 1 SYSTEMPATH\CodeIgniter.php(891): App\Controllers\Transaction->__construct()
 2 SYSTEMPATH\CodeIgniter.php(485): CodeIgniter\CodeIgniter->createController()
 3 SYSTEMPATH\CodeIgniter.php(353): CodeIgniter\CodeIgniter->handleRequest(null, Object(Config\Cache), false)
 4 FCPATH\index.php(79): CodeIgniter\CodeIgniter->run()
WARNING - 2023-11-04 23:48:56 --> [DEPRECATED] Creation of dynamic property App\Controllers\Transaction::$playstation is deprecated in APPPATH\Controllers\Transaction.php on line 17.
 1 SYSTEMPATH\CodeIgniter.php(891): App\Controllers\Transaction->__construct()
 2 SYSTEMPATH\CodeIgniter.php(485): CodeIgniter\CodeIgniter->createController()
 3 SYSTEMPATH\CodeIgniter.php(353): CodeIgniter\CodeIgniter->handleRequest(null, Object(Config\Cache), false)
 4 FCPATH\index.php(79): CodeIgniter\CodeIgniter->run()
WARNING - 2023-11-04 23:48:56 --> [DEPRECATED] Creation of dynamic property App\Controllers\Transaction::$transaction is deprecated in APPPATH\Controllers\Transaction.php on line 18.
 1 SYSTEMPATH\CodeIgniter.php(891): App\Controllers\Transaction->__construct()
 2 SYSTEMPATH\CodeIgniter.php(485): CodeIgniter\CodeIgniter->createController()
 3 SYSTEMPATH\CodeIgniter.php(353): CodeIgniter\CodeIgniter->handleRequest(null, Object(Config\Cache), false)
 4 FCPATH\index.php(79): CodeIgniter\CodeIgniter->run()
INFO - 2023-11-04 23:48:56 --> Session: Class initialized using 'CodeIgniter\Session\Handlers\FileHandler' driver.
WARNING - 2023-11-04 23:48:56 --> [DEPRECATED] Creation of dynamic property App\Controllers\Transaction::$playstation is deprecated in APPPATH\Controllers\Transaction.php on line 17.
 1 SYSTEMPATH\CodeIgniter.php(891): App\Controllers\Transaction->__construct()
 2 SYSTEMPATH\CodeIgniter.php(485): CodeIgniter\CodeIgniter->createController()
 3 SYSTEMPATH\CodeIgniter.php(353): CodeIgniter\CodeIgniter->handleRequest(null, Object(Config\Cache), false)
 4 FCPATH\index.php(79): CodeIgniter\CodeIgniter->run()
WARNING - 2023-11-04 23:48:56 --> [DEPRECATED] Creation of dynamic property App\Controllers\Transaction::$transaction is deprecated in APPPATH\Controllers\Transaction.php on line 18.
 1 SYSTEMPATH\CodeIgniter.php(891): App\Controllers\Transaction->__construct()
 2 SYSTEMPATH\CodeIgniter.php(485): CodeIgniter\CodeIgniter->createController()
 3 SYSTEMPATH\CodeIgniter.php(353): CodeIgniter\CodeIgniter->handleRequest(null, Object(Config\Cache), false)
 4 FCPATH\index.php(79): CodeIgniter\CodeIgniter->run()
INFO - 2023-11-04 23:48:56 --> Session: Class initialized using 'CodeIgniter\Session\Handlers\FileHandler' driver.
WARNING - 2023-11-04 23:51:11 --> [DEPRECATED] Creation of dynamic property App\Controllers\Transaction::$playstation is deprecated in APPPATH\Controllers\Transaction.php on line 17.
 1 SYSTEMPATH\CodeIgniter.php(891): App\Controllers\Transaction->__construct()
 2 SYSTEMPATH\CodeIgniter.php(485): CodeIgniter\CodeIgniter->createController()
 3 SYSTEMPATH\CodeIgniter.php(353): CodeIgniter\CodeIgniter->handleRequest(null, Object(Config\Cache), false)
 4 FCPATH\index.php(79): CodeIgniter\CodeIgniter->run()
WARNING - 2023-11-04 23:51:11 --> [DEPRECATED] Creation of dynamic property App\Controllers\Transaction::$transaction is deprecated in APPPATH\Controllers\Transaction.php on line 18.
 1 SYSTEMPATH\CodeIgniter.php(891): App\Controllers\Transaction->__construct()
 2 SYSTEMPATH\CodeIgniter.php(485): CodeIgniter\CodeIgniter->createController()
 3 SYSTEMPATH\CodeIgniter.php(353): CodeIgniter\CodeIgniter->handleRequest(null, Object(Config\Cache), false)
 4 FCPATH\index.php(79): CodeIgniter\CodeIgniter->run()
INFO - 2023-11-04 23:51:11 --> Session: Class initialized using 'CodeIgniter\Session\Handlers\FileHandler' driver.
WARNING - 2023-11-04 23:53:19 --> [DEPRECATED] Creation of dynamic property App\Controllers\Transaction::$playstation is deprecated in APPPATH\Controllers\Transaction.php on line 17.
 1 SYSTEMPATH\CodeIgniter.php(891): App\Controllers\Transaction->__construct()
 2 SYSTEMPATH\CodeIgniter.php(485): CodeIgniter\CodeIgniter->createController()
 3 SYSTEMPATH\CodeIgniter.php(353): CodeIgniter\CodeIgniter->handleRequest(null, Object(Config\Cache), false)
 4 FCPATH\index.php(79): CodeIgniter\CodeIgniter->run()
WARNING - 2023-11-04 23:53:19 --> [DEPRECATED] Creation of dynamic property App\Controllers\Transaction::$transaction is deprecated in APPPATH\Controllers\Transaction.php on line 18.
 1 SYSTEMPATH\CodeIgniter.php(891): App\Controllers\Transaction->__construct()
 2 SYSTEMPATH\CodeIgniter.php(485): CodeIgniter\CodeIgniter->createController()
 3 SYSTEMPATH\CodeIgniter.php(353): CodeIgniter\CodeIgniter->handleRequest(null, Object(Config\Cache), false)
 4 FCPATH\index.php(79): CodeIgniter\CodeIgniter->run()
INFO - 2023-11-04 23:53:19 --> Session: Class initialized using 'CodeIgniter\Session\Handlers\FileHandler' driver.
WARNING - 2023-11-04 23:53:41 --> [DEPRECATED] Creation of dynamic property App\Controllers\Transaction::$playstation is deprecated in APPPATH\Controllers\Transaction.php on line 17.
 1 SYSTEMPATH\CodeIgniter.php(891): App\Controllers\Transaction->__construct()
 2 SYSTEMPATH\CodeIgniter.php(485): CodeIgniter\CodeIgniter->createController()
 3 SYSTEMPATH\CodeIgniter.php(353): CodeIgniter\CodeIgniter->handleRequest(null, Object(Config\Cache), false)
 4 FCPATH\index.php(79): CodeIgniter\CodeIgniter->run()
WARNING - 2023-11-04 23:53:41 --> [DEPRECATED] Creation of dynamic property App\Controllers\Transaction::$transaction is deprecated in APPPATH\Controllers\Transaction.php on line 18.
 1 SYSTEMPATH\CodeIgniter.php(891): App\Controllers\Transaction->__construct()
 2 SYSTEMPATH\CodeIgniter.php(485): CodeIgniter\CodeIgniter->createController()
 3 SYSTEMPATH\CodeIgniter.php(353): CodeIgniter\CodeIgniter->handleRequest(null, Object(Config\Cache), false)
 4 FCPATH\index.php(79): CodeIgniter\CodeIgniter->run()
INFO - 2023-11-04 23:53:41 --> Session: Class initialized using 'CodeIgniter\Session\Handlers\FileHandler' driver.
WARNING - 2023-11-04 23:54:10 --> [DEPRECATED] Creation of dynamic property App\Controllers\Transaction::$playstation is deprecated in APPPATH\Controllers\Transaction.php on line 17.
 1 SYSTEMPATH\CodeIgniter.php(891): App\Controllers\Transaction->__construct()
 2 SYSTEMPATH\CodeIgniter.php(485): CodeIgniter\CodeIgniter->createController()
 3 SYSTEMPATH\CodeIgniter.php(353): CodeIgniter\CodeIgniter->handleRequest(null, Object(Config\Cache), false)
 4 FCPATH\index.php(79): CodeIgniter\CodeIgniter->run()
WARNING - 2023-11-04 23:54:10 --> [DEPRECATED] Creation of dynamic property App\Controllers\Transaction::$transaction is deprecated in APPPATH\Controllers\Transaction.php on line 18.
 1 SYSTEMPATH\CodeIgniter.php(891): App\Controllers\Transaction->__construct()
 2 SYSTEMPATH\CodeIgniter.php(485): CodeIgniter\CodeIgniter->createController()
 3 SYSTEMPATH\CodeIgniter.php(353): CodeIgniter\CodeIgniter->handleRequest(null, Object(Config\Cache), false)
 4 FCPATH\index.php(79): CodeIgniter\CodeIgniter->run()
INFO - 2023-11-04 23:54:10 --> Session: Class initialized using 'CodeIgniter\Session\Handlers\FileHandler' driver.
WARNING - 2023-11-04 23:54:39 --> [DEPRECATED] Creation of dynamic property App\Controllers\Transaction::$playstation is deprecated in APPPATH\Controllers\Transaction.php on line 17.
 1 SYSTEMPATH\CodeIgniter.php(891): App\Controllers\Transaction->__construct()
 2 SYSTEMPATH\CodeIgniter.php(485): CodeIgniter\CodeIgniter->createController()
 3 SYSTEMPATH\CodeIgniter.php(353): CodeIgniter\CodeIgniter->handleRequest(null, Object(Config\Cache), false)
 4 FCPATH\index.php(79): CodeIgniter\CodeIgniter->run()
WARNING - 2023-11-04 23:54:39 --> [DEPRECATED] Creation of dynamic property App\Controllers\Transaction::$transaction is deprecated in APPPATH\Controllers\Transaction.php on line 18.
 1 SYSTEMPATH\CodeIgniter.php(891): App\Controllers\Transaction->__construct()
 2 SYSTEMPATH\CodeIgniter.php(485): CodeIgniter\CodeIgniter->createController()
 3 SYSTEMPATH\CodeIgniter.php(353): CodeIgniter\CodeIgniter->handleRequest(null, Object(Config\Cache), false)
 4 FCPATH\index.php(79): CodeIgniter\CodeIgniter->run()
INFO - 2023-11-04 23:54:39 --> Session: Class initialized using 'CodeIgniter\Session\Handlers\FileHandler' driver.
WARNING - 2023-11-04 23:55:15 --> [DEPRECATED] Creation of dynamic property App\Controllers\Transaction::$playstation is deprecated in APPPATH\Controllers\Transaction.php on line 17.
 1 SYSTEMPATH\CodeIgniter.php(891): App\Controllers\Transaction->__construct()
 2 SYSTEMPATH\CodeIgniter.php(485): CodeIgniter\CodeIgniter->createController()
 3 SYSTEMPATH\CodeIgniter.php(353): CodeIgniter\CodeIgniter->handleRequest(null, Object(Config\Cache), false)
 4 FCPATH\index.php(79): CodeIgniter\CodeIgniter->run()
WARNING - 2023-11-04 23:55:15 --> [DEPRECATED] Creation of dynamic property App\Controllers\Transaction::$transaction is deprecated in APPPATH\Controllers\Transaction.php on line 18.
 1 SYSTEMPATH\CodeIgniter.php(891): App\Controllers\Transaction->__construct()
 2 SYSTEMPATH\CodeIgniter.php(485): CodeIgniter\CodeIgniter->createController()
 3 SYSTEMPATH\CodeIgniter.php(353): CodeIgniter\CodeIgniter->handleRequest(null, Object(Config\Cache), false)
 4 FCPATH\index.php(79): CodeIgniter\CodeIgniter->run()
WARNING - 2023-11-04 23:55:16 --> [DEPRECATED] Creation of dynamic property App\Controllers\Transaction::$playstation is deprecated in APPPATH\Controllers\Transaction.php on line 17.
 1 SYSTEMPATH\CodeIgniter.php(891): App\Controllers\Transaction->__construct()
 2 SYSTEMPATH\CodeIgniter.php(485): CodeIgniter\CodeIgniter->createController()
 3 SYSTEMPATH\CodeIgniter.php(353): CodeIgniter\CodeIgniter->handleRequest(null, Object(Config\Cache), false)
 4 FCPATH\index.php(79): CodeIgniter\CodeIgniter->run()
WARNING - 2023-11-04 23:55:16 --> [DEPRECATED] Creation of dynamic property App\Controllers\Transaction::$transaction is deprecated in APPPATH\Controllers\Transaction.php on line 18.
 1 SYSTEMPATH\CodeIgniter.php(891): App\Controllers\Transaction->__construct()
 2 SYSTEMPATH\CodeIgniter.php(485): CodeIgniter\CodeIgniter->createController()
 3 SYSTEMPATH\CodeIgniter.php(353): CodeIgniter\CodeIgniter->handleRequest(null, Object(Config\Cache), false)
 4 FCPATH\index.php(79): CodeIgniter\CodeIgniter->run()
WARNING - 2023-11-04 23:55:17 --> [DEPRECATED] Creation of dynamic property App\Controllers\Transaction::$playstation is deprecated in APPPATH\Controllers\Transaction.php on line 17.
 1 SYSTEMPATH\CodeIgniter.php(891): App\Controllers\Transaction->__construct()
 2 SYSTEMPATH\CodeIgniter.php(485): CodeIgniter\CodeIgniter->createController()
 3 SYSTEMPATH\CodeIgniter.php(353): CodeIgniter\CodeIgniter->handleRequest(null, Object(Config\Cache), false)
 4 FCPATH\index.php(79): CodeIgniter\CodeIgniter->run()
WARNING - 2023-11-04 23:55:17 --> [DEPRECATED] Creation of dynamic property App\Controllers\Transaction::$transaction is deprecated in APPPATH\Controllers\Transaction.php on line 18.
 1 SYSTEMPATH\CodeIgniter.php(891): App\Controllers\Transaction->__construct()
 2 SYSTEMPATH\CodeIgniter.php(485): CodeIgniter\CodeIgniter->createController()
 3 SYSTEMPATH\CodeIgniter.php(353): CodeIgniter\CodeIgniter->handleRequest(null, Object(Config\Cache), false)
 4 FCPATH\index.php(79): CodeIgniter\CodeIgniter->run()
INFO - 2023-11-04 23:55:17 --> Session: Class initialized using 'CodeIgniter\Session\Handlers\FileHandler' driver.
WARNING - 2023-11-04 23:55:18 --> [DEPRECATED] Creation of dynamic property App\Controllers\Transaction::$playstation is deprecated in APPPATH\Controllers\Transaction.php on line 17.
 1 SYSTEMPATH\CodeIgniter.php(891): App\Controllers\Transaction->__construct()
 2 SYSTEMPATH\CodeIgniter.php(485): CodeIgniter\CodeIgniter->createController()
 3 SYSTEMPATH\CodeIgniter.php(353): CodeIgniter\CodeIgniter->handleRequest(null, Object(Config\Cache), false)
 4 FCPATH\index.php(79): CodeIgniter\CodeIgniter->run()
WARNING - 2023-11-04 23:55:18 --> [DEPRECATED] Creation of dynamic property App\Controllers\Transaction::$transaction is deprecated in APPPATH\Controllers\Transaction.php on line 18.
 1 SYSTEMPATH\CodeIgniter.php(891): App\Controllers\Transaction->__construct()
 2 SYSTEMPATH\CodeIgniter.php(485): CodeIgniter\CodeIgniter->createController()
 3 SYSTEMPATH\CodeIgniter.php(353): CodeIgniter\CodeIgniter->handleRequest(null, Object(Config\Cache), false)
 4 FCPATH\index.php(79): CodeIgniter\CodeIgniter->run()
INFO - 2023-11-04 23:55:18 --> Session: Class initialized using 'CodeIgniter\Session\Handlers\FileHandler' driver.
WARNING - 2023-11-04 23:55:56 --> [DEPRECATED] Creation of dynamic property App\Controllers\Transaction::$playstation is deprecated in APPPATH\Controllers\Transaction.php on line 17.
 1 SYSTEMPATH\CodeIgniter.php(891): App\Controllers\Transaction->__construct()
 2 SYSTEMPATH\CodeIgniter.php(485): CodeIgniter\CodeIgniter->createController()
 3 SYSTEMPATH\CodeIgniter.php(353): CodeIgniter\CodeIgniter->handleRequest(null, Object(Config\Cache), false)
 4 FCPATH\index.php(79): CodeIgniter\CodeIgniter->run()
WARNING - 2023-11-04 23:55:56 --> [DEPRECATED] Creation of dynamic property App\Controllers\Transaction::$transaction is deprecated in APPPATH\Controllers\Transaction.php on line 18.
 1 SYSTEMPATH\CodeIgniter.php(891): App\Controllers\Transaction->__construct()
 2 SYSTEMPATH\CodeIgniter.php(485): CodeIgniter\CodeIgniter->createController()
 3 SYSTEMPATH\CodeIgniter.php(353): CodeIgniter\CodeIgniter->handleRequest(null, Object(Config\Cache), false)
 4 FCPATH\index.php(79): CodeIgniter\CodeIgniter->run()
INFO - 2023-11-04 23:55:56 --> Session: Class initialized using 'CodeIgniter\Session\Handlers\FileHandler' driver.
WARNING - 2023-11-04 23:56:09 --> [DEPRECATED] Creation of dynamic property App\Controllers\Transaction::$playstation is deprecated in APPPATH\Controllers\Transaction.php on line 17.
 1 SYSTEMPATH\CodeIgniter.php(891): App\Controllers\Transaction->__construct()
 2 SYSTEMPATH\CodeIgniter.php(485): CodeIgniter\CodeIgniter->createController()
 3 SYSTEMPATH\CodeIgniter.php(353): CodeIgniter\CodeIgniter->handleRequest(null, Object(Config\Cache), false)
 4 FCPATH\index.php(79): CodeIgniter\CodeIgniter->run()
WARNING - 2023-11-04 23:56:09 --> [DEPRECATED] Creation of dynamic property App\Controllers\Transaction::$transaction is deprecated in APPPATH\Controllers\Transaction.php on line 18.
 1 SYSTEMPATH\CodeIgniter.php(891): App\Controllers\Transaction->__construct()
 2 SYSTEMPATH\CodeIgniter.php(485): CodeIgniter\CodeIgniter->createController()
 3 SYSTEMPATH\CodeIgniter.php(353): CodeIgniter\CodeIgniter->handleRequest(null, Object(Config\Cache), false)
 4 FCPATH\index.php(79): CodeIgniter\CodeIgniter->run()
INFO - 2023-11-04 23:56:10 --> Session: Class initialized using 'CodeIgniter\Session\Handlers\FileHandler' driver.
