WARNING - 2024-01-27 09:01:09 --> [DEPRECATED] Creation of dynamic property App\Controllers\HomeUser::$playstation is deprecated in APPPATH\Controllers\HomeUser.php on line 21.
 1 SYSTEMPATH\CodeIgniter.php(891): App\Controllers\HomeUser->__construct()
 2 SYSTEMPATH\CodeIgniter.php(485): CodeIgniter\CodeIgniter->createController()
 3 SYSTEMPATH\CodeIgniter.php(353): CodeIgniter\CodeIgniter->handleRequest(null, Object(Config\Cache), false)
 4 FCPATH\index.php(79): CodeIgniter\CodeIgniter->run()
WARNING - 2024-01-27 09:01:09 --> [DEPRECATED] Creation of dynamic property App\Controllers\HomeUser::$transaction is deprecated in APPPATH\Controllers\HomeUser.php on line 22.
 1 SYSTEMPATH\CodeIgniter.php(891): App\Controllers\HomeUser->__construct()
 2 SYSTEMPATH\CodeIgniter.php(485): CodeIgniter\CodeIgniter->createController()
 3 SYSTEMPATH\CodeIgniter.php(353): CodeIgniter\CodeIgniter->handleRequest(null, Object(Config\Cache), false)
 4 FCPATH\index.php(79): CodeIgniter\CodeIgniter->run()
WARNING - 2024-01-27 09:01:09 --> [DEPRECATED] Creation of dynamic property App\Controllers\HomeUser::$history is deprecated in APPPATH\Controllers\HomeUser.php on line 23.
 1 SYSTEMPATH\CodeIgniter.php(891): App\Controllers\HomeUser->__construct()
 2 SYSTEMPATH\CodeIgniter.php(485): CodeIgniter\CodeIgniter->createController()
 3 SYSTEMPATH\CodeIgniter.php(353): CodeIgniter\CodeIgniter->handleRequest(null, Object(Config\Cache), false)
 4 FCPATH\index.php(79): CodeIgniter\CodeIgniter->run()
WARNING - 2024-01-27 09:01:09 --> [DEPRECATED] Creation of dynamic property App\Controllers\HomeUser::$guest is deprecated in APPPATH\Controllers\HomeUser.php on line 24.
 1 SYSTEMPATH\CodeIgniter.php(891): App\Controllers\HomeUser->__construct()
 2 SYSTEMPATH\CodeIgniter.php(485): CodeIgniter\CodeIgniter->createController()
 3 SYSTEMPATH\CodeIgniter.php(353): CodeIgniter\CodeIgniter->handleRequest(null, Object(Config\Cache), false)
 4 FCPATH\index.php(79): CodeIgniter\CodeIgniter->run()
WARNING - 2024-01-27 09:01:09 --> [DEPRECATED] Creation of dynamic property App\Controllers\HomeUser::$temp is deprecated in APPPATH\Controllers\HomeUser.php on line 25.
 1 SYSTEMPATH\CodeIgniter.php(891): App\Controllers\HomeUser->__construct()
 2 SYSTEMPATH\CodeIgniter.php(485): CodeIgniter\CodeIgniter->createController()
 3 SYSTEMPATH\CodeIgniter.php(353): CodeIgniter\CodeIgniter->handleRequest(null, Object(Config\Cache), false)
 4 FCPATH\index.php(79): CodeIgniter\CodeIgniter->run()
WARNING - 2024-01-27 09:01:09 --> [DEPRECATED] Creation of dynamic property App\Controllers\HomeUser::$bank is deprecated in APPPATH\Controllers\HomeUser.php on line 26.
 1 SYSTEMPATH\CodeIgniter.php(891): App\Controllers\HomeUser->__construct()
 2 SYSTEMPATH\CodeIgniter.php(485): CodeIgniter\CodeIgniter->createController()
 3 SYSTEMPATH\CodeIgniter.php(353): CodeIgniter\CodeIgniter->handleRequest(null, Object(Config\Cache), false)
 4 FCPATH\index.php(79): CodeIgniter\CodeIgniter->run()
INFO - 2024-01-27 09:01:09 --> Session: Class initialized using 'CodeIgniter\Session\Handlers\FileHandler' driver.
